[0.024s] Invoking command in '/home/dan/MA/CJ/build/rm_serial_driver': CMAKE_PREFIX_PATH=/home/dan/MA/CJ/install/auto_aim_interfaces:/home/dan/MA/CJ/install/rm_vision_bringup:/home/dan/MA/CJ/install/rm_serial_driver:/home/dan/MA/CJ/install/armor_tracker:/home/dan/MA/CJ/install/armor_detector:/home/dan/Downloads/livox_driver2/install/livox_ros_driver2:/opt/ros/humble LD_LIBRARY_PATH=/home/dan/MA/CJ/install/auto_aim_interfaces/lib:/home/dan/MA/CJ/install/rm_serial_driver/lib:/home/dan/MA/CJ/install/armor_tracker/lib:/home/dan/MA/CJ/install/armor_detector/lib:/home/dan/Downloads/livox_driver2/install/livox_ros_driver2/lib:/usr/lib/x86_64-linux-gnu/gazebo-11/plugins:/opt/ros/humble/opt/rviz_ogre_vendor/lib:/opt/ros/humble/lib/x86_64-linux-gnu:/opt/ros/humble/lib /usr/bin/cmake /home/dan/MA/CJ/src/rm_serial_driver -DCMAKE_INSTALL_PREFIX=/home/dan/MA/CJ/install/rm_serial_driver
[0.127s] -- The C compiler identification is GNU 11.4.0
[0.261s] -- The CXX compiler identification is GNU 11.4.0
[0.268s] -- Detecting C compiler ABI info
[0.334s] -- Detecting C compiler ABI info - done
[0.343s] -- Check for working C compiler: /usr/bin/cc - skipped
[0.344s] -- Detecting C compile features
[0.344s] -- Detecting C compile features - done
[0.348s] -- Detecting CXX compiler ABI info
[0.426s] -- Detecting CXX compiler ABI info - done
[0.435s] -- Check for working CXX compiler: /usr/bin/c++ - skipped
[0.435s] -- Detecting CXX compile features
[0.435s] -- Detecting CXX compile features - done
[0.437s] -- Found ament_cmake_auto: 1.3.5 (/opt/ros/humble/share/ament_cmake_auto/cmake)
[0.680s] -- Found Python3: /usr/bin/python3.10 (found version "3.10.12") found components: Interpreter 
[0.882s] -- Found rosidl_generator_c: 3.1.4 (/opt/ros/humble/share/rosidl_generator_c/cmake)
[0.887s] -- Found rosidl_adapter: 3.1.4 (/opt/ros/humble/share/rosidl_adapter/cmake)
[0.894s] -- Found rosidl_generator_cpp: 3.1.4 (/opt/ros/humble/share/rosidl_generator_cpp/cmake)
[0.906s] -- Using all available rosidl_typesupport_c: rosidl_typesupport_fastrtps_c;rosidl_typesupport_introspection_c
[0.922s] -- Using all available rosidl_typesupport_cpp: rosidl_typesupport_fastrtps_cpp;rosidl_typesupport_introspection_cpp
[1.005s] -- Found rmw_implementation_cmake: 6.1.1 (/opt/ros/humble/share/rmw_implementation_cmake/cmake)
[1.007s] -- Found rmw_fastrtps_cpp: 6.2.2 (/opt/ros/humble/share/rmw_fastrtps_cpp/cmake)
[1.109s] -- Found OpenSSL: /usr/lib/x86_64-linux-gnu/libcrypto.so (found version "3.0.2")  
[1.156s] -- Found FastRTPS: /opt/ros/humble/include  
[1.197s] -- Using RMW implementation 'rmw_fastrtps_cpp' as default
[1.205s] -- Looking for pthread.h
[1.291s] -- Looking for pthread.h - found
[1.291s] -- Performing Test CMAKE_HAVE_LIBC_PTHREAD
[1.379s] -- Performing Test CMAKE_HAVE_LIBC_PTHREAD - Success
[1.380s] -- Found Threads: TRUE  
[2.015s] -- Found eigen3_cmake_module: 0.1.1 (/opt/ros/humble/share/eigen3_cmake_module/cmake)
[2.016s] -- Found Eigen3: TRUE (found version "3.4.0") 
[2.016s] -- Ensuring Eigen3 include directory is part of orocos-kdl CMake target
[2.376s] -- Found ament_lint_auto: 0.12.6 (/opt/ros/humble/share/ament_lint_auto/cmake)
[2.400s] -- Added test 'cppcheck' to perform static code analysis on C / C++ code
[2.401s] -- Configured cppcheck include dirs: /home/dan/MA/CJ/src/rm_serial_driver/include
[2.401s] -- Configured cppcheck exclude dirs and/or files: 
[2.402s] -- Added test 'cpplint' to check C / C++ code against the Google style
[2.403s] -- Configured cpplint exclude dirs and/or files: 
[2.403s] -- Added test 'flake8' to check Python code syntax and style conventions
[2.405s] -- Added test 'lint_cmake' to check CMake code style
[2.405s] -- Added test 'pep257' to check Python code against some of the docstring style conventions in PEP 257
[2.406s] -- Added test 'xmllint' to check XML markup files
[2.408s] -- Added test 'clang_format' to check C / C++ code style
[2.412s] -- Configuring done
[2.461s] -- Generating done
[2.465s] -- Build files have been written to: /home/dan/MA/CJ/build/rm_serial_driver
[2.492s] Invoked command in '/home/dan/MA/CJ/build/rm_serial_driver' returned '0': CMAKE_PREFIX_PATH=/home/dan/MA/CJ/install/auto_aim_interfaces:/home/dan/MA/CJ/install/rm_vision_bringup:/home/dan/MA/CJ/install/rm_serial_driver:/home/dan/MA/CJ/install/armor_tracker:/home/dan/MA/CJ/install/armor_detector:/home/dan/Downloads/livox_driver2/install/livox_ros_driver2:/opt/ros/humble LD_LIBRARY_PATH=/home/dan/MA/CJ/install/auto_aim_interfaces/lib:/home/dan/MA/CJ/install/rm_serial_driver/lib:/home/dan/MA/CJ/install/armor_tracker/lib:/home/dan/MA/CJ/install/armor_detector/lib:/home/dan/Downloads/livox_driver2/install/livox_ros_driver2/lib:/usr/lib/x86_64-linux-gnu/gazebo-11/plugins:/opt/ros/humble/opt/rviz_ogre_vendor/lib:/opt/ros/humble/lib/x86_64-linux-gnu:/opt/ros/humble/lib /usr/bin/cmake /home/dan/MA/CJ/src/rm_serial_driver -DCMAKE_INSTALL_PREFIX=/home/dan/MA/CJ/install/rm_serial_driver
[2.495s] Invoking command in '/home/dan/MA/CJ/build/rm_serial_driver': CMAKE_PREFIX_PATH=/home/dan/MA/CJ/install/auto_aim_interfaces:/home/dan/MA/CJ/install/rm_vision_bringup:/home/dan/MA/CJ/install/rm_serial_driver:/home/dan/MA/CJ/install/armor_tracker:/home/dan/MA/CJ/install/armor_detector:/home/dan/Downloads/livox_driver2/install/livox_ros_driver2:/opt/ros/humble LD_LIBRARY_PATH=/home/dan/MA/CJ/install/auto_aim_interfaces/lib:/home/dan/MA/CJ/install/rm_serial_driver/lib:/home/dan/MA/CJ/install/armor_tracker/lib:/home/dan/MA/CJ/install/armor_detector/lib:/home/dan/Downloads/livox_driver2/install/livox_ros_driver2/lib:/usr/lib/x86_64-linux-gnu/gazebo-11/plugins:/opt/ros/humble/opt/rviz_ogre_vendor/lib:/opt/ros/humble/lib/x86_64-linux-gnu:/opt/ros/humble/lib /usr/bin/cmake --build /home/dan/MA/CJ/build/rm_serial_driver -- -j16 -l16
[2.630s] [ 20%] [32mBuilding CXX object CMakeFiles/rm_serial_driver_node.dir/rclcpp_components/node_main_rm_serial_driver_node.cpp.o[0m
[2.633s] [ 40%] [32mBuilding CXX object CMakeFiles/rm_serial_driver.dir/src/crc.cpp.o[0m
[2.638s] [ 60%] [32mBuilding CXX object CMakeFiles/rm_serial_driver.dir/src/rm_serial_driver.cpp.o[0m
[7.523s] [ 80%] [32m[1mLinking CXX executable rm_serial_driver_node[0m
[7.714s] [ 80%] Built target rm_serial_driver_node
[16.277s] [100%] [32m[1mLinking CXX shared library librm_serial_driver.so[0m
[17.455s] [100%] Built target rm_serial_driver
[17.468s] Invoked command in '/home/dan/MA/CJ/build/rm_serial_driver' returned '0': CMAKE_PREFIX_PATH=/home/dan/MA/CJ/install/auto_aim_interfaces:/home/dan/MA/CJ/install/rm_vision_bringup:/home/dan/MA/CJ/install/rm_serial_driver:/home/dan/MA/CJ/install/armor_tracker:/home/dan/MA/CJ/install/armor_detector:/home/dan/Downloads/livox_driver2/install/livox_ros_driver2:/opt/ros/humble LD_LIBRARY_PATH=/home/dan/MA/CJ/install/auto_aim_interfaces/lib:/home/dan/MA/CJ/install/rm_serial_driver/lib:/home/dan/MA/CJ/install/armor_tracker/lib:/home/dan/MA/CJ/install/armor_detector/lib:/home/dan/Downloads/livox_driver2/install/livox_ros_driver2/lib:/usr/lib/x86_64-linux-gnu/gazebo-11/plugins:/opt/ros/humble/opt/rviz_ogre_vendor/lib:/opt/ros/humble/lib/x86_64-linux-gnu:/opt/ros/humble/lib /usr/bin/cmake --build /home/dan/MA/CJ/build/rm_serial_driver -- -j16 -l16
[17.518s] Invoking command in '/home/dan/MA/CJ/build/rm_serial_driver': CMAKE_PREFIX_PATH=/home/dan/MA/CJ/install/auto_aim_interfaces:/home/dan/MA/CJ/install/rm_vision_bringup:/home/dan/MA/CJ/install/rm_serial_driver:/home/dan/MA/CJ/install/armor_tracker:/home/dan/MA/CJ/install/armor_detector:/home/dan/Downloads/livox_driver2/install/livox_ros_driver2:/opt/ros/humble LD_LIBRARY_PATH=/home/dan/MA/CJ/install/auto_aim_interfaces/lib:/home/dan/MA/CJ/install/rm_serial_driver/lib:/home/dan/MA/CJ/install/armor_tracker/lib:/home/dan/MA/CJ/install/armor_detector/lib:/home/dan/Downloads/livox_driver2/install/livox_ros_driver2/lib:/usr/lib/x86_64-linux-gnu/gazebo-11/plugins:/opt/ros/humble/opt/rviz_ogre_vendor/lib:/opt/ros/humble/lib/x86_64-linux-gnu:/opt/ros/humble/lib /usr/bin/cmake --install /home/dan/MA/CJ/build/rm_serial_driver
[17.532s] -- Install configuration: ""
[17.533s] -- Installing: /home/dan/MA/CJ/install/rm_serial_driver/lib/rm_serial_driver/rm_serial_driver_node
[17.533s] -- Set runtime path of "/home/dan/MA/CJ/install/rm_serial_driver/lib/rm_serial_driver/rm_serial_driver_node" to ""
[17.533s] -- Installing: /home/dan/MA/CJ/install/rm_serial_driver/include
[17.534s] -- Installing: /home/dan/MA/CJ/install/rm_serial_driver/include/rm_serial_driver
[17.534s] -- Installing: /home/dan/MA/CJ/install/rm_serial_driver/include/rm_serial_driver/crc.hpp
[17.534s] -- Installing: /home/dan/MA/CJ/install/rm_serial_driver/include/rm_serial_driver/rm_serial_driver.hpp
[17.534s] -- Installing: /home/dan/MA/CJ/install/rm_serial_driver/include/rm_serial_driver/packet.hpp
[17.534s] -- Installing: /home/dan/MA/CJ/install/rm_serial_driver/share/rm_serial_driver/environment/library_path.sh
[17.534s] -- Installing: /home/dan/MA/CJ/install/rm_serial_driver/share/rm_serial_driver/environment/library_path.dsv
[17.534s] -- Installing: /home/dan/MA/CJ/install/rm_serial_driver/lib/librm_serial_driver.so
[17.542s] -- Set runtime path of "/home/dan/MA/CJ/install/rm_serial_driver/lib/librm_serial_driver.so" to ""
[17.543s] -- Installing: /home/dan/MA/CJ/install/rm_serial_driver/share/rm_serial_driver/config
[17.543s] -- Installing: /home/dan/MA/CJ/install/rm_serial_driver/share/rm_serial_driver/config/serial_driver.yaml
[17.543s] -- Installing: /home/dan/MA/CJ/install/rm_serial_driver/share/rm_serial_driver/launch
[17.543s] -- Installing: /home/dan/MA/CJ/install/rm_serial_driver/share/rm_serial_driver/launch/serial_driver.launch.py
[17.543s] -- Installing: /home/dan/MA/CJ/install/rm_serial_driver/share/ament_index/resource_index/package_run_dependencies/rm_serial_driver
[17.543s] -- Installing: /home/dan/MA/CJ/install/rm_serial_driver/share/ament_index/resource_index/parent_prefix_path/rm_serial_driver
[17.543s] -- Installing: /home/dan/MA/CJ/install/rm_serial_driver/share/rm_serial_driver/environment/ament_prefix_path.sh
[17.543s] -- Installing: /home/dan/MA/CJ/install/rm_serial_driver/share/rm_serial_driver/environment/ament_prefix_path.dsv
[17.543s] -- Installing: /home/dan/MA/CJ/install/rm_serial_driver/share/rm_serial_driver/environment/path.sh
[17.544s] -- Installing: /home/dan/MA/CJ/install/rm_serial_driver/share/rm_serial_driver/environment/path.dsv
[17.544s] -- Installing: /home/dan/MA/CJ/install/rm_serial_driver/share/rm_serial_driver/local_setup.bash
[17.544s] -- Installing: /home/dan/MA/CJ/install/rm_serial_driver/share/rm_serial_driver/local_setup.sh
[17.544s] -- Installing: /home/dan/MA/CJ/install/rm_serial_driver/share/rm_serial_driver/local_setup.zsh
[17.544s] -- Installing: /home/dan/MA/CJ/install/rm_serial_driver/share/rm_serial_driver/local_setup.dsv
[17.544s] -- Installing: /home/dan/MA/CJ/install/rm_serial_driver/share/rm_serial_driver/package.dsv
[17.545s] -- Installing: /home/dan/MA/CJ/install/rm_serial_driver/share/ament_index/resource_index/packages/rm_serial_driver
[17.545s] -- Installing: /home/dan/MA/CJ/install/rm_serial_driver/share/ament_index/resource_index/rclcpp_components/rm_serial_driver
[17.545s] -- Installing: /home/dan/MA/CJ/install/rm_serial_driver/share/rm_serial_driver/cmake/ament_cmake_export_dependencies-extras.cmake
[17.545s] -- Installing: /home/dan/MA/CJ/install/rm_serial_driver/share/rm_serial_driver/cmake/ament_cmake_export_include_directories-extras.cmake
[17.545s] -- Installing: /home/dan/MA/CJ/install/rm_serial_driver/share/rm_serial_driver/cmake/ament_cmake_export_libraries-extras.cmake
[17.545s] -- Installing: /home/dan/MA/CJ/install/rm_serial_driver/share/rm_serial_driver/cmake/rm_serial_driverConfig.cmake
[17.546s] -- Installing: /home/dan/MA/CJ/install/rm_serial_driver/share/rm_serial_driver/cmake/rm_serial_driverConfig-version.cmake
[17.546s] -- Installing: /home/dan/MA/CJ/install/rm_serial_driver/share/rm_serial_driver/package.xml
[17.550s] Invoked command in '/home/dan/MA/CJ/build/rm_serial_driver' returned '0': CMAKE_PREFIX_PATH=/home/dan/MA/CJ/install/auto_aim_interfaces:/home/dan/MA/CJ/install/rm_vision_bringup:/home/dan/MA/CJ/install/rm_serial_driver:/home/dan/MA/CJ/install/armor_tracker:/home/dan/MA/CJ/install/armor_detector:/home/dan/Downloads/livox_driver2/install/livox_ros_driver2:/opt/ros/humble LD_LIBRARY_PATH=/home/dan/MA/CJ/install/auto_aim_interfaces/lib:/home/dan/MA/CJ/install/rm_serial_driver/lib:/home/dan/MA/CJ/install/armor_tracker/lib:/home/dan/MA/CJ/install/armor_detector/lib:/home/dan/Downloads/livox_driver2/install/livox_ros_driver2/lib:/usr/lib/x86_64-linux-gnu/gazebo-11/plugins:/opt/ros/humble/opt/rviz_ogre_vendor/lib:/opt/ros/humble/lib/x86_64-linux-gnu:/opt/ros/humble/lib /usr/bin/cmake --install /home/dan/MA/CJ/build/rm_serial_driver
