[0.027s] Invoking command in '/home/dan/MA/CJ/build/rm_vision_bringup': CMAKE_PREFIX_PATH=/home/dan/MA/CJ/install/rm_serial_driver:/home/dan/MA/CJ/install/auto_aim_interfaces:/home/dan/MA/CJ/install/rm_vision_bringup:/home/dan/MA/CJ/install/armor_tracker:/home/dan/MA/CJ/install/armor_detector:/home/dan/Downloads/livox_driver2/install/livox_ros_driver2:/opt/ros/humble LD_LIBRARY_PATH=/home/dan/MA/CJ/install/rm_serial_driver/lib:/home/dan/MA/CJ/install/auto_aim_interfaces/lib:/home/dan/MA/CJ/install/armor_tracker/lib:/home/dan/MA/CJ/install/armor_detector/lib:/home/dan/Downloads/livox_driver2/install/livox_ros_driver2/lib:/usr/lib/x86_64-linux-gnu/gazebo-11/plugins:/opt/ros/humble/opt/rviz_ogre_vendor/lib:/opt/ros/humble/lib/x86_64-linux-gnu:/opt/ros/humble/lib /usr/bin/cmake /home/dan/MA/CJ/src/rm_vision/rm_vision_bringup -DCMAKE_INSTALL_PREFIX=/home/dan/MA/CJ/install/rm_vision_bringup
[0.134s] -- The C compiler identification is GNU 11.4.0
[0.204s] -- The CXX compiler identification is GNU 11.4.0
[0.213s] -- Detecting C compiler ABI info
[0.299s] -- Detecting C compiler ABI info - done
[0.308s] -- Check for working C compiler: /usr/bin/cc - skipped
[0.308s] -- Detecting C compile features
[0.308s] -- Detecting C compile features - done
[0.312s] -- Detecting CXX compiler ABI info
[0.405s] -- Detecting CXX compiler ABI info - done
[0.415s] -- Check for working CXX compiler: /usr/bin/c++ - skipped
[0.416s] -- Detecting CXX compile features
[0.416s] -- Detecting CXX compile features - done
[0.419s] -- Found ament_cmake_auto: 1.3.5 (/opt/ros/humble/share/ament_cmake_auto/cmake)
[0.627s] -- Found Python3: /usr/bin/python3.10 (found version "3.10.12") found components: Interpreter 
[0.737s] -- Found ament_lint_auto: 0.12.6 (/opt/ros/humble/share/ament_lint_auto/cmake)
[0.813s] -- Configuring done
[0.815s] -- Generating done
[0.816s] -- Build files have been written to: /home/dan/MA/CJ/build/rm_vision_bringup
[0.820s] Invoked command in '/home/dan/MA/CJ/build/rm_vision_bringup' returned '0': CMAKE_PREFIX_PATH=/home/dan/MA/CJ/install/rm_serial_driver:/home/dan/MA/CJ/install/auto_aim_interfaces:/home/dan/MA/CJ/install/rm_vision_bringup:/home/dan/MA/CJ/install/armor_tracker:/home/dan/MA/CJ/install/armor_detector:/home/dan/Downloads/livox_driver2/install/livox_ros_driver2:/opt/ros/humble LD_LIBRARY_PATH=/home/dan/MA/CJ/install/rm_serial_driver/lib:/home/dan/MA/CJ/install/auto_aim_interfaces/lib:/home/dan/MA/CJ/install/armor_tracker/lib:/home/dan/MA/CJ/install/armor_detector/lib:/home/dan/Downloads/livox_driver2/install/livox_ros_driver2/lib:/usr/lib/x86_64-linux-gnu/gazebo-11/plugins:/opt/ros/humble/opt/rviz_ogre_vendor/lib:/opt/ros/humble/lib/x86_64-linux-gnu:/opt/ros/humble/lib /usr/bin/cmake /home/dan/MA/CJ/src/rm_vision/rm_vision_bringup -DCMAKE_INSTALL_PREFIX=/home/dan/MA/CJ/install/rm_vision_bringup
[0.822s] Invoking command in '/home/dan/MA/CJ/build/rm_vision_bringup': CMAKE_PREFIX_PATH=/home/dan/MA/CJ/install/rm_serial_driver:/home/dan/MA/CJ/install/auto_aim_interfaces:/home/dan/MA/CJ/install/rm_vision_bringup:/home/dan/MA/CJ/install/armor_tracker:/home/dan/MA/CJ/install/armor_detector:/home/dan/Downloads/livox_driver2/install/livox_ros_driver2:/opt/ros/humble LD_LIBRARY_PATH=/home/dan/MA/CJ/install/rm_serial_driver/lib:/home/dan/MA/CJ/install/auto_aim_interfaces/lib:/home/dan/MA/CJ/install/armor_tracker/lib:/home/dan/MA/CJ/install/armor_detector/lib:/home/dan/Downloads/livox_driver2/install/livox_ros_driver2/lib:/usr/lib/x86_64-linux-gnu/gazebo-11/plugins:/opt/ros/humble/opt/rviz_ogre_vendor/lib:/opt/ros/humble/lib/x86_64-linux-gnu:/opt/ros/humble/lib /usr/bin/cmake --build /home/dan/MA/CJ/build/rm_vision_bringup -- -j16 -l16
[0.858s] Invoked command in '/home/dan/MA/CJ/build/rm_vision_bringup' returned '0': CMAKE_PREFIX_PATH=/home/dan/MA/CJ/install/rm_serial_driver:/home/dan/MA/CJ/install/auto_aim_interfaces:/home/dan/MA/CJ/install/rm_vision_bringup:/home/dan/MA/CJ/install/armor_tracker:/home/dan/MA/CJ/install/armor_detector:/home/dan/Downloads/livox_driver2/install/livox_ros_driver2:/opt/ros/humble LD_LIBRARY_PATH=/home/dan/MA/CJ/install/rm_serial_driver/lib:/home/dan/MA/CJ/install/auto_aim_interfaces/lib:/home/dan/MA/CJ/install/armor_tracker/lib:/home/dan/MA/CJ/install/armor_detector/lib:/home/dan/Downloads/livox_driver2/install/livox_ros_driver2/lib:/usr/lib/x86_64-linux-gnu/gazebo-11/plugins:/opt/ros/humble/opt/rviz_ogre_vendor/lib:/opt/ros/humble/lib/x86_64-linux-gnu:/opt/ros/humble/lib /usr/bin/cmake --build /home/dan/MA/CJ/build/rm_vision_bringup -- -j16 -l16
[0.886s] Invoking command in '/home/dan/MA/CJ/build/rm_vision_bringup': CMAKE_PREFIX_PATH=/home/dan/MA/CJ/install/rm_serial_driver:/home/dan/MA/CJ/install/auto_aim_interfaces:/home/dan/MA/CJ/install/rm_vision_bringup:/home/dan/MA/CJ/install/armor_tracker:/home/dan/MA/CJ/install/armor_detector:/home/dan/Downloads/livox_driver2/install/livox_ros_driver2:/opt/ros/humble LD_LIBRARY_PATH=/home/dan/MA/CJ/install/rm_serial_driver/lib:/home/dan/MA/CJ/install/auto_aim_interfaces/lib:/home/dan/MA/CJ/install/armor_tracker/lib:/home/dan/MA/CJ/install/armor_detector/lib:/home/dan/Downloads/livox_driver2/install/livox_ros_driver2/lib:/usr/lib/x86_64-linux-gnu/gazebo-11/plugins:/opt/ros/humble/opt/rviz_ogre_vendor/lib:/opt/ros/humble/lib/x86_64-linux-gnu:/opt/ros/humble/lib /usr/bin/cmake --install /home/dan/MA/CJ/build/rm_vision_bringup
[0.897s] -- Install configuration: ""
[0.897s] -- Installing: /home/dan/MA/CJ/install/rm_vision_bringup/share/rm_vision_bringup/launch
[0.897s] -- Installing: /home/dan/MA/CJ/install/rm_vision_bringup/share/rm_vision_bringup/launch/no_hardware.launch.py
[0.898s] -- Installing: /home/dan/MA/CJ/install/rm_vision_bringup/share/rm_vision_bringup/launch/common.py
[0.898s] -- Installing: /home/dan/MA/CJ/install/rm_vision_bringup/share/rm_vision_bringup/launch/vision_bringup.launch.py
[0.898s] -- Installing: /home/dan/MA/CJ/install/rm_vision_bringup/share/rm_vision_bringup/config
[0.898s] -- Installing: /home/dan/MA/CJ/install/rm_vision_bringup/share/rm_vision_bringup/config/launch_params.yaml
[0.898s] -- Installing: /home/dan/MA/CJ/install/rm_vision_bringup/share/rm_vision_bringup/config/node_params.yaml
[0.898s] -- Installing: /home/dan/MA/CJ/install/rm_vision_bringup/share/rm_vision_bringup/config/camera_info.yaml
[0.898s] -- Installing: /home/dan/MA/CJ/install/rm_vision_bringup/share/ament_index/resource_index/package_run_dependencies/rm_vision_bringup
[0.898s] -- Installing: /home/dan/MA/CJ/install/rm_vision_bringup/share/ament_index/resource_index/parent_prefix_path/rm_vision_bringup
[0.899s] -- Installing: /home/dan/MA/CJ/install/rm_vision_bringup/share/rm_vision_bringup/environment/ament_prefix_path.sh
[0.899s] -- Installing: /home/dan/MA/CJ/install/rm_vision_bringup/share/rm_vision_bringup/environment/ament_prefix_path.dsv
[0.899s] -- Installing: /home/dan/MA/CJ/install/rm_vision_bringup/share/rm_vision_bringup/environment/path.sh
[0.899s] -- Installing: /home/dan/MA/CJ/install/rm_vision_bringup/share/rm_vision_bringup/environment/path.dsv
[0.899s] -- Installing: /home/dan/MA/CJ/install/rm_vision_bringup/share/rm_vision_bringup/local_setup.bash
[0.899s] -- Installing: /home/dan/MA/CJ/install/rm_vision_bringup/share/rm_vision_bringup/local_setup.sh
[0.899s] -- Installing: /home/dan/MA/CJ/install/rm_vision_bringup/share/rm_vision_bringup/local_setup.zsh
[0.899s] -- Installing: /home/dan/MA/CJ/install/rm_vision_bringup/share/rm_vision_bringup/local_setup.dsv
[0.900s] -- Installing: /home/dan/MA/CJ/install/rm_vision_bringup/share/rm_vision_bringup/package.dsv
[0.900s] -- Installing: /home/dan/MA/CJ/install/rm_vision_bringup/share/ament_index/resource_index/packages/rm_vision_bringup
[0.900s] -- Installing: /home/dan/MA/CJ/install/rm_vision_bringup/share/rm_vision_bringup/cmake/rm_vision_bringupConfig.cmake
[0.900s] -- Installing: /home/dan/MA/CJ/install/rm_vision_bringup/share/rm_vision_bringup/cmake/rm_vision_bringupConfig-version.cmake
[0.900s] -- Installing: /home/dan/MA/CJ/install/rm_vision_bringup/share/rm_vision_bringup/package.xml
[0.905s] Invoked command in '/home/dan/MA/CJ/build/rm_vision_bringup' returned '0': CMAKE_PREFIX_PATH=/home/dan/MA/CJ/install/rm_serial_driver:/home/dan/MA/CJ/install/auto_aim_interfaces:/home/dan/MA/CJ/install/rm_vision_bringup:/home/dan/MA/CJ/install/armor_tracker:/home/dan/MA/CJ/install/armor_detector:/home/dan/Downloads/livox_driver2/install/livox_ros_driver2:/opt/ros/humble LD_LIBRARY_PATH=/home/dan/MA/CJ/install/rm_serial_driver/lib:/home/dan/MA/CJ/install/auto_aim_interfaces/lib:/home/dan/MA/CJ/install/armor_tracker/lib:/home/dan/MA/CJ/install/armor_detector/lib:/home/dan/Downloads/livox_driver2/install/livox_ros_driver2/lib:/usr/lib/x86_64-linux-gnu/gazebo-11/plugins:/opt/ros/humble/opt/rviz_ogre_vendor/lib:/opt/ros/humble/lib/x86_64-linux-gnu:/opt/ros/humble/lib /usr/bin/cmake --install /home/dan/MA/CJ/build/rm_vision_bringup
