[0.024s] Invoking command in '/home/dan/MA/CJ/build/armor_detector': AMENT_PREFIX_PATH=/home/dan/MA/CJ/install/auto_aim_interfaces:${AMENT_PREFIX_PATH} CMAKE_PREFIX_PATH=/home/dan/MA/CJ/install/auto_aim_interfaces:/opt/ros/humble LD_LIBRARY_PATH=/home/dan/MA/CJ/install/auto_aim_interfaces/lib:${LD_LIBRARY_PATH} PYTHONPATH=/home/dan/MA/CJ/install/auto_aim_interfaces/local/lib/python3.10/dist-packages:${PYTHONPATH} /usr/bin/cmake /home/dan/MA/CJ/src/rm_auto_aim/armor_detector -DCMAKE_INSTALL_PREFIX=/home/dan/MA/CJ/install/armor_detector
[0.112s] -- The C compiler identification is GNU 11.3.0
[0.169s] -- The CXX compiler identification is GNU 11.3.0
[0.178s] -- Detecting C compiler ABI info
[0.271s] -- Detecting C compiler ABI info - done
[0.278s] -- Check for working C compiler: /usr/bin/cc - skipped
[0.278s] -- Detecting C compile features
[0.278s] -- Detecting C compile features - done
[0.281s] -- Detecting CXX compiler ABI info
[0.366s] -- Detecting CXX compiler ABI info - done
[0.373s] -- Check for working CXX compiler: /usr/bin/c++ - skipped
[0.373s] -- Detecting CXX compile features
[0.373s] -- Detecting CXX compile features - done
[0.375s] -- Found ament_cmake_auto: 1.3.5 (/opt/ros/humble/share/ament_cmake_auto/cmake)
[0.554s] -- Found Python3: /usr/bin/python3.10 (found version "3.10.6") found components: Interpreter 
[0.646s] -- Found OpenCV: /usr (found version "4.5.4") 
[0.778s] -- Found rosidl_generator_c: 3.1.4 (/opt/ros/humble/share/rosidl_generator_c/cmake)
[0.783s] -- Found rosidl_adapter: 3.1.4 (/opt/ros/humble/share/rosidl_adapter/cmake)
[0.790s] -- Found rosidl_generator_cpp: 3.1.4 (/opt/ros/humble/share/rosidl_generator_cpp/cmake)
[0.804s] -- Using all available rosidl_typesupport_c: rosidl_typesupport_fastrtps_c;rosidl_typesupport_introspection_c
[0.823s] -- Using all available rosidl_typesupport_cpp: rosidl_typesupport_fastrtps_cpp;rosidl_typesupport_introspection_cpp
[0.883s] -- Found rmw_implementation_cmake: 6.1.1 (/opt/ros/humble/share/rmw_implementation_cmake/cmake)
[0.899s] -- Found rmw_fastrtps_cpp: 6.2.2 (/opt/ros/humble/share/rmw_fastrtps_cpp/cmake)
[1.007s] -- Found OpenSSL: /usr/lib/x86_64-linux-gnu/libcrypto.so (found version "3.0.2")  
[1.029s] -- Found FastRTPS: /opt/ros/humble/include  
[1.070s] -- Using RMW implementation 'rmw_fastrtps_cpp' as default
[1.078s] -- Looking for pthread.h
[1.176s] -- Looking for pthread.h - found
[1.176s] -- Performing Test CMAKE_HAVE_LIBC_PTHREAD
[1.277s] -- Performing Test CMAKE_HAVE_LIBC_PTHREAD - Success
[1.278s] -- Found Threads: TRUE  
[1.869s] -- Found eigen3_cmake_module: 0.1.1 (/opt/ros/humble/share/eigen3_cmake_module/cmake)
[1.870s] -- Found Eigen3: TRUE (found version "3.4.0") 
[1.870s] -- Ensuring Eigen3 include directory is part of orocos-kdl CMake target
[2.139s] -- Found ament_lint_auto: 0.12.6 (/opt/ros/humble/share/ament_lint_auto/cmake)
[2.159s] -- Found ament_cmake_gtest: 1.3.5 (/opt/ros/humble/share/ament_cmake_gtest/cmake)
[2.161s] -- Found gtest sources under '/opt/ros/humble/src/gtest_vendor': C++ tests using 'Google Test' will be built
[2.172s] -- Added test 'cppcheck' to perform static code analysis on C / C++ code
[2.172s] -- Configured cppcheck include dirs: /home/dan/MA/CJ/src/rm_auto_aim/armor_detector/include
[2.172s] -- Configured cppcheck exclude dirs and/or files: 
[2.173s] -- Added test 'lint_cmake' to check CMake code style
[2.174s] -- Added test 'xmllint' to check XML markup files
[2.176s] -- Configuring done
[2.225s] -- Generating done
[2.229s] -- Build files have been written to: /home/dan/MA/CJ/build/armor_detector
[2.244s] Invoked command in '/home/dan/MA/CJ/build/armor_detector' returned '0': AMENT_PREFIX_PATH=/home/dan/MA/CJ/install/auto_aim_interfaces:${AMENT_PREFIX_PATH} CMAKE_PREFIX_PATH=/home/dan/MA/CJ/install/auto_aim_interfaces:/opt/ros/humble LD_LIBRARY_PATH=/home/dan/MA/CJ/install/auto_aim_interfaces/lib:${LD_LIBRARY_PATH} PYTHONPATH=/home/dan/MA/CJ/install/auto_aim_interfaces/local/lib/python3.10/dist-packages:${PYTHONPATH} /usr/bin/cmake /home/dan/MA/CJ/src/rm_auto_aim/armor_detector -DCMAKE_INSTALL_PREFIX=/home/dan/MA/CJ/install/armor_detector
[2.247s] Invoking command in '/home/dan/MA/CJ/build/armor_detector': AMENT_PREFIX_PATH=/home/dan/MA/CJ/install/auto_aim_interfaces:${AMENT_PREFIX_PATH} CMAKE_PREFIX_PATH=/home/dan/MA/CJ/install/auto_aim_interfaces:/opt/ros/humble LD_LIBRARY_PATH=/home/dan/MA/CJ/install/auto_aim_interfaces/lib:${LD_LIBRARY_PATH} PYTHONPATH=/home/dan/MA/CJ/install/auto_aim_interfaces/local/lib/python3.10/dist-packages:${PYTHONPATH} /usr/bin/cmake --build /home/dan/MA/CJ/build/armor_detector -- -j16 -l16
[2.295s] [  6%] [32mBuilding CXX object gtest/CMakeFiles/gtest_main.dir/src/gtest_main.cc.o[0m
[2.296s] [ 13%] [32mBuilding CXX object CMakeFiles/armor_detector_node.dir/rclcpp_components/node_main_armor_detector_node.cpp.o[0m
[2.311s] [ 20%] [32mBuilding CXX object CMakeFiles/armor_detector.dir/src/detector.cpp.o[0m
[2.311s] [ 26%] [32mBuilding CXX object CMakeFiles/armor_detector.dir/src/pnp_solver.cpp.o[0m
[2.311s] [ 33%] [32mBuilding CXX object CMakeFiles/armor_detector.dir/src/number_classifier.cpp.o[0m
[2.311s] [ 40%] [32mBuilding CXX object CMakeFiles/armor_detector.dir/src/detector_node.cpp.o[0m
[2.314s] [ 46%] [32mBuilding CXX object gtest/CMakeFiles/gtest.dir/src/gtest-all.cc.o[0m
[3.452s] [ 53%] [32m[1mLinking CXX static library libgtest_main.a[0m
[3.519s] [ 53%] Built target gtest_main
[8.693s] [ 60%] [32m[1mLinking CXX static library libgtest.a[0m
[8.825s] [ 66%] [32m[1mLinking CXX executable armor_detector_node[0m
[8.893s] [ 66%] Built target gtest
[9.100s] [ 66%] Built target armor_detector_node
[25.348s] [ 73%] [32m[1mLinking CXX shared library libarmor_detector.so[0m
[27.330s] [ 73%] Built target armor_detector
[27.358s] [ 86%] [32mBuilding CXX object CMakeFiles/test_number_cls.dir/test/test_number_cls.cpp.o[0m
[27.358s] [ 86%] [32mBuilding CXX object CMakeFiles/test_node_startup.dir/test/test_node_startup.cpp.o[0m
[29.717s] [ 93%] [32m[1mLinking CXX executable test_number_cls[0m
[31.275s] [ 93%] Built target test_number_cls
[33.153s] [100%] [32m[1mLinking CXX executable test_node_startup[0m
[34.814s] [100%] Built target test_node_startup
[34.825s] Invoked command in '/home/dan/MA/CJ/build/armor_detector' returned '0': AMENT_PREFIX_PATH=/home/dan/MA/CJ/install/auto_aim_interfaces:${AMENT_PREFIX_PATH} CMAKE_PREFIX_PATH=/home/dan/MA/CJ/install/auto_aim_interfaces:/opt/ros/humble LD_LIBRARY_PATH=/home/dan/MA/CJ/install/auto_aim_interfaces/lib:${LD_LIBRARY_PATH} PYTHONPATH=/home/dan/MA/CJ/install/auto_aim_interfaces/local/lib/python3.10/dist-packages:${PYTHONPATH} /usr/bin/cmake --build /home/dan/MA/CJ/build/armor_detector -- -j16 -l16
[34.857s] Invoking command in '/home/dan/MA/CJ/build/armor_detector': AMENT_PREFIX_PATH=/home/dan/MA/CJ/install/auto_aim_interfaces:${AMENT_PREFIX_PATH} CMAKE_PREFIX_PATH=/home/dan/MA/CJ/install/auto_aim_interfaces:/opt/ros/humble LD_LIBRARY_PATH=/home/dan/MA/CJ/install/auto_aim_interfaces/lib:${LD_LIBRARY_PATH} PYTHONPATH=/home/dan/MA/CJ/install/auto_aim_interfaces/local/lib/python3.10/dist-packages:${PYTHONPATH} /usr/bin/cmake --install /home/dan/MA/CJ/build/armor_detector
[34.864s] -- Install configuration: ""
[34.864s] -- Installing: /home/dan/MA/CJ/install/armor_detector/lib/armor_detector/armor_detector_node
[34.864s] -- Set runtime path of "/home/dan/MA/CJ/install/armor_detector/lib/armor_detector/armor_detector_node" to ""
[34.864s] -- Installing: /home/dan/MA/CJ/install/armor_detector/include
[34.864s] -- Installing: /home/dan/MA/CJ/install/armor_detector/include/armor_detector
[34.865s] -- Installing: /home/dan/MA/CJ/install/armor_detector/include/armor_detector/number_classifier.hpp
[34.865s] -- Installing: /home/dan/MA/CJ/install/armor_detector/include/armor_detector/detector.hpp
[34.865s] -- Installing: /home/dan/MA/CJ/install/armor_detector/include/armor_detector/detector_node.hpp
[34.865s] -- Installing: /home/dan/MA/CJ/install/armor_detector/include/armor_detector/armor.hpp
[34.865s] -- Installing: /home/dan/MA/CJ/install/armor_detector/include/armor_detector/pnp_solver.hpp
[34.865s] -- Installing: /home/dan/MA/CJ/install/armor_detector/share/armor_detector/environment/library_path.sh
[34.865s] -- Installing: /home/dan/MA/CJ/install/armor_detector/share/armor_detector/environment/library_path.dsv
[34.865s] -- Installing: /home/dan/MA/CJ/install/armor_detector/lib/libarmor_detector.so
[34.881s] -- Set runtime path of "/home/dan/MA/CJ/install/armor_detector/lib/libarmor_detector.so" to ""
[34.881s] -- Installing: /home/dan/MA/CJ/install/armor_detector/share/armor_detector/model
[34.881s] -- Installing: /home/dan/MA/CJ/install/armor_detector/share/armor_detector/model/mlp.onnx
[34.882s] -- Installing: /home/dan/MA/CJ/install/armor_detector/share/armor_detector/model/label.txt
[34.882s] -- Installing: /home/dan/MA/CJ/install/armor_detector/share/ament_index/resource_index/package_run_dependencies/armor_detector
[34.883s] -- Installing: /home/dan/MA/CJ/install/armor_detector/share/ament_index/resource_index/parent_prefix_path/armor_detector
[34.883s] -- Installing: /home/dan/MA/CJ/install/armor_detector/share/armor_detector/environment/ament_prefix_path.sh
[34.883s] -- Installing: /home/dan/MA/CJ/install/armor_detector/share/armor_detector/environment/ament_prefix_path.dsv
[34.883s] -- Installing: /home/dan/MA/CJ/install/armor_detector/share/armor_detector/environment/path.sh
[34.883s] -- Installing: /home/dan/MA/CJ/install/armor_detector/share/armor_detector/environment/path.dsv
[34.883s] -- Installing: /home/dan/MA/CJ/install/armor_detector/share/armor_detector/local_setup.bash
[34.883s] -- Installing: /home/dan/MA/CJ/install/armor_detector/share/armor_detector/local_setup.sh
[34.884s] -- Installing: /home/dan/MA/CJ/install/armor_detector/share/armor_detector/local_setup.zsh
[34.884s] -- Installing: /home/dan/MA/CJ/install/armor_detector/share/armor_detector/local_setup.dsv
[34.884s] -- Installing: /home/dan/MA/CJ/install/armor_detector/share/armor_detector/package.dsv
[34.884s] -- Installing: /home/dan/MA/CJ/install/armor_detector/share/ament_index/resource_index/packages/armor_detector
[34.884s] -- Installing: /home/dan/MA/CJ/install/armor_detector/share/ament_index/resource_index/rclcpp_components/armor_detector
[34.885s] -- Installing: /home/dan/MA/CJ/install/armor_detector/share/armor_detector/cmake/ament_cmake_export_dependencies-extras.cmake
[34.885s] -- Installing: /home/dan/MA/CJ/install/armor_detector/share/armor_detector/cmake/ament_cmake_export_include_directories-extras.cmake
[34.885s] -- Installing: /home/dan/MA/CJ/install/armor_detector/share/armor_detector/cmake/ament_cmake_export_libraries-extras.cmake
[34.885s] -- Installing: /home/dan/MA/CJ/install/armor_detector/share/armor_detector/cmake/armor_detectorConfig.cmake
[34.885s] -- Installing: /home/dan/MA/CJ/install/armor_detector/share/armor_detector/cmake/armor_detectorConfig-version.cmake
[34.886s] -- Installing: /home/dan/MA/CJ/install/armor_detector/share/armor_detector/package.xml
[34.890s] Invoked command in '/home/dan/MA/CJ/build/armor_detector' returned '0': AMENT_PREFIX_PATH=/home/dan/MA/CJ/install/auto_aim_interfaces:${AMENT_PREFIX_PATH} CMAKE_PREFIX_PATH=/home/dan/MA/CJ/install/auto_aim_interfaces:/opt/ros/humble LD_LIBRARY_PATH=/home/dan/MA/CJ/install/auto_aim_interfaces/lib:${LD_LIBRARY_PATH} PYTHONPATH=/home/dan/MA/CJ/install/auto_aim_interfaces/local/lib/python3.10/dist-packages:${PYTHONPATH} /usr/bin/cmake --install /home/dan/MA/CJ/build/armor_detector
