[0.241s] DEBUG:colcon:Command line arguments: ['/usr/bin/colcon', 'build']
[0.241s] DEBUG:colcon:Parsed command line arguments: Namespace(log_base=None, log_level=None, verb_name='build', build_base='build', install_base='install', merge_install=False, symlink_install=False, test_result_base=None, continue_on_error=False, executor='parallel', parallel_workers=16, event_handlers=None, ignore_user_meta=False, metas=['./colcon.meta'], base_paths=['.'], packages_ignore=None, packages_ignore_regex=None, paths=None, packages_up_to=None, packages_up_to_regex=None, packages_above=None, packages_above_and_dependencies=None, packages_above_depth=None, packages_select_by_dep=None, packages_skip_by_dep=None, packages_skip_up_to=None, packages_select_build_failed=False, packages_skip_build_finished=False, packages_select_test_failures=False, packages_skip_test_passed=False, packages_select=None, packages_skip=None, packages_select_regex=None, packages_skip_regex=None, packages_start=None, packages_end=None, allow_overriding=[], cmake_args=None, cmake_target=None, cmake_target_skip_unavailable=False, cmake_clean_cache=False, cmake_clean_first=False, cmake_force_configure=False, ament_cmake_args=None, catkin_cmake_args=None, catkin_skip_building_tests=False, verb_parser=<colcon_defaults.argument_parser.defaults.DefaultArgumentsDecorator object at 0x7fc232904790>, verb_extension=<colcon_core.verb.build.BuildVerb object at 0x7fc232b599c0>, main=<bound method BuildVerb.main of <colcon_core.verb.build.BuildVerb object at 0x7fc232b599c0>>)
[0.268s] Level 1:colcon.colcon_core.package_discovery:discover_packages(colcon_meta) check parameters
[0.268s] Level 1:colcon.colcon_core.package_discovery:discover_packages(recursive) check parameters
[0.268s] Level 1:colcon.colcon_core.package_discovery:discover_packages(ignore) check parameters
[0.268s] Level 1:colcon.colcon_core.package_discovery:discover_packages(path) check parameters
[0.268s] Level 1:colcon.colcon_core.package_discovery:discover_packages(colcon_meta) discover
[0.268s] Level 1:colcon.colcon_core.package_discovery:discover_packages(recursive) discover
[0.268s] INFO:colcon.colcon_core.package_discovery:Crawling recursively for packages in '/home/dan/MA/CJ'
[0.269s] Level 1:colcon.colcon_core.package_identification:_identify(.) by extensions ['ignore', 'ignore_ament_install']
[0.269s] Level 1:colcon.colcon_core.package_identification:_identify(.) by extension 'ignore'
[0.269s] Level 1:colcon.colcon_core.package_identification:_identify(.) by extension 'ignore_ament_install'
[0.269s] Level 1:colcon.colcon_core.package_identification:_identify(.) by extensions ['colcon_pkg']
[0.269s] Level 1:colcon.colcon_core.package_identification:_identify(.) by extension 'colcon_pkg'
[0.269s] Level 1:colcon.colcon_core.package_identification:_identify(.) by extensions ['colcon_meta']
[0.269s] Level 1:colcon.colcon_core.package_identification:_identify(.) by extension 'colcon_meta'
[0.269s] Level 1:colcon.colcon_core.package_identification:_identify(.) by extensions ['ros']
[0.269s] Level 1:colcon.colcon_core.package_identification:_identify(.) by extension 'ros'
[0.277s] Level 1:colcon.colcon_core.package_identification:_identify(.) by extensions ['cmake', 'python']
[0.277s] Level 1:colcon.colcon_core.package_identification:_identify(.) by extension 'cmake'
[0.277s] Level 1:colcon.colcon_core.package_identification:_identify(.) by extension 'python'
[0.277s] Level 1:colcon.colcon_core.package_identification:_identify(.) by extensions ['python_setup_py']
[0.277s] Level 1:colcon.colcon_core.package_identification:_identify(.) by extension 'python_setup_py'
[0.278s] Level 1:colcon.colcon_core.package_identification:_identify(build) by extensions ['ignore', 'ignore_ament_install']
[0.278s] Level 1:colcon.colcon_core.package_identification:_identify(build) by extension 'ignore'
[0.278s] Level 1:colcon.colcon_core.package_identification:_identify(build) ignored
[0.278s] Level 1:colcon.colcon_core.package_identification:_identify(install) by extensions ['ignore', 'ignore_ament_install']
[0.278s] Level 1:colcon.colcon_core.package_identification:_identify(install) by extension 'ignore'
[0.278s] Level 1:colcon.colcon_core.package_identification:_identify(install) ignored
[0.278s] Level 1:colcon.colcon_core.package_identification:_identify(log) by extensions ['ignore', 'ignore_ament_install']
[0.278s] Level 1:colcon.colcon_core.package_identification:_identify(log) by extension 'ignore'
[0.278s] Level 1:colcon.colcon_core.package_identification:_identify(log) ignored
[0.278s] Level 1:colcon.colcon_core.package_identification:_identify(src) by extensions ['ignore', 'ignore_ament_install']
[0.278s] Level 1:colcon.colcon_core.package_identification:_identify(src) by extension 'ignore'
[0.278s] Level 1:colcon.colcon_core.package_identification:_identify(src) by extension 'ignore_ament_install'
[0.278s] Level 1:colcon.colcon_core.package_identification:_identify(src) by extensions ['colcon_pkg']
[0.278s] Level 1:colcon.colcon_core.package_identification:_identify(src) by extension 'colcon_pkg'
[0.278s] Level 1:colcon.colcon_core.package_identification:_identify(src) by extensions ['colcon_meta']
[0.278s] Level 1:colcon.colcon_core.package_identification:_identify(src) by extension 'colcon_meta'
[0.278s] Level 1:colcon.colcon_core.package_identification:_identify(src) by extensions ['ros']
[0.278s] Level 1:colcon.colcon_core.package_identification:_identify(src) by extension 'ros'
[0.278s] Level 1:colcon.colcon_core.package_identification:_identify(src) by extensions ['cmake', 'python']
[0.278s] Level 1:colcon.colcon_core.package_identification:_identify(src) by extension 'cmake'
[0.278s] Level 1:colcon.colcon_core.package_identification:_identify(src) by extension 'python'
[0.278s] Level 1:colcon.colcon_core.package_identification:_identify(src) by extensions ['python_setup_py']
[0.278s] Level 1:colcon.colcon_core.package_identification:_identify(src) by extension 'python_setup_py'
[0.278s] Level 1:colcon.colcon_core.package_identification:_identify(src/rm_auto_aim) by extensions ['ignore', 'ignore_ament_install']
[0.279s] Level 1:colcon.colcon_core.package_identification:_identify(src/rm_auto_aim) by extension 'ignore'
[0.279s] Level 1:colcon.colcon_core.package_identification:_identify(src/rm_auto_aim) by extension 'ignore_ament_install'
[0.279s] Level 1:colcon.colcon_core.package_identification:_identify(src/rm_auto_aim) by extensions ['colcon_pkg']
[0.279s] Level 1:colcon.colcon_core.package_identification:_identify(src/rm_auto_aim) by extension 'colcon_pkg'
[0.279s] Level 1:colcon.colcon_core.package_identification:_identify(src/rm_auto_aim) by extensions ['colcon_meta']
[0.279s] Level 1:colcon.colcon_core.package_identification:_identify(src/rm_auto_aim) by extension 'colcon_meta'
[0.279s] Level 1:colcon.colcon_core.package_identification:_identify(src/rm_auto_aim) by extensions ['ros']
[0.279s] Level 1:colcon.colcon_core.package_identification:_identify(src/rm_auto_aim) by extension 'ros'
[0.279s] Level 1:colcon.colcon_core.package_identification:_identify(src/rm_auto_aim) by extensions ['cmake', 'python']
[0.279s] Level 1:colcon.colcon_core.package_identification:_identify(src/rm_auto_aim) by extension 'cmake'
[0.279s] Level 1:colcon.colcon_core.package_identification:_identify(src/rm_auto_aim) by extension 'python'
[0.279s] Level 1:colcon.colcon_core.package_identification:_identify(src/rm_auto_aim) by extensions ['python_setup_py']
[0.279s] Level 1:colcon.colcon_core.package_identification:_identify(src/rm_auto_aim) by extension 'python_setup_py'
[0.279s] Level 1:colcon.colcon_core.package_identification:_identify(src/rm_auto_aim/armor_detector) by extensions ['ignore', 'ignore_ament_install']
[0.279s] Level 1:colcon.colcon_core.package_identification:_identify(src/rm_auto_aim/armor_detector) by extension 'ignore'
[0.279s] Level 1:colcon.colcon_core.package_identification:_identify(src/rm_auto_aim/armor_detector) by extension 'ignore_ament_install'
[0.279s] Level 1:colcon.colcon_core.package_identification:_identify(src/rm_auto_aim/armor_detector) by extensions ['colcon_pkg']
[0.279s] Level 1:colcon.colcon_core.package_identification:_identify(src/rm_auto_aim/armor_detector) by extension 'colcon_pkg'
[0.279s] Level 1:colcon.colcon_core.package_identification:_identify(src/rm_auto_aim/armor_detector) by extensions ['colcon_meta']
[0.279s] Level 1:colcon.colcon_core.package_identification:_identify(src/rm_auto_aim/armor_detector) by extension 'colcon_meta'
[0.279s] Level 1:colcon.colcon_core.package_identification:_identify(src/rm_auto_aim/armor_detector) by extensions ['ros']
[0.279s] Level 1:colcon.colcon_core.package_identification:_identify(src/rm_auto_aim/armor_detector) by extension 'ros'
[0.282s] DEBUG:colcon.colcon_core.package_identification:Package 'src/rm_auto_aim/armor_detector' with type 'ros.ament_cmake' and name 'armor_detector'
[0.282s] Level 1:colcon.colcon_core.package_identification:_identify(src/rm_auto_aim/armor_tracker) by extensions ['ignore', 'ignore_ament_install']
[0.282s] Level 1:colcon.colcon_core.package_identification:_identify(src/rm_auto_aim/armor_tracker) by extension 'ignore'
[0.282s] Level 1:colcon.colcon_core.package_identification:_identify(src/rm_auto_aim/armor_tracker) by extension 'ignore_ament_install'
[0.282s] Level 1:colcon.colcon_core.package_identification:_identify(src/rm_auto_aim/armor_tracker) by extensions ['colcon_pkg']
[0.282s] Level 1:colcon.colcon_core.package_identification:_identify(src/rm_auto_aim/armor_tracker) by extension 'colcon_pkg'
[0.282s] Level 1:colcon.colcon_core.package_identification:_identify(src/rm_auto_aim/armor_tracker) by extensions ['colcon_meta']
[0.282s] Level 1:colcon.colcon_core.package_identification:_identify(src/rm_auto_aim/armor_tracker) by extension 'colcon_meta'
[0.282s] Level 1:colcon.colcon_core.package_identification:_identify(src/rm_auto_aim/armor_tracker) by extensions ['ros']
[0.282s] Level 1:colcon.colcon_core.package_identification:_identify(src/rm_auto_aim/armor_tracker) by extension 'ros'
[0.283s] DEBUG:colcon.colcon_core.package_identification:Package 'src/rm_auto_aim/armor_tracker' with type 'ros.ament_cmake' and name 'armor_tracker'
[0.283s] Level 1:colcon.colcon_core.package_identification:_identify(src/rm_auto_aim/auto_aim_interfaces) by extensions ['ignore', 'ignore_ament_install']
[0.283s] Level 1:colcon.colcon_core.package_identification:_identify(src/rm_auto_aim/auto_aim_interfaces) by extension 'ignore'
[0.284s] Level 1:colcon.colcon_core.package_identification:_identify(src/rm_auto_aim/auto_aim_interfaces) by extension 'ignore_ament_install'
[0.284s] Level 1:colcon.colcon_core.package_identification:_identify(src/rm_auto_aim/auto_aim_interfaces) by extensions ['colcon_pkg']
[0.284s] Level 1:colcon.colcon_core.package_identification:_identify(src/rm_auto_aim/auto_aim_interfaces) by extension 'colcon_pkg'
[0.284s] Level 1:colcon.colcon_core.package_identification:_identify(src/rm_auto_aim/auto_aim_interfaces) by extensions ['colcon_meta']
[0.284s] Level 1:colcon.colcon_core.package_identification:_identify(src/rm_auto_aim/auto_aim_interfaces) by extension 'colcon_meta'
[0.284s] Level 1:colcon.colcon_core.package_identification:_identify(src/rm_auto_aim/auto_aim_interfaces) by extensions ['ros']
[0.284s] Level 1:colcon.colcon_core.package_identification:_identify(src/rm_auto_aim/auto_aim_interfaces) by extension 'ros'
[0.284s] DEBUG:colcon.colcon_core.package_identification:Package 'src/rm_auto_aim/auto_aim_interfaces' with type 'ros.ament_cmake' and name 'auto_aim_interfaces'
[0.284s] Level 1:colcon.colcon_core.package_identification:_identify(src/rm_auto_aim/docs) by extensions ['ignore', 'ignore_ament_install']
[0.284s] Level 1:colcon.colcon_core.package_identification:_identify(src/rm_auto_aim/docs) by extension 'ignore'
[0.284s] Level 1:colcon.colcon_core.package_identification:_identify(src/rm_auto_aim/docs) by extension 'ignore_ament_install'
[0.284s] Level 1:colcon.colcon_core.package_identification:_identify(src/rm_auto_aim/docs) by extensions ['colcon_pkg']
[0.284s] Level 1:colcon.colcon_core.package_identification:_identify(src/rm_auto_aim/docs) by extension 'colcon_pkg'
[0.284s] Level 1:colcon.colcon_core.package_identification:_identify(src/rm_auto_aim/docs) by extensions ['colcon_meta']
[0.284s] Level 1:colcon.colcon_core.package_identification:_identify(src/rm_auto_aim/docs) by extension 'colcon_meta'
[0.284s] Level 1:colcon.colcon_core.package_identification:_identify(src/rm_auto_aim/docs) by extensions ['ros']
[0.284s] Level 1:colcon.colcon_core.package_identification:_identify(src/rm_auto_aim/docs) by extension 'ros'
[0.284s] Level 1:colcon.colcon_core.package_identification:_identify(src/rm_auto_aim/docs) by extensions ['cmake', 'python']
[0.284s] Level 1:colcon.colcon_core.package_identification:_identify(src/rm_auto_aim/docs) by extension 'cmake'
[0.284s] Level 1:colcon.colcon_core.package_identification:_identify(src/rm_auto_aim/docs) by extension 'python'
[0.285s] Level 1:colcon.colcon_core.package_identification:_identify(src/rm_auto_aim/docs) by extensions ['python_setup_py']
[0.285s] Level 1:colcon.colcon_core.package_identification:_identify(src/rm_auto_aim/docs) by extension 'python_setup_py'
[0.285s] Level 1:colcon.colcon_core.package_identification:_identify(src/rm_auto_aim/workflows) by extensions ['ignore', 'ignore_ament_install']
[0.285s] Level 1:colcon.colcon_core.package_identification:_identify(src/rm_auto_aim/workflows) by extension 'ignore'
[0.285s] Level 1:colcon.colcon_core.package_identification:_identify(src/rm_auto_aim/workflows) by extension 'ignore_ament_install'
[0.285s] Level 1:colcon.colcon_core.package_identification:_identify(src/rm_auto_aim/workflows) by extensions ['colcon_pkg']
[0.285s] Level 1:colcon.colcon_core.package_identification:_identify(src/rm_auto_aim/workflows) by extension 'colcon_pkg'
[0.285s] Level 1:colcon.colcon_core.package_identification:_identify(src/rm_auto_aim/workflows) by extensions ['colcon_meta']
[0.285s] Level 1:colcon.colcon_core.package_identification:_identify(src/rm_auto_aim/workflows) by extension 'colcon_meta'
[0.285s] Level 1:colcon.colcon_core.package_identification:_identify(src/rm_auto_aim/workflows) by extensions ['ros']
[0.285s] Level 1:colcon.colcon_core.package_identification:_identify(src/rm_auto_aim/workflows) by extension 'ros'
[0.285s] Level 1:colcon.colcon_core.package_identification:_identify(src/rm_auto_aim/workflows) by extensions ['cmake', 'python']
[0.285s] Level 1:colcon.colcon_core.package_identification:_identify(src/rm_auto_aim/workflows) by extension 'cmake'
[0.285s] Level 1:colcon.colcon_core.package_identification:_identify(src/rm_auto_aim/workflows) by extension 'python'
[0.285s] Level 1:colcon.colcon_core.package_identification:_identify(src/rm_auto_aim/workflows) by extensions ['python_setup_py']
[0.285s] Level 1:colcon.colcon_core.package_identification:_identify(src/rm_auto_aim/workflows) by extension 'python_setup_py'
[0.285s] Level 1:colcon.colcon_core.package_identification:_identify(src/rm_gimbal_description) by extensions ['ignore', 'ignore_ament_install']
[0.285s] Level 1:colcon.colcon_core.package_identification:_identify(src/rm_gimbal_description) by extension 'ignore'
[0.285s] Level 1:colcon.colcon_core.package_identification:_identify(src/rm_gimbal_description) by extension 'ignore_ament_install'
[0.285s] Level 1:colcon.colcon_core.package_identification:_identify(src/rm_gimbal_description) by extensions ['colcon_pkg']
[0.285s] Level 1:colcon.colcon_core.package_identification:_identify(src/rm_gimbal_description) by extension 'colcon_pkg'
[0.285s] Level 1:colcon.colcon_core.package_identification:_identify(src/rm_gimbal_description) by extensions ['colcon_meta']
[0.285s] Level 1:colcon.colcon_core.package_identification:_identify(src/rm_gimbal_description) by extension 'colcon_meta'
[0.285s] Level 1:colcon.colcon_core.package_identification:_identify(src/rm_gimbal_description) by extensions ['ros']
[0.285s] Level 1:colcon.colcon_core.package_identification:_identify(src/rm_gimbal_description) by extension 'ros'
[0.286s] DEBUG:colcon.colcon_core.package_identification:Package 'src/rm_gimbal_description' with type 'ros.ament_cmake' and name 'rm_gimbal_description'
[0.286s] Level 1:colcon.colcon_core.package_identification:_identify(src/rm_serial_driver) by extensions ['ignore', 'ignore_ament_install']
[0.286s] Level 1:colcon.colcon_core.package_identification:_identify(src/rm_serial_driver) by extension 'ignore'
[0.286s] Level 1:colcon.colcon_core.package_identification:_identify(src/rm_serial_driver) by extension 'ignore_ament_install'
[0.286s] Level 1:colcon.colcon_core.package_identification:_identify(src/rm_serial_driver) by extensions ['colcon_pkg']
[0.286s] Level 1:colcon.colcon_core.package_identification:_identify(src/rm_serial_driver) by extension 'colcon_pkg'
[0.286s] Level 1:colcon.colcon_core.package_identification:_identify(src/rm_serial_driver) by extensions ['colcon_meta']
[0.286s] Level 1:colcon.colcon_core.package_identification:_identify(src/rm_serial_driver) by extension 'colcon_meta'
[0.286s] Level 1:colcon.colcon_core.package_identification:_identify(src/rm_serial_driver) by extensions ['ros']
[0.286s] Level 1:colcon.colcon_core.package_identification:_identify(src/rm_serial_driver) by extension 'ros'
[0.287s] DEBUG:colcon.colcon_core.package_identification:Package 'src/rm_serial_driver' with type 'ros.ament_cmake' and name 'rm_serial_driver'
[0.287s] Level 1:colcon.colcon_core.package_identification:_identify(src/rm_vision) by extensions ['ignore', 'ignore_ament_install']
[0.287s] Level 1:colcon.colcon_core.package_identification:_identify(src/rm_vision) by extension 'ignore'
[0.287s] Level 1:colcon.colcon_core.package_identification:_identify(src/rm_vision) by extension 'ignore_ament_install'
[0.287s] Level 1:colcon.colcon_core.package_identification:_identify(src/rm_vision) by extensions ['colcon_pkg']
[0.287s] Level 1:colcon.colcon_core.package_identification:_identify(src/rm_vision) by extension 'colcon_pkg'
[0.287s] Level 1:colcon.colcon_core.package_identification:_identify(src/rm_vision) by extensions ['colcon_meta']
[0.287s] Level 1:colcon.colcon_core.package_identification:_identify(src/rm_vision) by extension 'colcon_meta'
[0.287s] Level 1:colcon.colcon_core.package_identification:_identify(src/rm_vision) by extensions ['ros']
[0.287s] Level 1:colcon.colcon_core.package_identification:_identify(src/rm_vision) by extension 'ros'
[0.287s] Level 1:colcon.colcon_core.package_identification:_identify(src/rm_vision) by extensions ['cmake', 'python']
[0.287s] Level 1:colcon.colcon_core.package_identification:_identify(src/rm_vision) by extension 'cmake'
[0.287s] Level 1:colcon.colcon_core.package_identification:_identify(src/rm_vision) by extension 'python'
[0.287s] Level 1:colcon.colcon_core.package_identification:_identify(src/rm_vision) by extensions ['python_setup_py']
[0.287s] Level 1:colcon.colcon_core.package_identification:_identify(src/rm_vision) by extension 'python_setup_py'
[0.287s] Level 1:colcon.colcon_core.package_identification:_identify(src/rm_vision/docs) by extensions ['ignore', 'ignore_ament_install']
[0.288s] Level 1:colcon.colcon_core.package_identification:_identify(src/rm_vision/docs) by extension 'ignore'
[0.288s] Level 1:colcon.colcon_core.package_identification:_identify(src/rm_vision/docs) by extension 'ignore_ament_install'
[0.288s] Level 1:colcon.colcon_core.package_identification:_identify(src/rm_vision/docs) by extensions ['colcon_pkg']
[0.288s] Level 1:colcon.colcon_core.package_identification:_identify(src/rm_vision/docs) by extension 'colcon_pkg'
[0.288s] Level 1:colcon.colcon_core.package_identification:_identify(src/rm_vision/docs) by extensions ['colcon_meta']
[0.288s] Level 1:colcon.colcon_core.package_identification:_identify(src/rm_vision/docs) by extension 'colcon_meta'
[0.288s] Level 1:colcon.colcon_core.package_identification:_identify(src/rm_vision/docs) by extensions ['ros']
[0.288s] Level 1:colcon.colcon_core.package_identification:_identify(src/rm_vision/docs) by extension 'ros'
[0.288s] Level 1:colcon.colcon_core.package_identification:_identify(src/rm_vision/docs) by extensions ['cmake', 'python']
[0.288s] Level 1:colcon.colcon_core.package_identification:_identify(src/rm_vision/docs) by extension 'cmake'
[0.288s] Level 1:colcon.colcon_core.package_identification:_identify(src/rm_vision/docs) by extension 'python'
[0.288s] Level 1:colcon.colcon_core.package_identification:_identify(src/rm_vision/docs) by extensions ['python_setup_py']
[0.288s] Level 1:colcon.colcon_core.package_identification:_identify(src/rm_vision/docs) by extension 'python_setup_py'
[0.288s] Level 1:colcon.colcon_core.package_identification:_identify(src/rm_vision/rm_vision_bringup) by extensions ['ignore', 'ignore_ament_install']
[0.288s] Level 1:colcon.colcon_core.package_identification:_identify(src/rm_vision/rm_vision_bringup) by extension 'ignore'
[0.288s] Level 1:colcon.colcon_core.package_identification:_identify(src/rm_vision/rm_vision_bringup) by extension 'ignore_ament_install'
[0.288s] Level 1:colcon.colcon_core.package_identification:_identify(src/rm_vision/rm_vision_bringup) by extensions ['colcon_pkg']
[0.288s] Level 1:colcon.colcon_core.package_identification:_identify(src/rm_vision/rm_vision_bringup) by extension 'colcon_pkg'
[0.288s] Level 1:colcon.colcon_core.package_identification:_identify(src/rm_vision/rm_vision_bringup) by extensions ['colcon_meta']
[0.288s] Level 1:colcon.colcon_core.package_identification:_identify(src/rm_vision/rm_vision_bringup) by extension 'colcon_meta'
[0.288s] Level 1:colcon.colcon_core.package_identification:_identify(src/rm_vision/rm_vision_bringup) by extensions ['ros']
[0.288s] Level 1:colcon.colcon_core.package_identification:_identify(src/rm_vision/rm_vision_bringup) by extension 'ros'
[0.289s] DEBUG:colcon.colcon_core.package_identification:Package 'src/rm_vision/rm_vision_bringup' with type 'ros.ament_cmake' and name 'rm_vision_bringup'
[0.289s] Level 1:colcon.colcon_core.package_discovery:discover_packages(recursive) using defaults
[0.289s] Level 1:colcon.colcon_core.package_discovery:discover_packages(ignore) discover
[0.289s] Level 1:colcon.colcon_core.package_discovery:discover_packages(ignore) using defaults
[0.289s] Level 1:colcon.colcon_core.package_discovery:discover_packages(path) discover
[0.289s] Level 1:colcon.colcon_core.package_discovery:discover_packages(path) using defaults
[0.307s] Level 1:colcon.colcon_core.package_discovery:discover_packages(prefix_path) check parameters
[0.307s] Level 1:colcon.colcon_core.package_discovery:discover_packages(prefix_path) discover
[0.308s] WARNING:colcon.colcon_ros.prefix_path.ament:The path '/home/dan/MA/CJ/install/rm_vision_bringup' in the environment variable AMENT_PREFIX_PATH doesn't exist
[0.308s] WARNING:colcon.colcon_ros.prefix_path.ament:The path '/home/dan/MA/CJ/install/rm_serial_driver' in the environment variable AMENT_PREFIX_PATH doesn't exist
[0.308s] WARNING:colcon.colcon_ros.prefix_path.ament:The path '/home/dan/MA/CJ/install/armor_tracker' in the environment variable AMENT_PREFIX_PATH doesn't exist
[0.308s] WARNING:colcon.colcon_ros.prefix_path.ament:The path '/home/dan/MA/CJ/install/armor_detector' in the environment variable AMENT_PREFIX_PATH doesn't exist
[0.308s] WARNING:colcon.colcon_ros.prefix_path.ament:The path '/home/dan/MA/CJ/install/auto_aim_interfaces' in the environment variable AMENT_PREFIX_PATH doesn't exist
[0.308s] WARNING:colcon.colcon_ros.prefix_path.catkin:The path '/home/dan/MA/CJ/install/rm_vision_bringup' in the environment variable CMAKE_PREFIX_PATH doesn't exist
[0.308s] WARNING:colcon.colcon_ros.prefix_path.catkin:The path '/home/dan/MA/CJ/install/rm_serial_driver' in the environment variable CMAKE_PREFIX_PATH doesn't exist
[0.308s] WARNING:colcon.colcon_ros.prefix_path.catkin:The path '/home/dan/MA/CJ/install/armor_tracker' in the environment variable CMAKE_PREFIX_PATH doesn't exist
[0.308s] WARNING:colcon.colcon_ros.prefix_path.catkin:The path '/home/dan/MA/CJ/install/armor_detector' in the environment variable CMAKE_PREFIX_PATH doesn't exist
[0.308s] WARNING:colcon.colcon_ros.prefix_path.catkin:The path '/home/dan/MA/CJ/install/auto_aim_interfaces' in the environment variable CMAKE_PREFIX_PATH doesn't exist
[0.309s] DEBUG:colcon.colcon_installed_package_information.package_discovery:Found 0 installed packages in /home/dan/MA/CJ/install
[0.309s] DEBUG:colcon.colcon_installed_package_information.package_discovery:Found 1 installed packages in /home/dan/Downloads/livox_driver2/install
[0.311s] DEBUG:colcon.colcon_installed_package_information.package_discovery:Found 397 installed packages in /opt/ros/humble
[0.312s] Level 1:colcon.colcon_core.package_discovery:discover_packages(prefix_path) using defaults
[0.377s] Level 5:colcon.colcon_core.verb:set package 'auto_aim_interfaces' build argument 'cmake_args' from command line to 'None'
[0.377s] Level 5:colcon.colcon_core.verb:set package 'auto_aim_interfaces' build argument 'cmake_target' from command line to 'None'
[0.377s] Level 5:colcon.colcon_core.verb:set package 'auto_aim_interfaces' build argument 'cmake_target_skip_unavailable' from command line to 'False'
[0.377s] Level 5:colcon.colcon_core.verb:set package 'auto_aim_interfaces' build argument 'cmake_clean_cache' from command line to 'False'
[0.377s] Level 5:colcon.colcon_core.verb:set package 'auto_aim_interfaces' build argument 'cmake_clean_first' from command line to 'False'
[0.377s] Level 5:colcon.colcon_core.verb:set package 'auto_aim_interfaces' build argument 'cmake_force_configure' from command line to 'False'
[0.377s] Level 5:colcon.colcon_core.verb:set package 'auto_aim_interfaces' build argument 'ament_cmake_args' from command line to 'None'
[0.377s] Level 5:colcon.colcon_core.verb:set package 'auto_aim_interfaces' build argument 'catkin_cmake_args' from command line to 'None'
[0.377s] Level 5:colcon.colcon_core.verb:set package 'auto_aim_interfaces' build argument 'catkin_skip_building_tests' from command line to 'False'
[0.377s] DEBUG:colcon.colcon_core.verb:Building package 'auto_aim_interfaces' with the following arguments: {'ament_cmake_args': None, 'build_base': '/home/dan/MA/CJ/build/auto_aim_interfaces', 'catkin_cmake_args': None, 'catkin_skip_building_tests': False, 'cmake_args': None, 'cmake_clean_cache': False, 'cmake_clean_first': False, 'cmake_force_configure': False, 'cmake_target': None, 'cmake_target_skip_unavailable': False, 'install_base': '/home/dan/MA/CJ/install/auto_aim_interfaces', 'merge_install': False, 'path': '/home/dan/MA/CJ/src/rm_auto_aim/auto_aim_interfaces', 'symlink_install': False, 'test_result_base': None}
[0.378s] Level 5:colcon.colcon_core.verb:set package 'rm_gimbal_description' build argument 'cmake_args' from command line to 'None'
[0.378s] Level 5:colcon.colcon_core.verb:set package 'rm_gimbal_description' build argument 'cmake_target' from command line to 'None'
[0.378s] Level 5:colcon.colcon_core.verb:set package 'rm_gimbal_description' build argument 'cmake_target_skip_unavailable' from command line to 'False'
[0.378s] Level 5:colcon.colcon_core.verb:set package 'rm_gimbal_description' build argument 'cmake_clean_cache' from command line to 'False'
[0.378s] Level 5:colcon.colcon_core.verb:set package 'rm_gimbal_description' build argument 'cmake_clean_first' from command line to 'False'
[0.378s] Level 5:colcon.colcon_core.verb:set package 'rm_gimbal_description' build argument 'cmake_force_configure' from command line to 'False'
[0.378s] Level 5:colcon.colcon_core.verb:set package 'rm_gimbal_description' build argument 'ament_cmake_args' from command line to 'None'
[0.378s] Level 5:colcon.colcon_core.verb:set package 'rm_gimbal_description' build argument 'catkin_cmake_args' from command line to 'None'
[0.378s] Level 5:colcon.colcon_core.verb:set package 'rm_gimbal_description' build argument 'catkin_skip_building_tests' from command line to 'False'
[0.378s] DEBUG:colcon.colcon_core.verb:Building package 'rm_gimbal_description' with the following arguments: {'ament_cmake_args': None, 'build_base': '/home/dan/MA/CJ/build/rm_gimbal_description', 'catkin_cmake_args': None, 'catkin_skip_building_tests': False, 'cmake_args': None, 'cmake_clean_cache': False, 'cmake_clean_first': False, 'cmake_force_configure': False, 'cmake_target': None, 'cmake_target_skip_unavailable': False, 'install_base': '/home/dan/MA/CJ/install/rm_gimbal_description', 'merge_install': False, 'path': '/home/dan/MA/CJ/src/rm_gimbal_description', 'symlink_install': False, 'test_result_base': None}
[0.380s] Level 5:colcon.colcon_core.verb:set package 'armor_detector' build argument 'cmake_args' from command line to 'None'
[0.380s] Level 5:colcon.colcon_core.verb:set package 'armor_detector' build argument 'cmake_target' from command line to 'None'
[0.380s] Level 5:colcon.colcon_core.verb:set package 'armor_detector' build argument 'cmake_target_skip_unavailable' from command line to 'False'
[0.380s] Level 5:colcon.colcon_core.verb:set package 'armor_detector' build argument 'cmake_clean_cache' from command line to 'False'
[0.380s] Level 5:colcon.colcon_core.verb:set package 'armor_detector' build argument 'cmake_clean_first' from command line to 'False'
[0.380s] Level 5:colcon.colcon_core.verb:set package 'armor_detector' build argument 'cmake_force_configure' from command line to 'False'
[0.380s] Level 5:colcon.colcon_core.verb:set package 'armor_detector' build argument 'ament_cmake_args' from command line to 'None'
[0.380s] Level 5:colcon.colcon_core.verb:set package 'armor_detector' build argument 'catkin_cmake_args' from command line to 'None'
[0.380s] Level 5:colcon.colcon_core.verb:set package 'armor_detector' build argument 'catkin_skip_building_tests' from command line to 'False'
[0.380s] DEBUG:colcon.colcon_core.verb:Building package 'armor_detector' with the following arguments: {'ament_cmake_args': None, 'build_base': '/home/dan/MA/CJ/build/armor_detector', 'catkin_cmake_args': None, 'catkin_skip_building_tests': False, 'cmake_args': None, 'cmake_clean_cache': False, 'cmake_clean_first': False, 'cmake_force_configure': False, 'cmake_target': None, 'cmake_target_skip_unavailable': False, 'install_base': '/home/dan/MA/CJ/install/armor_detector', 'merge_install': False, 'path': '/home/dan/MA/CJ/src/rm_auto_aim/armor_detector', 'symlink_install': False, 'test_result_base': None}
[0.381s] Level 5:colcon.colcon_core.verb:set package 'armor_tracker' build argument 'cmake_args' from command line to 'None'
[0.381s] Level 5:colcon.colcon_core.verb:set package 'armor_tracker' build argument 'cmake_target' from command line to 'None'
[0.381s] Level 5:colcon.colcon_core.verb:set package 'armor_tracker' build argument 'cmake_target_skip_unavailable' from command line to 'False'
[0.381s] Level 5:colcon.colcon_core.verb:set package 'armor_tracker' build argument 'cmake_clean_cache' from command line to 'False'
[0.381s] Level 5:colcon.colcon_core.verb:set package 'armor_tracker' build argument 'cmake_clean_first' from command line to 'False'
[0.381s] Level 5:colcon.colcon_core.verb:set package 'armor_tracker' build argument 'cmake_force_configure' from command line to 'False'
[0.381s] Level 5:colcon.colcon_core.verb:set package 'armor_tracker' build argument 'ament_cmake_args' from command line to 'None'
[0.381s] Level 5:colcon.colcon_core.verb:set package 'armor_tracker' build argument 'catkin_cmake_args' from command line to 'None'
[0.381s] Level 5:colcon.colcon_core.verb:set package 'armor_tracker' build argument 'catkin_skip_building_tests' from command line to 'False'
[0.381s] DEBUG:colcon.colcon_core.verb:Building package 'armor_tracker' with the following arguments: {'ament_cmake_args': None, 'build_base': '/home/dan/MA/CJ/build/armor_tracker', 'catkin_cmake_args': None, 'catkin_skip_building_tests': False, 'cmake_args': None, 'cmake_clean_cache': False, 'cmake_clean_first': False, 'cmake_force_configure': False, 'cmake_target': None, 'cmake_target_skip_unavailable': False, 'install_base': '/home/dan/MA/CJ/install/armor_tracker', 'merge_install': False, 'path': '/home/dan/MA/CJ/src/rm_auto_aim/armor_tracker', 'symlink_install': False, 'test_result_base': None}
[0.382s] Level 5:colcon.colcon_core.verb:set package 'rm_serial_driver' build argument 'cmake_args' from command line to 'None'
[0.382s] Level 5:colcon.colcon_core.verb:set package 'rm_serial_driver' build argument 'cmake_target' from command line to 'None'
[0.382s] Level 5:colcon.colcon_core.verb:set package 'rm_serial_driver' build argument 'cmake_target_skip_unavailable' from command line to 'False'
[0.382s] Level 5:colcon.colcon_core.verb:set package 'rm_serial_driver' build argument 'cmake_clean_cache' from command line to 'False'
[0.382s] Level 5:colcon.colcon_core.verb:set package 'rm_serial_driver' build argument 'cmake_clean_first' from command line to 'False'
[0.382s] Level 5:colcon.colcon_core.verb:set package 'rm_serial_driver' build argument 'cmake_force_configure' from command line to 'False'
[0.382s] Level 5:colcon.colcon_core.verb:set package 'rm_serial_driver' build argument 'ament_cmake_args' from command line to 'None'
[0.382s] Level 5:colcon.colcon_core.verb:set package 'rm_serial_driver' build argument 'catkin_cmake_args' from command line to 'None'
[0.383s] Level 5:colcon.colcon_core.verb:set package 'rm_serial_driver' build argument 'catkin_skip_building_tests' from command line to 'False'
[0.383s] DEBUG:colcon.colcon_core.verb:Building package 'rm_serial_driver' with the following arguments: {'ament_cmake_args': None, 'build_base': '/home/dan/MA/CJ/build/rm_serial_driver', 'catkin_cmake_args': None, 'catkin_skip_building_tests': False, 'cmake_args': None, 'cmake_clean_cache': False, 'cmake_clean_first': False, 'cmake_force_configure': False, 'cmake_target': None, 'cmake_target_skip_unavailable': False, 'install_base': '/home/dan/MA/CJ/install/rm_serial_driver', 'merge_install': False, 'path': '/home/dan/MA/CJ/src/rm_serial_driver', 'symlink_install': False, 'test_result_base': None}
[0.384s] Level 5:colcon.colcon_core.verb:set package 'rm_vision_bringup' build argument 'cmake_args' from command line to 'None'
[0.384s] Level 5:colcon.colcon_core.verb:set package 'rm_vision_bringup' build argument 'cmake_target' from command line to 'None'
[0.384s] Level 5:colcon.colcon_core.verb:set package 'rm_vision_bringup' build argument 'cmake_target_skip_unavailable' from command line to 'False'
[0.384s] Level 5:colcon.colcon_core.verb:set package 'rm_vision_bringup' build argument 'cmake_clean_cache' from command line to 'False'
[0.384s] Level 5:colcon.colcon_core.verb:set package 'rm_vision_bringup' build argument 'cmake_clean_first' from command line to 'False'
[0.384s] Level 5:colcon.colcon_core.verb:set package 'rm_vision_bringup' build argument 'cmake_force_configure' from command line to 'False'
[0.384s] Level 5:colcon.colcon_core.verb:set package 'rm_vision_bringup' build argument 'ament_cmake_args' from command line to 'None'
[0.384s] Level 5:colcon.colcon_core.verb:set package 'rm_vision_bringup' build argument 'catkin_cmake_args' from command line to 'None'
[0.384s] Level 5:colcon.colcon_core.verb:set package 'rm_vision_bringup' build argument 'catkin_skip_building_tests' from command line to 'False'
[0.384s] DEBUG:colcon.colcon_core.verb:Building package 'rm_vision_bringup' with the following arguments: {'ament_cmake_args': None, 'build_base': '/home/dan/MA/CJ/build/rm_vision_bringup', 'catkin_cmake_args': None, 'catkin_skip_building_tests': False, 'cmake_args': None, 'cmake_clean_cache': False, 'cmake_clean_first': False, 'cmake_force_configure': False, 'cmake_target': None, 'cmake_target_skip_unavailable': False, 'install_base': '/home/dan/MA/CJ/install/rm_vision_bringup', 'merge_install': False, 'path': '/home/dan/MA/CJ/src/rm_vision/rm_vision_bringup', 'symlink_install': False, 'test_result_base': None}
[0.385s] INFO:colcon.colcon_core.executor:Executing jobs using 'parallel' executor
[0.389s] DEBUG:colcon.colcon_parallel_executor.executor.parallel:run_until_complete
[0.390s] INFO:colcon.colcon_ros.task.ament_cmake.build:Building ROS package in '/home/dan/MA/CJ/src/rm_auto_aim/auto_aim_interfaces' with build type 'ament_cmake'
[0.390s] INFO:colcon.colcon_cmake.task.cmake.build:Building CMake package in '/home/dan/MA/CJ/src/rm_auto_aim/auto_aim_interfaces'
[0.394s] INFO:colcon.colcon_core.plugin_system:Skipping extension 'colcon_core.shell.bat': Not used on non-Windows systems
[0.395s] INFO:colcon.colcon_core.shell:Skip shell extension 'powershell' for command environment: Not usable outside of PowerShell
[0.395s] DEBUG:colcon.colcon_core.shell:Skip shell extension 'dsv' for command environment
[0.402s] INFO:colcon.colcon_ros.task.ament_cmake.build:Building ROS package in '/home/dan/MA/CJ/src/rm_gimbal_description' with build type 'ament_cmake'
[0.402s] INFO:colcon.colcon_cmake.task.cmake.build:Building CMake package in '/home/dan/MA/CJ/src/rm_gimbal_description'
[0.404s] INFO:colcon.colcon_core.shell:Skip shell extension 'powershell' for command environment: Not usable outside of PowerShell
[0.404s] DEBUG:colcon.colcon_core.shell:Skip shell extension 'dsv' for command environment
[0.432s] DEBUG:colcon.colcon_core.event_handler.log_command:Invoking command in '/home/dan/MA/CJ/build/auto_aim_interfaces': CMAKE_PREFIX_PATH=${CMAKE_PREFIX_PATH}:/opt/ros/humble /usr/bin/cmake /home/dan/MA/CJ/src/rm_auto_aim/auto_aim_interfaces -DCMAKE_INSTALL_PREFIX=/home/dan/MA/CJ/install/auto_aim_interfaces
[0.439s] DEBUG:colcon.colcon_core.event_handler.log_command:Invoking command in '/home/dan/MA/CJ/build/rm_gimbal_description': CMAKE_PREFIX_PATH=${CMAKE_PREFIX_PATH}:/opt/ros/humble /usr/bin/cmake /home/dan/MA/CJ/src/rm_gimbal_description -DCMAKE_INSTALL_PREFIX=/home/dan/MA/CJ/install/rm_gimbal_description
[1.114s] DEBUG:colcon.colcon_core.event_handler.log_command:Invoked command in '/home/dan/MA/CJ/build/rm_gimbal_description' returned '0': CMAKE_PREFIX_PATH=${CMAKE_PREFIX_PATH}:/opt/ros/humble /usr/bin/cmake /home/dan/MA/CJ/src/rm_gimbal_description -DCMAKE_INSTALL_PREFIX=/home/dan/MA/CJ/install/rm_gimbal_description
[1.117s] DEBUG:colcon.colcon_core.event_handler.log_command:Invoking command in '/home/dan/MA/CJ/build/rm_gimbal_description': CMAKE_PREFIX_PATH=${CMAKE_PREFIX_PATH}:/opt/ros/humble /usr/bin/cmake --build /home/dan/MA/CJ/build/rm_gimbal_description -- -j16 -l16
[1.156s] DEBUG:colcon.colcon_core.event_handler.log_command:Invoked command in '/home/dan/MA/CJ/build/rm_gimbal_description' returned '0': CMAKE_PREFIX_PATH=${CMAKE_PREFIX_PATH}:/opt/ros/humble /usr/bin/cmake --build /home/dan/MA/CJ/build/rm_gimbal_description -- -j16 -l16
[1.186s] DEBUG:colcon.colcon_core.event_handler.log_command:Invoking command in '/home/dan/MA/CJ/build/rm_gimbal_description': CMAKE_PREFIX_PATH=${CMAKE_PREFIX_PATH}:/opt/ros/humble /usr/bin/cmake --install /home/dan/MA/CJ/build/rm_gimbal_description
[1.197s] Level 1:colcon.colcon_core.environment:create_environment_scripts_only(rm_gimbal_description)
[1.198s] DEBUG:colcon.colcon_core.event_handler.log_command:Invoked command in '/home/dan/MA/CJ/build/rm_gimbal_description' returned '0': CMAKE_PREFIX_PATH=${CMAKE_PREFIX_PATH}:/opt/ros/humble /usr/bin/cmake --install /home/dan/MA/CJ/build/rm_gimbal_description
[1.201s] Level 1:colcon.colcon_core.environment:checking '/home/dan/MA/CJ/install/rm_gimbal_description' for CMake module files
[1.202s] Level 1:colcon.colcon_core.environment:checking '/home/dan/MA/CJ/install/rm_gimbal_description' for CMake config files
[1.202s] Level 1:colcon.colcon_core.shell:create_environment_hook('rm_gimbal_description', 'cmake_prefix_path')
[1.203s] INFO:colcon.colcon_core.shell:Creating environment hook '/home/dan/MA/CJ/install/rm_gimbal_description/share/rm_gimbal_description/hook/cmake_prefix_path.ps1'
[1.203s] INFO:colcon.colcon_core.shell:Creating environment descriptor '/home/dan/MA/CJ/install/rm_gimbal_description/share/rm_gimbal_description/hook/cmake_prefix_path.dsv'
[1.204s] INFO:colcon.colcon_core.shell:Creating environment hook '/home/dan/MA/CJ/install/rm_gimbal_description/share/rm_gimbal_description/hook/cmake_prefix_path.sh'
[1.204s] Level 1:colcon.colcon_core.environment:checking '/home/dan/MA/CJ/install/rm_gimbal_description/bin'
[1.204s] Level 1:colcon.colcon_core.environment:checking '/home/dan/MA/CJ/install/rm_gimbal_description/lib/pkgconfig/rm_gimbal_description.pc'
[1.204s] Level 1:colcon.colcon_core.environment:checking '/home/dan/MA/CJ/install/rm_gimbal_description/lib/python3.10/site-packages'
[1.205s] Level 1:colcon.colcon_core.environment:checking '/home/dan/MA/CJ/install/rm_gimbal_description/bin'
[1.206s] INFO:colcon.colcon_core.shell:Creating package script '/home/dan/MA/CJ/install/rm_gimbal_description/share/rm_gimbal_description/package.ps1'
[1.206s] INFO:colcon.colcon_core.shell:Creating package descriptor '/home/dan/MA/CJ/install/rm_gimbal_description/share/rm_gimbal_description/package.dsv'
[1.207s] INFO:colcon.colcon_core.shell:Creating package script '/home/dan/MA/CJ/install/rm_gimbal_description/share/rm_gimbal_description/package.sh'
[1.207s] INFO:colcon.colcon_core.shell:Creating package script '/home/dan/MA/CJ/install/rm_gimbal_description/share/rm_gimbal_description/package.bash'
[1.208s] INFO:colcon.colcon_core.shell:Creating package script '/home/dan/MA/CJ/install/rm_gimbal_description/share/rm_gimbal_description/package.zsh'
[1.208s] Level 1:colcon.colcon_core.environment:create_file_with_runtime_dependencies(/home/dan/MA/CJ/install/rm_gimbal_description/share/colcon-core/packages/rm_gimbal_description)
[1.234s] Level 1:colcon.colcon_core.environment:create_environment_scripts_only(rm_gimbal_description)
[1.235s] Level 1:colcon.colcon_core.environment:checking '/home/dan/MA/CJ/install/rm_gimbal_description' for CMake module files
[1.235s] Level 1:colcon.colcon_core.environment:checking '/home/dan/MA/CJ/install/rm_gimbal_description' for CMake config files
[1.236s] Level 1:colcon.colcon_core.shell:create_environment_hook('rm_gimbal_description', 'cmake_prefix_path')
[1.236s] INFO:colcon.colcon_core.shell:Creating environment hook '/home/dan/MA/CJ/install/rm_gimbal_description/share/rm_gimbal_description/hook/cmake_prefix_path.ps1'
[1.237s] INFO:colcon.colcon_core.shell:Creating environment descriptor '/home/dan/MA/CJ/install/rm_gimbal_description/share/rm_gimbal_description/hook/cmake_prefix_path.dsv'
[1.237s] INFO:colcon.colcon_core.shell:Creating environment hook '/home/dan/MA/CJ/install/rm_gimbal_description/share/rm_gimbal_description/hook/cmake_prefix_path.sh'
[1.238s] Level 1:colcon.colcon_core.environment:checking '/home/dan/MA/CJ/install/rm_gimbal_description/bin'
[1.238s] Level 1:colcon.colcon_core.environment:checking '/home/dan/MA/CJ/install/rm_gimbal_description/lib/pkgconfig/rm_gimbal_description.pc'
[1.238s] Level 1:colcon.colcon_core.environment:checking '/home/dan/MA/CJ/install/rm_gimbal_description/lib/python3.10/site-packages'
[1.238s] Level 1:colcon.colcon_core.environment:checking '/home/dan/MA/CJ/install/rm_gimbal_description/bin'
[1.239s] INFO:colcon.colcon_core.shell:Creating package script '/home/dan/MA/CJ/install/rm_gimbal_description/share/rm_gimbal_description/package.ps1'
[1.240s] INFO:colcon.colcon_core.shell:Creating package descriptor '/home/dan/MA/CJ/install/rm_gimbal_description/share/rm_gimbal_description/package.dsv'
[1.241s] INFO:colcon.colcon_core.shell:Creating package script '/home/dan/MA/CJ/install/rm_gimbal_description/share/rm_gimbal_description/package.sh'
[1.241s] INFO:colcon.colcon_core.shell:Creating package script '/home/dan/MA/CJ/install/rm_gimbal_description/share/rm_gimbal_description/package.bash'
[1.241s] INFO:colcon.colcon_core.shell:Creating package script '/home/dan/MA/CJ/install/rm_gimbal_description/share/rm_gimbal_description/package.zsh'
[1.241s] Level 1:colcon.colcon_core.environment:create_file_with_runtime_dependencies(/home/dan/MA/CJ/install/rm_gimbal_description/share/colcon-core/packages/rm_gimbal_description)
[2.356s] DEBUG:colcon.colcon_core.event_handler.log_command:Invoked command in '/home/dan/MA/CJ/build/auto_aim_interfaces' returned '0': CMAKE_PREFIX_PATH=${CMAKE_PREFIX_PATH}:/opt/ros/humble /usr/bin/cmake /home/dan/MA/CJ/src/rm_auto_aim/auto_aim_interfaces -DCMAKE_INSTALL_PREFIX=/home/dan/MA/CJ/install/auto_aim_interfaces
[2.358s] DEBUG:colcon.colcon_core.event_handler.log_command:Invoking command in '/home/dan/MA/CJ/build/auto_aim_interfaces': CMAKE_PREFIX_PATH=${CMAKE_PREFIX_PATH}:/opt/ros/humble /usr/bin/cmake --build /home/dan/MA/CJ/build/auto_aim_interfaces -- -j16 -l16
[6.567s] DEBUG:colcon.colcon_core.event_handler.log_command:Invoked command in '/home/dan/MA/CJ/build/auto_aim_interfaces' returned '0': CMAKE_PREFIX_PATH=${CMAKE_PREFIX_PATH}:/opt/ros/humble /usr/bin/cmake --build /home/dan/MA/CJ/build/auto_aim_interfaces -- -j16 -l16
[6.735s] DEBUG:colcon.colcon_core.event_handler.log_command:Invoking command in '/home/dan/MA/CJ/build/auto_aim_interfaces': CMAKE_PREFIX_PATH=${CMAKE_PREFIX_PATH}:/opt/ros/humble /usr/bin/cmake --install /home/dan/MA/CJ/build/auto_aim_interfaces
[6.804s] Level 1:colcon.colcon_core.environment:create_environment_scripts_only(auto_aim_interfaces)
[6.805s] Level 1:colcon.colcon_core.environment:checking '/home/dan/MA/CJ/install/auto_aim_interfaces' for CMake module files
[6.805s] DEBUG:colcon.colcon_core.event_handler.log_command:Invoked command in '/home/dan/MA/CJ/build/auto_aim_interfaces' returned '0': CMAKE_PREFIX_PATH=${CMAKE_PREFIX_PATH}:/opt/ros/humble /usr/bin/cmake --install /home/dan/MA/CJ/build/auto_aim_interfaces
[6.806s] Level 1:colcon.colcon_core.environment:checking '/home/dan/MA/CJ/install/auto_aim_interfaces' for CMake config files
[6.806s] Level 1:colcon.colcon_core.shell:create_environment_hook('auto_aim_interfaces', 'cmake_prefix_path')
[6.807s] INFO:colcon.colcon_core.shell:Creating environment hook '/home/dan/MA/CJ/install/auto_aim_interfaces/share/auto_aim_interfaces/hook/cmake_prefix_path.ps1'
[6.808s] INFO:colcon.colcon_core.shell:Creating environment descriptor '/home/dan/MA/CJ/install/auto_aim_interfaces/share/auto_aim_interfaces/hook/cmake_prefix_path.dsv'
[6.808s] INFO:colcon.colcon_core.shell:Creating environment hook '/home/dan/MA/CJ/install/auto_aim_interfaces/share/auto_aim_interfaces/hook/cmake_prefix_path.sh'
[6.808s] Level 1:colcon.colcon_core.environment:checking '/home/dan/MA/CJ/install/auto_aim_interfaces/lib'
[6.808s] Level 1:colcon.colcon_core.shell:create_environment_hook('auto_aim_interfaces', 'ld_library_path_lib')
[6.809s] INFO:colcon.colcon_core.shell:Creating environment hook '/home/dan/MA/CJ/install/auto_aim_interfaces/share/auto_aim_interfaces/hook/ld_library_path_lib.ps1'
[6.810s] INFO:colcon.colcon_core.shell:Creating environment descriptor '/home/dan/MA/CJ/install/auto_aim_interfaces/share/auto_aim_interfaces/hook/ld_library_path_lib.dsv'
[6.810s] INFO:colcon.colcon_core.shell:Creating environment hook '/home/dan/MA/CJ/install/auto_aim_interfaces/share/auto_aim_interfaces/hook/ld_library_path_lib.sh'
[6.810s] Level 1:colcon.colcon_core.environment:checking '/home/dan/MA/CJ/install/auto_aim_interfaces/bin'
[6.810s] Level 1:colcon.colcon_core.environment:checking '/home/dan/MA/CJ/install/auto_aim_interfaces/lib/pkgconfig/auto_aim_interfaces.pc'
[6.810s] Level 1:colcon.colcon_core.environment:checking '/home/dan/MA/CJ/install/auto_aim_interfaces/lib/python3.10/site-packages'
[6.810s] Level 1:colcon.colcon_core.environment:checking '/home/dan/MA/CJ/install/auto_aim_interfaces/bin'
[6.811s] INFO:colcon.colcon_core.shell:Creating package script '/home/dan/MA/CJ/install/auto_aim_interfaces/share/auto_aim_interfaces/package.ps1'
[6.812s] INFO:colcon.colcon_core.shell:Creating package descriptor '/home/dan/MA/CJ/install/auto_aim_interfaces/share/auto_aim_interfaces/package.dsv'
[6.812s] INFO:colcon.colcon_core.shell:Creating package script '/home/dan/MA/CJ/install/auto_aim_interfaces/share/auto_aim_interfaces/package.sh'
[6.813s] INFO:colcon.colcon_core.shell:Creating package script '/home/dan/MA/CJ/install/auto_aim_interfaces/share/auto_aim_interfaces/package.bash'
[6.813s] INFO:colcon.colcon_core.shell:Creating package script '/home/dan/MA/CJ/install/auto_aim_interfaces/share/auto_aim_interfaces/package.zsh'
[6.813s] Level 1:colcon.colcon_core.environment:create_file_with_runtime_dependencies(/home/dan/MA/CJ/install/auto_aim_interfaces/share/colcon-core/packages/auto_aim_interfaces)
[6.984s] Level 1:colcon.colcon_core.environment:create_environment_scripts_only(auto_aim_interfaces)
[6.985s] Level 1:colcon.colcon_core.environment:checking '/home/dan/MA/CJ/install/auto_aim_interfaces' for CMake module files
[6.985s] Level 1:colcon.colcon_core.environment:checking '/home/dan/MA/CJ/install/auto_aim_interfaces' for CMake config files
[6.986s] Level 1:colcon.colcon_core.shell:create_environment_hook('auto_aim_interfaces', 'cmake_prefix_path')
[6.987s] INFO:colcon.colcon_core.shell:Creating environment hook '/home/dan/MA/CJ/install/auto_aim_interfaces/share/auto_aim_interfaces/hook/cmake_prefix_path.ps1'
[6.987s] INFO:colcon.colcon_core.shell:Creating environment descriptor '/home/dan/MA/CJ/install/auto_aim_interfaces/share/auto_aim_interfaces/hook/cmake_prefix_path.dsv'
[6.987s] INFO:colcon.colcon_core.shell:Creating environment hook '/home/dan/MA/CJ/install/auto_aim_interfaces/share/auto_aim_interfaces/hook/cmake_prefix_path.sh'
[6.988s] Level 1:colcon.colcon_core.environment:checking '/home/dan/MA/CJ/install/auto_aim_interfaces/lib'
[6.988s] Level 1:colcon.colcon_core.shell:create_environment_hook('auto_aim_interfaces', 'ld_library_path_lib')
[6.989s] INFO:colcon.colcon_core.shell:Creating environment hook '/home/dan/MA/CJ/install/auto_aim_interfaces/share/auto_aim_interfaces/hook/ld_library_path_lib.ps1'
[6.989s] INFO:colcon.colcon_core.shell:Creating environment descriptor '/home/dan/MA/CJ/install/auto_aim_interfaces/share/auto_aim_interfaces/hook/ld_library_path_lib.dsv'
[6.989s] INFO:colcon.colcon_core.shell:Creating environment hook '/home/dan/MA/CJ/install/auto_aim_interfaces/share/auto_aim_interfaces/hook/ld_library_path_lib.sh'
[6.990s] Level 1:colcon.colcon_core.environment:checking '/home/dan/MA/CJ/install/auto_aim_interfaces/bin'
[6.990s] Level 1:colcon.colcon_core.environment:checking '/home/dan/MA/CJ/install/auto_aim_interfaces/lib/pkgconfig/auto_aim_interfaces.pc'
[6.990s] Level 1:colcon.colcon_core.environment:checking '/home/dan/MA/CJ/install/auto_aim_interfaces/lib/python3.10/site-packages'
[6.990s] Level 1:colcon.colcon_core.environment:checking '/home/dan/MA/CJ/install/auto_aim_interfaces/bin'
[6.991s] INFO:colcon.colcon_core.shell:Creating package script '/home/dan/MA/CJ/install/auto_aim_interfaces/share/auto_aim_interfaces/package.ps1'
[6.992s] INFO:colcon.colcon_core.shell:Creating package descriptor '/home/dan/MA/CJ/install/auto_aim_interfaces/share/auto_aim_interfaces/package.dsv'
[6.992s] INFO:colcon.colcon_core.shell:Creating package script '/home/dan/MA/CJ/install/auto_aim_interfaces/share/auto_aim_interfaces/package.sh'
[6.992s] INFO:colcon.colcon_core.shell:Creating package script '/home/dan/MA/CJ/install/auto_aim_interfaces/share/auto_aim_interfaces/package.bash'
[6.992s] INFO:colcon.colcon_core.shell:Creating package script '/home/dan/MA/CJ/install/auto_aim_interfaces/share/auto_aim_interfaces/package.zsh'
[6.993s] Level 1:colcon.colcon_core.environment:create_file_with_runtime_dependencies(/home/dan/MA/CJ/install/auto_aim_interfaces/share/colcon-core/packages/auto_aim_interfaces)
[6.993s] INFO:colcon.colcon_ros.task.ament_cmake.build:Building ROS package in '/home/dan/MA/CJ/src/rm_serial_driver' with build type 'ament_cmake'
[6.993s] INFO:colcon.colcon_cmake.task.cmake.build:Building CMake package in '/home/dan/MA/CJ/src/rm_serial_driver'
[6.994s] INFO:colcon.colcon_core.shell:Skip shell extension 'powershell' for command environment: Not usable outside of PowerShell
[6.994s] DEBUG:colcon.colcon_core.shell:Skip shell extension 'dsv' for command environment
[6.999s] INFO:colcon.colcon_ros.task.ament_cmake.build:Building ROS package in '/home/dan/MA/CJ/src/rm_auto_aim/armor_detector' with build type 'ament_cmake'
[7.000s] INFO:colcon.colcon_cmake.task.cmake.build:Building CMake package in '/home/dan/MA/CJ/src/rm_auto_aim/armor_detector'
[7.001s] INFO:colcon.colcon_core.shell:Skip shell extension 'powershell' for command environment: Not usable outside of PowerShell
[7.001s] DEBUG:colcon.colcon_core.shell:Skip shell extension 'dsv' for command environment
[7.007s] INFO:colcon.colcon_ros.task.ament_cmake.build:Building ROS package in '/home/dan/MA/CJ/src/rm_auto_aim/armor_tracker' with build type 'ament_cmake'
[7.007s] INFO:colcon.colcon_cmake.task.cmake.build:Building CMake package in '/home/dan/MA/CJ/src/rm_auto_aim/armor_tracker'
[7.008s] INFO:colcon.colcon_core.shell:Skip shell extension 'powershell' for command environment: Not usable outside of PowerShell
[7.009s] DEBUG:colcon.colcon_core.shell:Skip shell extension 'dsv' for command environment
[7.024s] DEBUG:colcon.colcon_core.event_handler.log_command:Invoking command in '/home/dan/MA/CJ/build/rm_serial_driver': CMAKE_PREFIX_PATH=/home/dan/MA/CJ/install/auto_aim_interfaces:/home/dan/MA/CJ/install/rm_vision_bringup:/home/dan/MA/CJ/install/rm_serial_driver:/home/dan/MA/CJ/install/armor_tracker:/home/dan/MA/CJ/install/armor_detector:/home/dan/Downloads/livox_driver2/install/livox_ros_driver2:/opt/ros/humble LD_LIBRARY_PATH=/home/dan/MA/CJ/install/auto_aim_interfaces/lib:/home/dan/MA/CJ/install/rm_serial_driver/lib:/home/dan/MA/CJ/install/armor_tracker/lib:/home/dan/MA/CJ/install/armor_detector/lib:/home/dan/Downloads/livox_driver2/install/livox_ros_driver2/lib:/usr/lib/x86_64-linux-gnu/gazebo-11/plugins:/opt/ros/humble/opt/rviz_ogre_vendor/lib:/opt/ros/humble/lib/x86_64-linux-gnu:/opt/ros/humble/lib /usr/bin/cmake /home/dan/MA/CJ/src/rm_serial_driver -DCMAKE_INSTALL_PREFIX=/home/dan/MA/CJ/install/rm_serial_driver
[7.034s] DEBUG:colcon.colcon_core.event_handler.log_command:Invoking command in '/home/dan/MA/CJ/build/armor_detector': CMAKE_PREFIX_PATH=/home/dan/MA/CJ/install/auto_aim_interfaces:/home/dan/MA/CJ/install/rm_vision_bringup:/home/dan/MA/CJ/install/rm_serial_driver:/home/dan/MA/CJ/install/armor_tracker:/home/dan/MA/CJ/install/armor_detector:/home/dan/Downloads/livox_driver2/install/livox_ros_driver2:/opt/ros/humble LD_LIBRARY_PATH=/home/dan/MA/CJ/install/auto_aim_interfaces/lib:/home/dan/MA/CJ/install/rm_serial_driver/lib:/home/dan/MA/CJ/install/armor_tracker/lib:/home/dan/MA/CJ/install/armor_detector/lib:/home/dan/Downloads/livox_driver2/install/livox_ros_driver2/lib:/usr/lib/x86_64-linux-gnu/gazebo-11/plugins:/opt/ros/humble/opt/rviz_ogre_vendor/lib:/opt/ros/humble/lib/x86_64-linux-gnu:/opt/ros/humble/lib /usr/bin/cmake /home/dan/MA/CJ/src/rm_auto_aim/armor_detector -DCMAKE_INSTALL_PREFIX=/home/dan/MA/CJ/install/armor_detector
[7.044s] DEBUG:colcon.colcon_core.event_handler.log_command:Invoking command in '/home/dan/MA/CJ/build/armor_tracker': CMAKE_PREFIX_PATH=/home/dan/MA/CJ/install/auto_aim_interfaces:/home/dan/MA/CJ/install/rm_vision_bringup:/home/dan/MA/CJ/install/rm_serial_driver:/home/dan/MA/CJ/install/armor_tracker:/home/dan/MA/CJ/install/armor_detector:/home/dan/Downloads/livox_driver2/install/livox_ros_driver2:/opt/ros/humble LD_LIBRARY_PATH=/home/dan/MA/CJ/install/auto_aim_interfaces/lib:/home/dan/MA/CJ/install/rm_serial_driver/lib:/home/dan/MA/CJ/install/armor_tracker/lib:/home/dan/MA/CJ/install/armor_detector/lib:/home/dan/Downloads/livox_driver2/install/livox_ros_driver2/lib:/usr/lib/x86_64-linux-gnu/gazebo-11/plugins:/opt/ros/humble/opt/rviz_ogre_vendor/lib:/opt/ros/humble/lib/x86_64-linux-gnu:/opt/ros/humble/lib /usr/bin/cmake /home/dan/MA/CJ/src/rm_auto_aim/armor_tracker -DCMAKE_INSTALL_PREFIX=/home/dan/MA/CJ/install/armor_tracker
[9.266s] DEBUG:colcon.colcon_core.event_handler.log_command:Invoked command in '/home/dan/MA/CJ/build/armor_tracker' returned '0': CMAKE_PREFIX_PATH=/home/dan/MA/CJ/install/auto_aim_interfaces:/home/dan/MA/CJ/install/rm_vision_bringup:/home/dan/MA/CJ/install/rm_serial_driver:/home/dan/MA/CJ/install/armor_tracker:/home/dan/MA/CJ/install/armor_detector:/home/dan/Downloads/livox_driver2/install/livox_ros_driver2:/opt/ros/humble LD_LIBRARY_PATH=/home/dan/MA/CJ/install/auto_aim_interfaces/lib:/home/dan/MA/CJ/install/rm_serial_driver/lib:/home/dan/MA/CJ/install/armor_tracker/lib:/home/dan/MA/CJ/install/armor_detector/lib:/home/dan/Downloads/livox_driver2/install/livox_ros_driver2/lib:/usr/lib/x86_64-linux-gnu/gazebo-11/plugins:/opt/ros/humble/opt/rviz_ogre_vendor/lib:/opt/ros/humble/lib/x86_64-linux-gnu:/opt/ros/humble/lib /usr/bin/cmake /home/dan/MA/CJ/src/rm_auto_aim/armor_tracker -DCMAKE_INSTALL_PREFIX=/home/dan/MA/CJ/install/armor_tracker
[9.269s] DEBUG:colcon.colcon_core.event_handler.log_command:Invoking command in '/home/dan/MA/CJ/build/armor_tracker': CMAKE_PREFIX_PATH=/home/dan/MA/CJ/install/auto_aim_interfaces:/home/dan/MA/CJ/install/rm_vision_bringup:/home/dan/MA/CJ/install/rm_serial_driver:/home/dan/MA/CJ/install/armor_tracker:/home/dan/MA/CJ/install/armor_detector:/home/dan/Downloads/livox_driver2/install/livox_ros_driver2:/opt/ros/humble LD_LIBRARY_PATH=/home/dan/MA/CJ/install/auto_aim_interfaces/lib:/home/dan/MA/CJ/install/rm_serial_driver/lib:/home/dan/MA/CJ/install/armor_tracker/lib:/home/dan/MA/CJ/install/armor_detector/lib:/home/dan/Downloads/livox_driver2/install/livox_ros_driver2/lib:/usr/lib/x86_64-linux-gnu/gazebo-11/plugins:/opt/ros/humble/opt/rviz_ogre_vendor/lib:/opt/ros/humble/lib/x86_64-linux-gnu:/opt/ros/humble/lib /usr/bin/cmake --build /home/dan/MA/CJ/build/armor_tracker -- -j16 -l16
[9.345s] DEBUG:colcon.colcon_core.event_handler.log_command:Invoked command in '/home/dan/MA/CJ/build/armor_detector' returned '0': CMAKE_PREFIX_PATH=/home/dan/MA/CJ/install/auto_aim_interfaces:/home/dan/MA/CJ/install/rm_vision_bringup:/home/dan/MA/CJ/install/rm_serial_driver:/home/dan/MA/CJ/install/armor_tracker:/home/dan/MA/CJ/install/armor_detector:/home/dan/Downloads/livox_driver2/install/livox_ros_driver2:/opt/ros/humble LD_LIBRARY_PATH=/home/dan/MA/CJ/install/auto_aim_interfaces/lib:/home/dan/MA/CJ/install/rm_serial_driver/lib:/home/dan/MA/CJ/install/armor_tracker/lib:/home/dan/MA/CJ/install/armor_detector/lib:/home/dan/Downloads/livox_driver2/install/livox_ros_driver2/lib:/usr/lib/x86_64-linux-gnu/gazebo-11/plugins:/opt/ros/humble/opt/rviz_ogre_vendor/lib:/opt/ros/humble/lib/x86_64-linux-gnu:/opt/ros/humble/lib /usr/bin/cmake /home/dan/MA/CJ/src/rm_auto_aim/armor_detector -DCMAKE_INSTALL_PREFIX=/home/dan/MA/CJ/install/armor_detector
[9.347s] DEBUG:colcon.colcon_core.event_handler.log_command:Invoking command in '/home/dan/MA/CJ/build/armor_detector': CMAKE_PREFIX_PATH=/home/dan/MA/CJ/install/auto_aim_interfaces:/home/dan/MA/CJ/install/rm_vision_bringup:/home/dan/MA/CJ/install/rm_serial_driver:/home/dan/MA/CJ/install/armor_tracker:/home/dan/MA/CJ/install/armor_detector:/home/dan/Downloads/livox_driver2/install/livox_ros_driver2:/opt/ros/humble LD_LIBRARY_PATH=/home/dan/MA/CJ/install/auto_aim_interfaces/lib:/home/dan/MA/CJ/install/rm_serial_driver/lib:/home/dan/MA/CJ/install/armor_tracker/lib:/home/dan/MA/CJ/install/armor_detector/lib:/home/dan/Downloads/livox_driver2/install/livox_ros_driver2/lib:/usr/lib/x86_64-linux-gnu/gazebo-11/plugins:/opt/ros/humble/opt/rviz_ogre_vendor/lib:/opt/ros/humble/lib/x86_64-linux-gnu:/opt/ros/humble/lib /usr/bin/cmake --build /home/dan/MA/CJ/build/armor_detector -- -j16 -l16
[9.488s] DEBUG:colcon.colcon_core.event_handler.log_command:Invoked command in '/home/dan/MA/CJ/build/rm_serial_driver' returned '0': CMAKE_PREFIX_PATH=/home/dan/MA/CJ/install/auto_aim_interfaces:/home/dan/MA/CJ/install/rm_vision_bringup:/home/dan/MA/CJ/install/rm_serial_driver:/home/dan/MA/CJ/install/armor_tracker:/home/dan/MA/CJ/install/armor_detector:/home/dan/Downloads/livox_driver2/install/livox_ros_driver2:/opt/ros/humble LD_LIBRARY_PATH=/home/dan/MA/CJ/install/auto_aim_interfaces/lib:/home/dan/MA/CJ/install/rm_serial_driver/lib:/home/dan/MA/CJ/install/armor_tracker/lib:/home/dan/MA/CJ/install/armor_detector/lib:/home/dan/Downloads/livox_driver2/install/livox_ros_driver2/lib:/usr/lib/x86_64-linux-gnu/gazebo-11/plugins:/opt/ros/humble/opt/rviz_ogre_vendor/lib:/opt/ros/humble/lib/x86_64-linux-gnu:/opt/ros/humble/lib /usr/bin/cmake /home/dan/MA/CJ/src/rm_serial_driver -DCMAKE_INSTALL_PREFIX=/home/dan/MA/CJ/install/rm_serial_driver
[9.491s] DEBUG:colcon.colcon_core.event_handler.log_command:Invoking command in '/home/dan/MA/CJ/build/rm_serial_driver': CMAKE_PREFIX_PATH=/home/dan/MA/CJ/install/auto_aim_interfaces:/home/dan/MA/CJ/install/rm_vision_bringup:/home/dan/MA/CJ/install/rm_serial_driver:/home/dan/MA/CJ/install/armor_tracker:/home/dan/MA/CJ/install/armor_detector:/home/dan/Downloads/livox_driver2/install/livox_ros_driver2:/opt/ros/humble LD_LIBRARY_PATH=/home/dan/MA/CJ/install/auto_aim_interfaces/lib:/home/dan/MA/CJ/install/rm_serial_driver/lib:/home/dan/MA/CJ/install/armor_tracker/lib:/home/dan/MA/CJ/install/armor_detector/lib:/home/dan/Downloads/livox_driver2/install/livox_ros_driver2/lib:/usr/lib/x86_64-linux-gnu/gazebo-11/plugins:/opt/ros/humble/opt/rviz_ogre_vendor/lib:/opt/ros/humble/lib/x86_64-linux-gnu:/opt/ros/humble/lib /usr/bin/cmake --build /home/dan/MA/CJ/build/rm_serial_driver -- -j16 -l16
[24.464s] DEBUG:colcon.colcon_core.event_handler.log_command:Invoked command in '/home/dan/MA/CJ/build/rm_serial_driver' returned '0': CMAKE_PREFIX_PATH=/home/dan/MA/CJ/install/auto_aim_interfaces:/home/dan/MA/CJ/install/rm_vision_bringup:/home/dan/MA/CJ/install/rm_serial_driver:/home/dan/MA/CJ/install/armor_tracker:/home/dan/MA/CJ/install/armor_detector:/home/dan/Downloads/livox_driver2/install/livox_ros_driver2:/opt/ros/humble LD_LIBRARY_PATH=/home/dan/MA/CJ/install/auto_aim_interfaces/lib:/home/dan/MA/CJ/install/rm_serial_driver/lib:/home/dan/MA/CJ/install/armor_tracker/lib:/home/dan/MA/CJ/install/armor_detector/lib:/home/dan/Downloads/livox_driver2/install/livox_ros_driver2/lib:/usr/lib/x86_64-linux-gnu/gazebo-11/plugins:/opt/ros/humble/opt/rviz_ogre_vendor/lib:/opt/ros/humble/lib/x86_64-linux-gnu:/opt/ros/humble/lib /usr/bin/cmake --build /home/dan/MA/CJ/build/rm_serial_driver -- -j16 -l16
[24.514s] DEBUG:colcon.colcon_core.event_handler.log_command:Invoking command in '/home/dan/MA/CJ/build/rm_serial_driver': CMAKE_PREFIX_PATH=/home/dan/MA/CJ/install/auto_aim_interfaces:/home/dan/MA/CJ/install/rm_vision_bringup:/home/dan/MA/CJ/install/rm_serial_driver:/home/dan/MA/CJ/install/armor_tracker:/home/dan/MA/CJ/install/armor_detector:/home/dan/Downloads/livox_driver2/install/livox_ros_driver2:/opt/ros/humble LD_LIBRARY_PATH=/home/dan/MA/CJ/install/auto_aim_interfaces/lib:/home/dan/MA/CJ/install/rm_serial_driver/lib:/home/dan/MA/CJ/install/armor_tracker/lib:/home/dan/MA/CJ/install/armor_detector/lib:/home/dan/Downloads/livox_driver2/install/livox_ros_driver2/lib:/usr/lib/x86_64-linux-gnu/gazebo-11/plugins:/opt/ros/humble/opt/rviz_ogre_vendor/lib:/opt/ros/humble/lib/x86_64-linux-gnu:/opt/ros/humble/lib /usr/bin/cmake --install /home/dan/MA/CJ/build/rm_serial_driver
[24.544s] Level 1:colcon.colcon_core.environment:create_environment_scripts_only(rm_serial_driver)
[24.545s] Level 1:colcon.colcon_core.environment:checking '/home/dan/MA/CJ/install/rm_serial_driver' for CMake module files
[24.546s] DEBUG:colcon.colcon_core.event_handler.log_command:Invoked command in '/home/dan/MA/CJ/build/rm_serial_driver' returned '0': CMAKE_PREFIX_PATH=/home/dan/MA/CJ/install/auto_aim_interfaces:/home/dan/MA/CJ/install/rm_vision_bringup:/home/dan/MA/CJ/install/rm_serial_driver:/home/dan/MA/CJ/install/armor_tracker:/home/dan/MA/CJ/install/armor_detector:/home/dan/Downloads/livox_driver2/install/livox_ros_driver2:/opt/ros/humble LD_LIBRARY_PATH=/home/dan/MA/CJ/install/auto_aim_interfaces/lib:/home/dan/MA/CJ/install/rm_serial_driver/lib:/home/dan/MA/CJ/install/armor_tracker/lib:/home/dan/MA/CJ/install/armor_detector/lib:/home/dan/Downloads/livox_driver2/install/livox_ros_driver2/lib:/usr/lib/x86_64-linux-gnu/gazebo-11/plugins:/opt/ros/humble/opt/rviz_ogre_vendor/lib:/opt/ros/humble/lib/x86_64-linux-gnu:/opt/ros/humble/lib /usr/bin/cmake --install /home/dan/MA/CJ/build/rm_serial_driver
[24.546s] Level 1:colcon.colcon_core.environment:checking '/home/dan/MA/CJ/install/rm_serial_driver' for CMake config files
[24.547s] Level 1:colcon.colcon_core.shell:create_environment_hook('rm_serial_driver', 'cmake_prefix_path')
[24.548s] INFO:colcon.colcon_core.shell:Creating environment hook '/home/dan/MA/CJ/install/rm_serial_driver/share/rm_serial_driver/hook/cmake_prefix_path.ps1'
[24.549s] INFO:colcon.colcon_core.shell:Creating environment descriptor '/home/dan/MA/CJ/install/rm_serial_driver/share/rm_serial_driver/hook/cmake_prefix_path.dsv'
[24.549s] INFO:colcon.colcon_core.shell:Creating environment hook '/home/dan/MA/CJ/install/rm_serial_driver/share/rm_serial_driver/hook/cmake_prefix_path.sh'
[24.550s] Level 1:colcon.colcon_core.environment:checking '/home/dan/MA/CJ/install/rm_serial_driver/lib'
[24.550s] Level 1:colcon.colcon_core.shell:create_environment_hook('rm_serial_driver', 'ld_library_path_lib')
[24.551s] INFO:colcon.colcon_core.shell:Creating environment hook '/home/dan/MA/CJ/install/rm_serial_driver/share/rm_serial_driver/hook/ld_library_path_lib.ps1'
[24.551s] INFO:colcon.colcon_core.shell:Creating environment descriptor '/home/dan/MA/CJ/install/rm_serial_driver/share/rm_serial_driver/hook/ld_library_path_lib.dsv'
[24.552s] INFO:colcon.colcon_core.shell:Creating environment hook '/home/dan/MA/CJ/install/rm_serial_driver/share/rm_serial_driver/hook/ld_library_path_lib.sh'
[24.552s] Level 1:colcon.colcon_core.environment:checking '/home/dan/MA/CJ/install/rm_serial_driver/bin'
[24.552s] Level 1:colcon.colcon_core.environment:checking '/home/dan/MA/CJ/install/rm_serial_driver/lib/pkgconfig/rm_serial_driver.pc'
[24.552s] Level 1:colcon.colcon_core.environment:checking '/home/dan/MA/CJ/install/rm_serial_driver/lib/python3.10/site-packages'
[24.552s] Level 1:colcon.colcon_core.environment:checking '/home/dan/MA/CJ/install/rm_serial_driver/bin'
[24.553s] INFO:colcon.colcon_core.shell:Creating package script '/home/dan/MA/CJ/install/rm_serial_driver/share/rm_serial_driver/package.ps1'
[24.554s] INFO:colcon.colcon_core.shell:Creating package descriptor '/home/dan/MA/CJ/install/rm_serial_driver/share/rm_serial_driver/package.dsv'
[24.555s] INFO:colcon.colcon_core.shell:Creating package script '/home/dan/MA/CJ/install/rm_serial_driver/share/rm_serial_driver/package.sh'
[24.555s] INFO:colcon.colcon_core.shell:Creating package script '/home/dan/MA/CJ/install/rm_serial_driver/share/rm_serial_driver/package.bash'
[24.556s] INFO:colcon.colcon_core.shell:Creating package script '/home/dan/MA/CJ/install/rm_serial_driver/share/rm_serial_driver/package.zsh'
[24.556s] Level 1:colcon.colcon_core.environment:create_file_with_runtime_dependencies(/home/dan/MA/CJ/install/rm_serial_driver/share/colcon-core/packages/rm_serial_driver)
[24.598s] Level 1:colcon.colcon_core.environment:create_environment_scripts_only(rm_serial_driver)
[24.600s] Level 1:colcon.colcon_core.environment:checking '/home/dan/MA/CJ/install/rm_serial_driver' for CMake module files
[24.600s] Level 1:colcon.colcon_core.environment:checking '/home/dan/MA/CJ/install/rm_serial_driver' for CMake config files
[24.601s] Level 1:colcon.colcon_core.shell:create_environment_hook('rm_serial_driver', 'cmake_prefix_path')
[24.602s] INFO:colcon.colcon_core.shell:Creating environment hook '/home/dan/MA/CJ/install/rm_serial_driver/share/rm_serial_driver/hook/cmake_prefix_path.ps1'
[24.603s] INFO:colcon.colcon_core.shell:Creating environment descriptor '/home/dan/MA/CJ/install/rm_serial_driver/share/rm_serial_driver/hook/cmake_prefix_path.dsv'
[24.603s] INFO:colcon.colcon_core.shell:Creating environment hook '/home/dan/MA/CJ/install/rm_serial_driver/share/rm_serial_driver/hook/cmake_prefix_path.sh'
[24.604s] Level 1:colcon.colcon_core.environment:checking '/home/dan/MA/CJ/install/rm_serial_driver/lib'
[24.604s] Level 1:colcon.colcon_core.shell:create_environment_hook('rm_serial_driver', 'ld_library_path_lib')
[24.605s] INFO:colcon.colcon_core.shell:Creating environment hook '/home/dan/MA/CJ/install/rm_serial_driver/share/rm_serial_driver/hook/ld_library_path_lib.ps1'
[24.606s] INFO:colcon.colcon_core.shell:Creating environment descriptor '/home/dan/MA/CJ/install/rm_serial_driver/share/rm_serial_driver/hook/ld_library_path_lib.dsv'
[24.607s] INFO:colcon.colcon_core.shell:Creating environment hook '/home/dan/MA/CJ/install/rm_serial_driver/share/rm_serial_driver/hook/ld_library_path_lib.sh'
[24.607s] Level 1:colcon.colcon_core.environment:checking '/home/dan/MA/CJ/install/rm_serial_driver/bin'
[24.607s] Level 1:colcon.colcon_core.environment:checking '/home/dan/MA/CJ/install/rm_serial_driver/lib/pkgconfig/rm_serial_driver.pc'
[24.608s] Level 1:colcon.colcon_core.environment:checking '/home/dan/MA/CJ/install/rm_serial_driver/lib/python3.10/site-packages'
[24.608s] Level 1:colcon.colcon_core.environment:checking '/home/dan/MA/CJ/install/rm_serial_driver/bin'
[24.609s] INFO:colcon.colcon_core.shell:Creating package script '/home/dan/MA/CJ/install/rm_serial_driver/share/rm_serial_driver/package.ps1'
[24.610s] INFO:colcon.colcon_core.shell:Creating package descriptor '/home/dan/MA/CJ/install/rm_serial_driver/share/rm_serial_driver/package.dsv'
[24.611s] INFO:colcon.colcon_core.shell:Creating package script '/home/dan/MA/CJ/install/rm_serial_driver/share/rm_serial_driver/package.sh'
[24.612s] INFO:colcon.colcon_core.shell:Creating package script '/home/dan/MA/CJ/install/rm_serial_driver/share/rm_serial_driver/package.bash'
[24.612s] INFO:colcon.colcon_core.shell:Creating package script '/home/dan/MA/CJ/install/rm_serial_driver/share/rm_serial_driver/package.zsh'
[24.613s] Level 1:colcon.colcon_core.environment:create_file_with_runtime_dependencies(/home/dan/MA/CJ/install/rm_serial_driver/share/colcon-core/packages/rm_serial_driver)
[24.613s] INFO:colcon.colcon_ros.task.ament_cmake.build:Building ROS package in '/home/dan/MA/CJ/src/rm_vision/rm_vision_bringup' with build type 'ament_cmake'
[24.614s] INFO:colcon.colcon_cmake.task.cmake.build:Building CMake package in '/home/dan/MA/CJ/src/rm_vision/rm_vision_bringup'
[24.615s] INFO:colcon.colcon_core.shell:Skip shell extension 'powershell' for command environment: Not usable outside of PowerShell
[24.615s] DEBUG:colcon.colcon_core.shell:Skip shell extension 'dsv' for command environment
[24.645s] DEBUG:colcon.colcon_core.event_handler.log_command:Invoking command in '/home/dan/MA/CJ/build/rm_vision_bringup': CMAKE_PREFIX_PATH=/home/dan/MA/CJ/install/rm_serial_driver:/home/dan/MA/CJ/install/auto_aim_interfaces:/home/dan/MA/CJ/install/rm_vision_bringup:/home/dan/MA/CJ/install/armor_tracker:/home/dan/MA/CJ/install/armor_detector:/home/dan/Downloads/livox_driver2/install/livox_ros_driver2:/opt/ros/humble LD_LIBRARY_PATH=/home/dan/MA/CJ/install/rm_serial_driver/lib:/home/dan/MA/CJ/install/auto_aim_interfaces/lib:/home/dan/MA/CJ/install/armor_tracker/lib:/home/dan/MA/CJ/install/armor_detector/lib:/home/dan/Downloads/livox_driver2/install/livox_ros_driver2/lib:/usr/lib/x86_64-linux-gnu/gazebo-11/plugins:/opt/ros/humble/opt/rviz_ogre_vendor/lib:/opt/ros/humble/lib/x86_64-linux-gnu:/opt/ros/humble/lib /usr/bin/cmake /home/dan/MA/CJ/src/rm_vision/rm_vision_bringup -DCMAKE_INSTALL_PREFIX=/home/dan/MA/CJ/install/rm_vision_bringup
[25.436s] DEBUG:colcon.colcon_core.event_handler.log_command:Invoked command in '/home/dan/MA/CJ/build/rm_vision_bringup' returned '0': CMAKE_PREFIX_PATH=/home/dan/MA/CJ/install/rm_serial_driver:/home/dan/MA/CJ/install/auto_aim_interfaces:/home/dan/MA/CJ/install/rm_vision_bringup:/home/dan/MA/CJ/install/armor_tracker:/home/dan/MA/CJ/install/armor_detector:/home/dan/Downloads/livox_driver2/install/livox_ros_driver2:/opt/ros/humble LD_LIBRARY_PATH=/home/dan/MA/CJ/install/rm_serial_driver/lib:/home/dan/MA/CJ/install/auto_aim_interfaces/lib:/home/dan/MA/CJ/install/armor_tracker/lib:/home/dan/MA/CJ/install/armor_detector/lib:/home/dan/Downloads/livox_driver2/install/livox_ros_driver2/lib:/usr/lib/x86_64-linux-gnu/gazebo-11/plugins:/opt/ros/humble/opt/rviz_ogre_vendor/lib:/opt/ros/humble/lib/x86_64-linux-gnu:/opt/ros/humble/lib /usr/bin/cmake /home/dan/MA/CJ/src/rm_vision/rm_vision_bringup -DCMAKE_INSTALL_PREFIX=/home/dan/MA/CJ/install/rm_vision_bringup
[25.439s] DEBUG:colcon.colcon_core.event_handler.log_command:Invoking command in '/home/dan/MA/CJ/build/rm_vision_bringup': CMAKE_PREFIX_PATH=/home/dan/MA/CJ/install/rm_serial_driver:/home/dan/MA/CJ/install/auto_aim_interfaces:/home/dan/MA/CJ/install/rm_vision_bringup:/home/dan/MA/CJ/install/armor_tracker:/home/dan/MA/CJ/install/armor_detector:/home/dan/Downloads/livox_driver2/install/livox_ros_driver2:/opt/ros/humble LD_LIBRARY_PATH=/home/dan/MA/CJ/install/rm_serial_driver/lib:/home/dan/MA/CJ/install/auto_aim_interfaces/lib:/home/dan/MA/CJ/install/armor_tracker/lib:/home/dan/MA/CJ/install/armor_detector/lib:/home/dan/Downloads/livox_driver2/install/livox_ros_driver2/lib:/usr/lib/x86_64-linux-gnu/gazebo-11/plugins:/opt/ros/humble/opt/rviz_ogre_vendor/lib:/opt/ros/humble/lib/x86_64-linux-gnu:/opt/ros/humble/lib /usr/bin/cmake --build /home/dan/MA/CJ/build/rm_vision_bringup -- -j16 -l16
[25.475s] DEBUG:colcon.colcon_core.event_handler.log_command:Invoked command in '/home/dan/MA/CJ/build/rm_vision_bringup' returned '0': CMAKE_PREFIX_PATH=/home/dan/MA/CJ/install/rm_serial_driver:/home/dan/MA/CJ/install/auto_aim_interfaces:/home/dan/MA/CJ/install/rm_vision_bringup:/home/dan/MA/CJ/install/armor_tracker:/home/dan/MA/CJ/install/armor_detector:/home/dan/Downloads/livox_driver2/install/livox_ros_driver2:/opt/ros/humble LD_LIBRARY_PATH=/home/dan/MA/CJ/install/rm_serial_driver/lib:/home/dan/MA/CJ/install/auto_aim_interfaces/lib:/home/dan/MA/CJ/install/armor_tracker/lib:/home/dan/MA/CJ/install/armor_detector/lib:/home/dan/Downloads/livox_driver2/install/livox_ros_driver2/lib:/usr/lib/x86_64-linux-gnu/gazebo-11/plugins:/opt/ros/humble/opt/rviz_ogre_vendor/lib:/opt/ros/humble/lib/x86_64-linux-gnu:/opt/ros/humble/lib /usr/bin/cmake --build /home/dan/MA/CJ/build/rm_vision_bringup -- -j16 -l16
[25.502s] DEBUG:colcon.colcon_core.event_handler.log_command:Invoking command in '/home/dan/MA/CJ/build/rm_vision_bringup': CMAKE_PREFIX_PATH=/home/dan/MA/CJ/install/rm_serial_driver:/home/dan/MA/CJ/install/auto_aim_interfaces:/home/dan/MA/CJ/install/rm_vision_bringup:/home/dan/MA/CJ/install/armor_tracker:/home/dan/MA/CJ/install/armor_detector:/home/dan/Downloads/livox_driver2/install/livox_ros_driver2:/opt/ros/humble LD_LIBRARY_PATH=/home/dan/MA/CJ/install/rm_serial_driver/lib:/home/dan/MA/CJ/install/auto_aim_interfaces/lib:/home/dan/MA/CJ/install/armor_tracker/lib:/home/dan/MA/CJ/install/armor_detector/lib:/home/dan/Downloads/livox_driver2/install/livox_ros_driver2/lib:/usr/lib/x86_64-linux-gnu/gazebo-11/plugins:/opt/ros/humble/opt/rviz_ogre_vendor/lib:/opt/ros/humble/lib/x86_64-linux-gnu:/opt/ros/humble/lib /usr/bin/cmake --install /home/dan/MA/CJ/build/rm_vision_bringup
[25.518s] Level 1:colcon.colcon_core.environment:create_environment_scripts_only(rm_vision_bringup)
[25.521s] Level 1:colcon.colcon_core.environment:checking '/home/dan/MA/CJ/install/rm_vision_bringup' for CMake module files
[25.522s] DEBUG:colcon.colcon_core.event_handler.log_command:Invoked command in '/home/dan/MA/CJ/build/rm_vision_bringup' returned '0': CMAKE_PREFIX_PATH=/home/dan/MA/CJ/install/rm_serial_driver:/home/dan/MA/CJ/install/auto_aim_interfaces:/home/dan/MA/CJ/install/rm_vision_bringup:/home/dan/MA/CJ/install/armor_tracker:/home/dan/MA/CJ/install/armor_detector:/home/dan/Downloads/livox_driver2/install/livox_ros_driver2:/opt/ros/humble LD_LIBRARY_PATH=/home/dan/MA/CJ/install/rm_serial_driver/lib:/home/dan/MA/CJ/install/auto_aim_interfaces/lib:/home/dan/MA/CJ/install/armor_tracker/lib:/home/dan/MA/CJ/install/armor_detector/lib:/home/dan/Downloads/livox_driver2/install/livox_ros_driver2/lib:/usr/lib/x86_64-linux-gnu/gazebo-11/plugins:/opt/ros/humble/opt/rviz_ogre_vendor/lib:/opt/ros/humble/lib/x86_64-linux-gnu:/opt/ros/humble/lib /usr/bin/cmake --install /home/dan/MA/CJ/build/rm_vision_bringup
[25.522s] Level 1:colcon.colcon_core.environment:checking '/home/dan/MA/CJ/install/rm_vision_bringup' for CMake config files
[25.522s] Level 1:colcon.colcon_core.shell:create_environment_hook('rm_vision_bringup', 'cmake_prefix_path')
[25.524s] INFO:colcon.colcon_core.shell:Creating environment hook '/home/dan/MA/CJ/install/rm_vision_bringup/share/rm_vision_bringup/hook/cmake_prefix_path.ps1'
[25.525s] INFO:colcon.colcon_core.shell:Creating environment descriptor '/home/dan/MA/CJ/install/rm_vision_bringup/share/rm_vision_bringup/hook/cmake_prefix_path.dsv'
[25.525s] INFO:colcon.colcon_core.shell:Creating environment hook '/home/dan/MA/CJ/install/rm_vision_bringup/share/rm_vision_bringup/hook/cmake_prefix_path.sh'
[25.525s] Level 1:colcon.colcon_core.environment:checking '/home/dan/MA/CJ/install/rm_vision_bringup/bin'
[25.525s] Level 1:colcon.colcon_core.environment:checking '/home/dan/MA/CJ/install/rm_vision_bringup/lib/pkgconfig/rm_vision_bringup.pc'
[25.526s] Level 1:colcon.colcon_core.environment:checking '/home/dan/MA/CJ/install/rm_vision_bringup/lib/python3.10/site-packages'
[25.526s] Level 1:colcon.colcon_core.environment:checking '/home/dan/MA/CJ/install/rm_vision_bringup/bin'
[25.527s] INFO:colcon.colcon_core.shell:Creating package script '/home/dan/MA/CJ/install/rm_vision_bringup/share/rm_vision_bringup/package.ps1'
[25.528s] INFO:colcon.colcon_core.shell:Creating package descriptor '/home/dan/MA/CJ/install/rm_vision_bringup/share/rm_vision_bringup/package.dsv'
[25.528s] INFO:colcon.colcon_core.shell:Creating package script '/home/dan/MA/CJ/install/rm_vision_bringup/share/rm_vision_bringup/package.sh'
[25.528s] INFO:colcon.colcon_core.shell:Creating package script '/home/dan/MA/CJ/install/rm_vision_bringup/share/rm_vision_bringup/package.bash'
[25.529s] INFO:colcon.colcon_core.shell:Creating package script '/home/dan/MA/CJ/install/rm_vision_bringup/share/rm_vision_bringup/package.zsh'
[25.529s] Level 1:colcon.colcon_core.environment:create_file_with_runtime_dependencies(/home/dan/MA/CJ/install/rm_vision_bringup/share/colcon-core/packages/rm_vision_bringup)
[25.554s] Level 1:colcon.colcon_core.environment:create_environment_scripts_only(rm_vision_bringup)
[25.555s] Level 1:colcon.colcon_core.environment:checking '/home/dan/MA/CJ/install/rm_vision_bringup' for CMake module files
[25.556s] Level 1:colcon.colcon_core.environment:checking '/home/dan/MA/CJ/install/rm_vision_bringup' for CMake config files
[25.556s] Level 1:colcon.colcon_core.shell:create_environment_hook('rm_vision_bringup', 'cmake_prefix_path')
[25.557s] INFO:colcon.colcon_core.shell:Creating environment hook '/home/dan/MA/CJ/install/rm_vision_bringup/share/rm_vision_bringup/hook/cmake_prefix_path.ps1'
[25.558s] INFO:colcon.colcon_core.shell:Creating environment descriptor '/home/dan/MA/CJ/install/rm_vision_bringup/share/rm_vision_bringup/hook/cmake_prefix_path.dsv'
[25.558s] INFO:colcon.colcon_core.shell:Creating environment hook '/home/dan/MA/CJ/install/rm_vision_bringup/share/rm_vision_bringup/hook/cmake_prefix_path.sh'
[25.559s] Level 1:colcon.colcon_core.environment:checking '/home/dan/MA/CJ/install/rm_vision_bringup/bin'
[25.559s] Level 1:colcon.colcon_core.environment:checking '/home/dan/MA/CJ/install/rm_vision_bringup/lib/pkgconfig/rm_vision_bringup.pc'
[25.559s] Level 1:colcon.colcon_core.environment:checking '/home/dan/MA/CJ/install/rm_vision_bringup/lib/python3.10/site-packages'
[25.559s] Level 1:colcon.colcon_core.environment:checking '/home/dan/MA/CJ/install/rm_vision_bringup/bin'
[25.561s] INFO:colcon.colcon_core.shell:Creating package script '/home/dan/MA/CJ/install/rm_vision_bringup/share/rm_vision_bringup/package.ps1'
[25.561s] INFO:colcon.colcon_core.shell:Creating package descriptor '/home/dan/MA/CJ/install/rm_vision_bringup/share/rm_vision_bringup/package.dsv'
[25.562s] INFO:colcon.colcon_core.shell:Creating package script '/home/dan/MA/CJ/install/rm_vision_bringup/share/rm_vision_bringup/package.sh'
[25.562s] INFO:colcon.colcon_core.shell:Creating package script '/home/dan/MA/CJ/install/rm_vision_bringup/share/rm_vision_bringup/package.bash'
[25.562s] INFO:colcon.colcon_core.shell:Creating package script '/home/dan/MA/CJ/install/rm_vision_bringup/share/rm_vision_bringup/package.zsh'
[25.562s] Level 1:colcon.colcon_core.environment:create_file_with_runtime_dependencies(/home/dan/MA/CJ/install/rm_vision_bringup/share/colcon-core/packages/rm_vision_bringup)
[25.967s] DEBUG:colcon.colcon_core.event_handler.log_command:Invoked command in '/home/dan/MA/CJ/build/armor_tracker' returned '0': CMAKE_PREFIX_PATH=/home/dan/MA/CJ/install/auto_aim_interfaces:/home/dan/MA/CJ/install/rm_vision_bringup:/home/dan/MA/CJ/install/rm_serial_driver:/home/dan/MA/CJ/install/armor_tracker:/home/dan/MA/CJ/install/armor_detector:/home/dan/Downloads/livox_driver2/install/livox_ros_driver2:/opt/ros/humble LD_LIBRARY_PATH=/home/dan/MA/CJ/install/auto_aim_interfaces/lib:/home/dan/MA/CJ/install/rm_serial_driver/lib:/home/dan/MA/CJ/install/armor_tracker/lib:/home/dan/MA/CJ/install/armor_detector/lib:/home/dan/Downloads/livox_driver2/install/livox_ros_driver2/lib:/usr/lib/x86_64-linux-gnu/gazebo-11/plugins:/opt/ros/humble/opt/rviz_ogre_vendor/lib:/opt/ros/humble/lib/x86_64-linux-gnu:/opt/ros/humble/lib /usr/bin/cmake --build /home/dan/MA/CJ/build/armor_tracker -- -j16 -l16
[26.005s] DEBUG:colcon.colcon_core.event_handler.log_command:Invoking command in '/home/dan/MA/CJ/build/armor_tracker': CMAKE_PREFIX_PATH=/home/dan/MA/CJ/install/auto_aim_interfaces:/home/dan/MA/CJ/install/rm_vision_bringup:/home/dan/MA/CJ/install/rm_serial_driver:/home/dan/MA/CJ/install/armor_tracker:/home/dan/MA/CJ/install/armor_detector:/home/dan/Downloads/livox_driver2/install/livox_ros_driver2:/opt/ros/humble LD_LIBRARY_PATH=/home/dan/MA/CJ/install/auto_aim_interfaces/lib:/home/dan/MA/CJ/install/rm_serial_driver/lib:/home/dan/MA/CJ/install/armor_tracker/lib:/home/dan/MA/CJ/install/armor_detector/lib:/home/dan/Downloads/livox_driver2/install/livox_ros_driver2/lib:/usr/lib/x86_64-linux-gnu/gazebo-11/plugins:/opt/ros/humble/opt/rviz_ogre_vendor/lib:/opt/ros/humble/lib/x86_64-linux-gnu:/opt/ros/humble/lib /usr/bin/cmake --install /home/dan/MA/CJ/build/armor_tracker
[26.030s] Level 1:colcon.colcon_core.environment:create_environment_scripts_only(armor_tracker)
[26.032s] Level 1:colcon.colcon_core.environment:checking '/home/dan/MA/CJ/install/armor_tracker' for CMake module files
[26.033s] DEBUG:colcon.colcon_core.event_handler.log_command:Invoked command in '/home/dan/MA/CJ/build/armor_tracker' returned '0': CMAKE_PREFIX_PATH=/home/dan/MA/CJ/install/auto_aim_interfaces:/home/dan/MA/CJ/install/rm_vision_bringup:/home/dan/MA/CJ/install/rm_serial_driver:/home/dan/MA/CJ/install/armor_tracker:/home/dan/MA/CJ/install/armor_detector:/home/dan/Downloads/livox_driver2/install/livox_ros_driver2:/opt/ros/humble LD_LIBRARY_PATH=/home/dan/MA/CJ/install/auto_aim_interfaces/lib:/home/dan/MA/CJ/install/rm_serial_driver/lib:/home/dan/MA/CJ/install/armor_tracker/lib:/home/dan/MA/CJ/install/armor_detector/lib:/home/dan/Downloads/livox_driver2/install/livox_ros_driver2/lib:/usr/lib/x86_64-linux-gnu/gazebo-11/plugins:/opt/ros/humble/opt/rviz_ogre_vendor/lib:/opt/ros/humble/lib/x86_64-linux-gnu:/opt/ros/humble/lib /usr/bin/cmake --install /home/dan/MA/CJ/build/armor_tracker
[26.033s] Level 1:colcon.colcon_core.environment:checking '/home/dan/MA/CJ/install/armor_tracker' for CMake config files
[26.033s] Level 1:colcon.colcon_core.shell:create_environment_hook('armor_tracker', 'cmake_prefix_path')
[26.034s] INFO:colcon.colcon_core.shell:Creating environment hook '/home/dan/MA/CJ/install/armor_tracker/share/armor_tracker/hook/cmake_prefix_path.ps1'
[26.035s] INFO:colcon.colcon_core.shell:Creating environment descriptor '/home/dan/MA/CJ/install/armor_tracker/share/armor_tracker/hook/cmake_prefix_path.dsv'
[26.035s] INFO:colcon.colcon_core.shell:Creating environment hook '/home/dan/MA/CJ/install/armor_tracker/share/armor_tracker/hook/cmake_prefix_path.sh'
[26.036s] Level 1:colcon.colcon_core.environment:checking '/home/dan/MA/CJ/install/armor_tracker/lib'
[26.036s] Level 1:colcon.colcon_core.shell:create_environment_hook('armor_tracker', 'ld_library_path_lib')
[26.037s] INFO:colcon.colcon_core.shell:Creating environment hook '/home/dan/MA/CJ/install/armor_tracker/share/armor_tracker/hook/ld_library_path_lib.ps1'
[26.037s] INFO:colcon.colcon_core.shell:Creating environment descriptor '/home/dan/MA/CJ/install/armor_tracker/share/armor_tracker/hook/ld_library_path_lib.dsv'
[26.037s] INFO:colcon.colcon_core.shell:Creating environment hook '/home/dan/MA/CJ/install/armor_tracker/share/armor_tracker/hook/ld_library_path_lib.sh'
[26.038s] Level 1:colcon.colcon_core.environment:checking '/home/dan/MA/CJ/install/armor_tracker/bin'
[26.038s] Level 1:colcon.colcon_core.environment:checking '/home/dan/MA/CJ/install/armor_tracker/lib/pkgconfig/armor_tracker.pc'
[26.038s] Level 1:colcon.colcon_core.environment:checking '/home/dan/MA/CJ/install/armor_tracker/lib/python3.10/site-packages'
[26.038s] Level 1:colcon.colcon_core.environment:checking '/home/dan/MA/CJ/install/armor_tracker/bin'
[26.039s] INFO:colcon.colcon_core.shell:Creating package script '/home/dan/MA/CJ/install/armor_tracker/share/armor_tracker/package.ps1'
[26.040s] INFO:colcon.colcon_core.shell:Creating package descriptor '/home/dan/MA/CJ/install/armor_tracker/share/armor_tracker/package.dsv'
[26.040s] INFO:colcon.colcon_core.shell:Creating package script '/home/dan/MA/CJ/install/armor_tracker/share/armor_tracker/package.sh'
[26.041s] INFO:colcon.colcon_core.shell:Creating package script '/home/dan/MA/CJ/install/armor_tracker/share/armor_tracker/package.bash'
[26.041s] INFO:colcon.colcon_core.shell:Creating package script '/home/dan/MA/CJ/install/armor_tracker/share/armor_tracker/package.zsh'
[26.041s] Level 1:colcon.colcon_core.environment:create_file_with_runtime_dependencies(/home/dan/MA/CJ/install/armor_tracker/share/colcon-core/packages/armor_tracker)
[26.078s] Level 1:colcon.colcon_core.environment:create_environment_scripts_only(armor_tracker)
[26.079s] Level 1:colcon.colcon_core.environment:checking '/home/dan/MA/CJ/install/armor_tracker' for CMake module files
[26.080s] Level 1:colcon.colcon_core.environment:checking '/home/dan/MA/CJ/install/armor_tracker' for CMake config files
[26.080s] Level 1:colcon.colcon_core.shell:create_environment_hook('armor_tracker', 'cmake_prefix_path')
[26.081s] INFO:colcon.colcon_core.shell:Creating environment hook '/home/dan/MA/CJ/install/armor_tracker/share/armor_tracker/hook/cmake_prefix_path.ps1'
[26.081s] INFO:colcon.colcon_core.shell:Creating environment descriptor '/home/dan/MA/CJ/install/armor_tracker/share/armor_tracker/hook/cmake_prefix_path.dsv'
[26.082s] INFO:colcon.colcon_core.shell:Creating environment hook '/home/dan/MA/CJ/install/armor_tracker/share/armor_tracker/hook/cmake_prefix_path.sh'
[26.082s] Level 1:colcon.colcon_core.environment:checking '/home/dan/MA/CJ/install/armor_tracker/lib'
[26.082s] Level 1:colcon.colcon_core.shell:create_environment_hook('armor_tracker', 'ld_library_path_lib')
[26.083s] INFO:colcon.colcon_core.shell:Creating environment hook '/home/dan/MA/CJ/install/armor_tracker/share/armor_tracker/hook/ld_library_path_lib.ps1'
[26.084s] INFO:colcon.colcon_core.shell:Creating environment descriptor '/home/dan/MA/CJ/install/armor_tracker/share/armor_tracker/hook/ld_library_path_lib.dsv'
[26.084s] INFO:colcon.colcon_core.shell:Creating environment hook '/home/dan/MA/CJ/install/armor_tracker/share/armor_tracker/hook/ld_library_path_lib.sh'
[26.084s] Level 1:colcon.colcon_core.environment:checking '/home/dan/MA/CJ/install/armor_tracker/bin'
[26.084s] Level 1:colcon.colcon_core.environment:checking '/home/dan/MA/CJ/install/armor_tracker/lib/pkgconfig/armor_tracker.pc'
[26.085s] Level 1:colcon.colcon_core.environment:checking '/home/dan/MA/CJ/install/armor_tracker/lib/python3.10/site-packages'
[26.085s] Level 1:colcon.colcon_core.environment:checking '/home/dan/MA/CJ/install/armor_tracker/bin'
[26.086s] INFO:colcon.colcon_core.shell:Creating package script '/home/dan/MA/CJ/install/armor_tracker/share/armor_tracker/package.ps1'
[26.086s] INFO:colcon.colcon_core.shell:Creating package descriptor '/home/dan/MA/CJ/install/armor_tracker/share/armor_tracker/package.dsv'
[26.087s] INFO:colcon.colcon_core.shell:Creating package script '/home/dan/MA/CJ/install/armor_tracker/share/armor_tracker/package.sh'
[26.088s] INFO:colcon.colcon_core.shell:Creating package script '/home/dan/MA/CJ/install/armor_tracker/share/armor_tracker/package.bash'
[26.088s] INFO:colcon.colcon_core.shell:Creating package script '/home/dan/MA/CJ/install/armor_tracker/share/armor_tracker/package.zsh'
[26.088s] Level 1:colcon.colcon_core.environment:create_file_with_runtime_dependencies(/home/dan/MA/CJ/install/armor_tracker/share/colcon-core/packages/armor_tracker)
[36.852s] DEBUG:colcon.colcon_core.event_handler.log_command:Invoked command in '/home/dan/MA/CJ/build/armor_detector' returned '0': CMAKE_PREFIX_PATH=/home/dan/MA/CJ/install/auto_aim_interfaces:/home/dan/MA/CJ/install/rm_vision_bringup:/home/dan/MA/CJ/install/rm_serial_driver:/home/dan/MA/CJ/install/armor_tracker:/home/dan/MA/CJ/install/armor_detector:/home/dan/Downloads/livox_driver2/install/livox_ros_driver2:/opt/ros/humble LD_LIBRARY_PATH=/home/dan/MA/CJ/install/auto_aim_interfaces/lib:/home/dan/MA/CJ/install/rm_serial_driver/lib:/home/dan/MA/CJ/install/armor_tracker/lib:/home/dan/MA/CJ/install/armor_detector/lib:/home/dan/Downloads/livox_driver2/install/livox_ros_driver2/lib:/usr/lib/x86_64-linux-gnu/gazebo-11/plugins:/opt/ros/humble/opt/rviz_ogre_vendor/lib:/opt/ros/humble/lib/x86_64-linux-gnu:/opt/ros/humble/lib /usr/bin/cmake --build /home/dan/MA/CJ/build/armor_detector -- -j16 -l16
[36.901s] DEBUG:colcon.colcon_core.event_handler.log_command:Invoking command in '/home/dan/MA/CJ/build/armor_detector': CMAKE_PREFIX_PATH=/home/dan/MA/CJ/install/auto_aim_interfaces:/home/dan/MA/CJ/install/rm_vision_bringup:/home/dan/MA/CJ/install/rm_serial_driver:/home/dan/MA/CJ/install/armor_tracker:/home/dan/MA/CJ/install/armor_detector:/home/dan/Downloads/livox_driver2/install/livox_ros_driver2:/opt/ros/humble LD_LIBRARY_PATH=/home/dan/MA/CJ/install/auto_aim_interfaces/lib:/home/dan/MA/CJ/install/rm_serial_driver/lib:/home/dan/MA/CJ/install/armor_tracker/lib:/home/dan/MA/CJ/install/armor_detector/lib:/home/dan/Downloads/livox_driver2/install/livox_ros_driver2/lib:/usr/lib/x86_64-linux-gnu/gazebo-11/plugins:/opt/ros/humble/opt/rviz_ogre_vendor/lib:/opt/ros/humble/lib/x86_64-linux-gnu:/opt/ros/humble/lib /usr/bin/cmake --install /home/dan/MA/CJ/build/armor_detector
[36.923s] Level 1:colcon.colcon_core.environment:create_environment_scripts_only(armor_detector)
[36.925s] Level 1:colcon.colcon_core.environment:checking '/home/dan/MA/CJ/install/armor_detector' for CMake module files
[36.926s] DEBUG:colcon.colcon_core.event_handler.log_command:Invoked command in '/home/dan/MA/CJ/build/armor_detector' returned '0': CMAKE_PREFIX_PATH=/home/dan/MA/CJ/install/auto_aim_interfaces:/home/dan/MA/CJ/install/rm_vision_bringup:/home/dan/MA/CJ/install/rm_serial_driver:/home/dan/MA/CJ/install/armor_tracker:/home/dan/MA/CJ/install/armor_detector:/home/dan/Downloads/livox_driver2/install/livox_ros_driver2:/opt/ros/humble LD_LIBRARY_PATH=/home/dan/MA/CJ/install/auto_aim_interfaces/lib:/home/dan/MA/CJ/install/rm_serial_driver/lib:/home/dan/MA/CJ/install/armor_tracker/lib:/home/dan/MA/CJ/install/armor_detector/lib:/home/dan/Downloads/livox_driver2/install/livox_ros_driver2/lib:/usr/lib/x86_64-linux-gnu/gazebo-11/plugins:/opt/ros/humble/opt/rviz_ogre_vendor/lib:/opt/ros/humble/lib/x86_64-linux-gnu:/opt/ros/humble/lib /usr/bin/cmake --install /home/dan/MA/CJ/build/armor_detector
[36.926s] Level 1:colcon.colcon_core.environment:checking '/home/dan/MA/CJ/install/armor_detector' for CMake config files
[36.926s] Level 1:colcon.colcon_core.shell:create_environment_hook('armor_detector', 'cmake_prefix_path')
[36.927s] INFO:colcon.colcon_core.shell:Creating environment hook '/home/dan/MA/CJ/install/armor_detector/share/armor_detector/hook/cmake_prefix_path.ps1'
[36.928s] INFO:colcon.colcon_core.shell:Creating environment descriptor '/home/dan/MA/CJ/install/armor_detector/share/armor_detector/hook/cmake_prefix_path.dsv'
[36.928s] INFO:colcon.colcon_core.shell:Creating environment hook '/home/dan/MA/CJ/install/armor_detector/share/armor_detector/hook/cmake_prefix_path.sh'
[36.928s] Level 1:colcon.colcon_core.environment:checking '/home/dan/MA/CJ/install/armor_detector/lib'
[36.928s] Level 1:colcon.colcon_core.shell:create_environment_hook('armor_detector', 'ld_library_path_lib')
[36.929s] INFO:colcon.colcon_core.shell:Creating environment hook '/home/dan/MA/CJ/install/armor_detector/share/armor_detector/hook/ld_library_path_lib.ps1'
[36.929s] INFO:colcon.colcon_core.shell:Creating environment descriptor '/home/dan/MA/CJ/install/armor_detector/share/armor_detector/hook/ld_library_path_lib.dsv'
[36.929s] INFO:colcon.colcon_core.shell:Creating environment hook '/home/dan/MA/CJ/install/armor_detector/share/armor_detector/hook/ld_library_path_lib.sh'
[36.930s] Level 1:colcon.colcon_core.environment:checking '/home/dan/MA/CJ/install/armor_detector/bin'
[36.930s] Level 1:colcon.colcon_core.environment:checking '/home/dan/MA/CJ/install/armor_detector/lib/pkgconfig/armor_detector.pc'
[36.930s] Level 1:colcon.colcon_core.environment:checking '/home/dan/MA/CJ/install/armor_detector/lib/python3.10/site-packages'
[36.930s] Level 1:colcon.colcon_core.environment:checking '/home/dan/MA/CJ/install/armor_detector/bin'
[36.931s] INFO:colcon.colcon_core.shell:Creating package script '/home/dan/MA/CJ/install/armor_detector/share/armor_detector/package.ps1'
[36.932s] INFO:colcon.colcon_core.shell:Creating package descriptor '/home/dan/MA/CJ/install/armor_detector/share/armor_detector/package.dsv'
[36.932s] INFO:colcon.colcon_core.shell:Creating package script '/home/dan/MA/CJ/install/armor_detector/share/armor_detector/package.sh'
[36.932s] INFO:colcon.colcon_core.shell:Creating package script '/home/dan/MA/CJ/install/armor_detector/share/armor_detector/package.bash'
[36.932s] INFO:colcon.colcon_core.shell:Creating package script '/home/dan/MA/CJ/install/armor_detector/share/armor_detector/package.zsh'
[36.932s] Level 1:colcon.colcon_core.environment:create_file_with_runtime_dependencies(/home/dan/MA/CJ/install/armor_detector/share/colcon-core/packages/armor_detector)
[36.974s] Level 1:colcon.colcon_core.environment:create_environment_scripts_only(armor_detector)
[36.975s] Level 1:colcon.colcon_core.environment:checking '/home/dan/MA/CJ/install/armor_detector' for CMake module files
[36.975s] Level 1:colcon.colcon_core.environment:checking '/home/dan/MA/CJ/install/armor_detector' for CMake config files
[36.976s] Level 1:colcon.colcon_core.shell:create_environment_hook('armor_detector', 'cmake_prefix_path')
[36.976s] INFO:colcon.colcon_core.shell:Creating environment hook '/home/dan/MA/CJ/install/armor_detector/share/armor_detector/hook/cmake_prefix_path.ps1'
[36.977s] INFO:colcon.colcon_core.shell:Creating environment descriptor '/home/dan/MA/CJ/install/armor_detector/share/armor_detector/hook/cmake_prefix_path.dsv'
[36.977s] INFO:colcon.colcon_core.shell:Creating environment hook '/home/dan/MA/CJ/install/armor_detector/share/armor_detector/hook/cmake_prefix_path.sh'
[36.977s] Level 1:colcon.colcon_core.environment:checking '/home/dan/MA/CJ/install/armor_detector/lib'
[36.977s] Level 1:colcon.colcon_core.shell:create_environment_hook('armor_detector', 'ld_library_path_lib')
[36.978s] INFO:colcon.colcon_core.shell:Creating environment hook '/home/dan/MA/CJ/install/armor_detector/share/armor_detector/hook/ld_library_path_lib.ps1'
[36.979s] INFO:colcon.colcon_core.shell:Creating environment descriptor '/home/dan/MA/CJ/install/armor_detector/share/armor_detector/hook/ld_library_path_lib.dsv'
[36.979s] INFO:colcon.colcon_core.shell:Creating environment hook '/home/dan/MA/CJ/install/armor_detector/share/armor_detector/hook/ld_library_path_lib.sh'
[36.979s] Level 1:colcon.colcon_core.environment:checking '/home/dan/MA/CJ/install/armor_detector/bin'
[36.979s] Level 1:colcon.colcon_core.environment:checking '/home/dan/MA/CJ/install/armor_detector/lib/pkgconfig/armor_detector.pc'
[36.979s] Level 1:colcon.colcon_core.environment:checking '/home/dan/MA/CJ/install/armor_detector/lib/python3.10/site-packages'
[36.980s] Level 1:colcon.colcon_core.environment:checking '/home/dan/MA/CJ/install/armor_detector/bin'
[36.981s] INFO:colcon.colcon_core.shell:Creating package script '/home/dan/MA/CJ/install/armor_detector/share/armor_detector/package.ps1'
[36.981s] INFO:colcon.colcon_core.shell:Creating package descriptor '/home/dan/MA/CJ/install/armor_detector/share/armor_detector/package.dsv'
[36.981s] INFO:colcon.colcon_core.shell:Creating package script '/home/dan/MA/CJ/install/armor_detector/share/armor_detector/package.sh'
[36.982s] INFO:colcon.colcon_core.shell:Creating package script '/home/dan/MA/CJ/install/armor_detector/share/armor_detector/package.bash'
[36.982s] INFO:colcon.colcon_core.shell:Creating package script '/home/dan/MA/CJ/install/armor_detector/share/armor_detector/package.zsh'
[36.982s] Level 1:colcon.colcon_core.environment:create_file_with_runtime_dependencies(/home/dan/MA/CJ/install/armor_detector/share/colcon-core/packages/armor_detector)
[36.982s] DEBUG:colcon.colcon_parallel_executor.executor.parallel:closing loop
[36.983s] DEBUG:colcon.colcon_parallel_executor.executor.parallel:loop closed
[36.983s] DEBUG:colcon.colcon_parallel_executor.executor.parallel:run_until_complete finished with '0'
[36.983s] DEBUG:colcon.colcon_core.event_reactor:joining thread
[36.988s] INFO:colcon.colcon_core.plugin_system:Skipping extension 'colcon_notification.desktop_notification.terminal_notifier': Not used on non-Darwin systems
[36.988s] INFO:colcon.colcon_core.plugin_system:Skipping extension 'colcon_notification.desktop_notification.win32': Not used on non-Windows systems
[36.988s] INFO:colcon.colcon_notification.desktop_notification:Sending desktop notification using 'notify2'
[36.998s] DEBUG:colcon.colcon_core.event_reactor:joined thread
[36.999s] INFO:colcon.colcon_core.shell:Creating prefix script '/home/dan/MA/CJ/install/local_setup.ps1'
[37.000s] INFO:colcon.colcon_core.shell:Creating prefix util module '/home/dan/MA/CJ/install/_local_setup_util_ps1.py'
[37.001s] INFO:colcon.colcon_core.shell:Creating prefix chain script '/home/dan/MA/CJ/install/setup.ps1'
[37.003s] INFO:colcon.colcon_core.shell:Creating prefix script '/home/dan/MA/CJ/install/local_setup.sh'
[37.003s] INFO:colcon.colcon_core.shell:Creating prefix util module '/home/dan/MA/CJ/install/_local_setup_util_sh.py'
[37.004s] INFO:colcon.colcon_core.shell:Creating prefix chain script '/home/dan/MA/CJ/install/setup.sh'
[37.005s] INFO:colcon.colcon_core.shell:Creating prefix script '/home/dan/MA/CJ/install/local_setup.bash'
[37.005s] INFO:colcon.colcon_core.shell:Creating prefix chain script '/home/dan/MA/CJ/install/setup.bash'
[37.007s] INFO:colcon.colcon_core.shell:Creating prefix script '/home/dan/MA/CJ/install/local_setup.zsh'
[37.007s] INFO:colcon.colcon_core.shell:Creating prefix chain script '/home/dan/MA/CJ/install/setup.zsh'
