[0.236s] DEBUG:colcon:Command line arguments: ['/usr/bin/colcon', 'build']
[0.236s] DEBUG:colcon:Parsed command line arguments: Namespace(log_base=None, log_level=None, verb_name='build', build_base='build', install_base='install', merge_install=False, symlink_install=False, test_result_base=None, continue_on_error=False, executor='parallel', parallel_workers=16, event_handlers=None, ignore_user_meta=False, metas=['./colcon.meta'], base_paths=['.'], packages_ignore=None, packages_ignore_regex=None, paths=None, packages_up_to=None, packages_up_to_regex=None, packages_above=None, packages_above_and_dependencies=None, packages_above_depth=None, packages_select_by_dep=None, packages_skip_by_dep=None, packages_skip_up_to=None, packages_select_build_failed=False, packages_skip_build_finished=False, packages_select_test_failures=False, packages_skip_test_passed=False, packages_select=None, packages_skip=None, packages_select_regex=None, packages_skip_regex=None, packages_start=None, packages_end=None, allow_overriding=[], cmake_args=None, cmake_target=None, cmake_target_skip_unavailable=False, cmake_clean_cache=False, cmake_clean_first=False, cmake_force_configure=False, ament_cmake_args=None, catkin_cmake_args=None, catkin_skip_building_tests=False, verb_parser=<colcon_defaults.argument_parser.defaults.DefaultArgumentsDecorator object at 0x7f794fea3e20>, verb_extension=<colcon_core.verb.build.BuildVerb object at 0x7f7950683550>, main=<bound method BuildVerb.main of <colcon_core.verb.build.BuildVerb object at 0x7f7950683550>>)
[0.267s] Level 1:colcon.colcon_core.package_discovery:discover_packages(colcon_meta) check parameters
[0.267s] Level 1:colcon.colcon_core.package_discovery:discover_packages(recursive) check parameters
[0.267s] Level 1:colcon.colcon_core.package_discovery:discover_packages(ignore) check parameters
[0.267s] Level 1:colcon.colcon_core.package_discovery:discover_packages(path) check parameters
[0.267s] Level 1:colcon.colcon_core.package_discovery:discover_packages(colcon_meta) discover
[0.267s] Level 1:colcon.colcon_core.package_discovery:discover_packages(recursive) discover
[0.267s] INFO:colcon.colcon_core.package_discovery:Crawling recursively for packages in '/home/dan/MA/CJ'
[0.267s] Level 1:colcon.colcon_core.package_identification:_identify(.) by extensions ['ignore', 'ignore_ament_install']
[0.267s] Level 1:colcon.colcon_core.package_identification:_identify(.) by extension 'ignore'
[0.267s] Level 1:colcon.colcon_core.package_identification:_identify(.) by extension 'ignore_ament_install'
[0.267s] Level 1:colcon.colcon_core.package_identification:_identify(.) by extensions ['colcon_pkg']
[0.267s] Level 1:colcon.colcon_core.package_identification:_identify(.) by extension 'colcon_pkg'
[0.267s] Level 1:colcon.colcon_core.package_identification:_identify(.) by extensions ['colcon_meta']
[0.267s] Level 1:colcon.colcon_core.package_identification:_identify(.) by extension 'colcon_meta'
[0.267s] Level 1:colcon.colcon_core.package_identification:_identify(.) by extensions ['ros']
[0.267s] Level 1:colcon.colcon_core.package_identification:_identify(.) by extension 'ros'
[0.276s] Level 1:colcon.colcon_core.package_identification:_identify(.) by extensions ['cmake', 'python']
[0.276s] Level 1:colcon.colcon_core.package_identification:_identify(.) by extension 'cmake'
[0.276s] Level 1:colcon.colcon_core.package_identification:_identify(.) by extension 'python'
[0.276s] Level 1:colcon.colcon_core.package_identification:_identify(.) by extensions ['python_setup_py']
[0.276s] Level 1:colcon.colcon_core.package_identification:_identify(.) by extension 'python_setup_py'
[0.277s] Level 1:colcon.colcon_core.package_identification:_identify(build) by extensions ['ignore', 'ignore_ament_install']
[0.277s] Level 1:colcon.colcon_core.package_identification:_identify(build) by extension 'ignore'
[0.277s] Level 1:colcon.colcon_core.package_identification:_identify(build) ignored
[0.277s] Level 1:colcon.colcon_core.package_identification:_identify(install) by extensions ['ignore', 'ignore_ament_install']
[0.277s] Level 1:colcon.colcon_core.package_identification:_identify(install) by extension 'ignore'
[0.277s] Level 1:colcon.colcon_core.package_identification:_identify(install) ignored
[0.277s] Level 1:colcon.colcon_core.package_identification:_identify(log) by extensions ['ignore', 'ignore_ament_install']
[0.277s] Level 1:colcon.colcon_core.package_identification:_identify(log) by extension 'ignore'
[0.277s] Level 1:colcon.colcon_core.package_identification:_identify(log) ignored
[0.277s] Level 1:colcon.colcon_core.package_identification:_identify(src) by extensions ['ignore', 'ignore_ament_install']
[0.277s] Level 1:colcon.colcon_core.package_identification:_identify(src) by extension 'ignore'
[0.277s] Level 1:colcon.colcon_core.package_identification:_identify(src) by extension 'ignore_ament_install'
[0.277s] Level 1:colcon.colcon_core.package_identification:_identify(src) by extensions ['colcon_pkg']
[0.277s] Level 1:colcon.colcon_core.package_identification:_identify(src) by extension 'colcon_pkg'
[0.277s] Level 1:colcon.colcon_core.package_identification:_identify(src) by extensions ['colcon_meta']
[0.277s] Level 1:colcon.colcon_core.package_identification:_identify(src) by extension 'colcon_meta'
[0.277s] Level 1:colcon.colcon_core.package_identification:_identify(src) by extensions ['ros']
[0.277s] Level 1:colcon.colcon_core.package_identification:_identify(src) by extension 'ros'
[0.277s] Level 1:colcon.colcon_core.package_identification:_identify(src) by extensions ['cmake', 'python']
[0.277s] Level 1:colcon.colcon_core.package_identification:_identify(src) by extension 'cmake'
[0.277s] Level 1:colcon.colcon_core.package_identification:_identify(src) by extension 'python'
[0.277s] Level 1:colcon.colcon_core.package_identification:_identify(src) by extensions ['python_setup_py']
[0.278s] Level 1:colcon.colcon_core.package_identification:_identify(src) by extension 'python_setup_py'
[0.278s] Level 1:colcon.colcon_core.package_identification:_identify(src/rm_auto_aim) by extensions ['ignore', 'ignore_ament_install']
[0.278s] Level 1:colcon.colcon_core.package_identification:_identify(src/rm_auto_aim) by extension 'ignore'
[0.278s] Level 1:colcon.colcon_core.package_identification:_identify(src/rm_auto_aim) by extension 'ignore_ament_install'
[0.278s] Level 1:colcon.colcon_core.package_identification:_identify(src/rm_auto_aim) by extensions ['colcon_pkg']
[0.278s] Level 1:colcon.colcon_core.package_identification:_identify(src/rm_auto_aim) by extension 'colcon_pkg'
[0.278s] Level 1:colcon.colcon_core.package_identification:_identify(src/rm_auto_aim) by extensions ['colcon_meta']
[0.278s] Level 1:colcon.colcon_core.package_identification:_identify(src/rm_auto_aim) by extension 'colcon_meta'
[0.278s] Level 1:colcon.colcon_core.package_identification:_identify(src/rm_auto_aim) by extensions ['ros']
[0.278s] Level 1:colcon.colcon_core.package_identification:_identify(src/rm_auto_aim) by extension 'ros'
[0.278s] Level 1:colcon.colcon_core.package_identification:_identify(src/rm_auto_aim) by extensions ['cmake', 'python']
[0.278s] Level 1:colcon.colcon_core.package_identification:_identify(src/rm_auto_aim) by extension 'cmake'
[0.278s] Level 1:colcon.colcon_core.package_identification:_identify(src/rm_auto_aim) by extension 'python'
[0.278s] Level 1:colcon.colcon_core.package_identification:_identify(src/rm_auto_aim) by extensions ['python_setup_py']
[0.278s] Level 1:colcon.colcon_core.package_identification:_identify(src/rm_auto_aim) by extension 'python_setup_py'
[0.278s] Level 1:colcon.colcon_core.package_identification:_identify(src/rm_auto_aim/armor_detector) by extensions ['ignore', 'ignore_ament_install']
[0.278s] Level 1:colcon.colcon_core.package_identification:_identify(src/rm_auto_aim/armor_detector) by extension 'ignore'
[0.278s] Level 1:colcon.colcon_core.package_identification:_identify(src/rm_auto_aim/armor_detector) by extension 'ignore_ament_install'
[0.278s] Level 1:colcon.colcon_core.package_identification:_identify(src/rm_auto_aim/armor_detector) by extensions ['colcon_pkg']
[0.278s] Level 1:colcon.colcon_core.package_identification:_identify(src/rm_auto_aim/armor_detector) by extension 'colcon_pkg'
[0.278s] Level 1:colcon.colcon_core.package_identification:_identify(src/rm_auto_aim/armor_detector) by extensions ['colcon_meta']
[0.278s] Level 1:colcon.colcon_core.package_identification:_identify(src/rm_auto_aim/armor_detector) by extension 'colcon_meta'
[0.278s] Level 1:colcon.colcon_core.package_identification:_identify(src/rm_auto_aim/armor_detector) by extensions ['ros']
[0.278s] Level 1:colcon.colcon_core.package_identification:_identify(src/rm_auto_aim/armor_detector) by extension 'ros'
[0.281s] DEBUG:colcon.colcon_core.package_identification:Package 'src/rm_auto_aim/armor_detector' with type 'ros.ament_cmake' and name 'armor_detector'
[0.281s] Level 1:colcon.colcon_core.package_identification:_identify(src/rm_auto_aim/armor_tracker) by extensions ['ignore', 'ignore_ament_install']
[0.281s] Level 1:colcon.colcon_core.package_identification:_identify(src/rm_auto_aim/armor_tracker) by extension 'ignore'
[0.281s] Level 1:colcon.colcon_core.package_identification:_identify(src/rm_auto_aim/armor_tracker) by extension 'ignore_ament_install'
[0.281s] Level 1:colcon.colcon_core.package_identification:_identify(src/rm_auto_aim/armor_tracker) by extensions ['colcon_pkg']
[0.281s] Level 1:colcon.colcon_core.package_identification:_identify(src/rm_auto_aim/armor_tracker) by extension 'colcon_pkg'
[0.281s] Level 1:colcon.colcon_core.package_identification:_identify(src/rm_auto_aim/armor_tracker) by extensions ['colcon_meta']
[0.281s] Level 1:colcon.colcon_core.package_identification:_identify(src/rm_auto_aim/armor_tracker) by extension 'colcon_meta'
[0.281s] Level 1:colcon.colcon_core.package_identification:_identify(src/rm_auto_aim/armor_tracker) by extensions ['ros']
[0.282s] Level 1:colcon.colcon_core.package_identification:_identify(src/rm_auto_aim/armor_tracker) by extension 'ros'
[0.282s] DEBUG:colcon.colcon_core.package_identification:Package 'src/rm_auto_aim/armor_tracker' with type 'ros.ament_cmake' and name 'armor_tracker'
[0.283s] Level 1:colcon.colcon_core.package_identification:_identify(src/rm_auto_aim/auto_aim_interfaces) by extensions ['ignore', 'ignore_ament_install']
[0.283s] Level 1:colcon.colcon_core.package_identification:_identify(src/rm_auto_aim/auto_aim_interfaces) by extension 'ignore'
[0.283s] Level 1:colcon.colcon_core.package_identification:_identify(src/rm_auto_aim/auto_aim_interfaces) by extension 'ignore_ament_install'
[0.283s] Level 1:colcon.colcon_core.package_identification:_identify(src/rm_auto_aim/auto_aim_interfaces) by extensions ['colcon_pkg']
[0.283s] Level 1:colcon.colcon_core.package_identification:_identify(src/rm_auto_aim/auto_aim_interfaces) by extension 'colcon_pkg'
[0.283s] Level 1:colcon.colcon_core.package_identification:_identify(src/rm_auto_aim/auto_aim_interfaces) by extensions ['colcon_meta']
[0.283s] Level 1:colcon.colcon_core.package_identification:_identify(src/rm_auto_aim/auto_aim_interfaces) by extension 'colcon_meta'
[0.283s] Level 1:colcon.colcon_core.package_identification:_identify(src/rm_auto_aim/auto_aim_interfaces) by extensions ['ros']
[0.283s] Level 1:colcon.colcon_core.package_identification:_identify(src/rm_auto_aim/auto_aim_interfaces) by extension 'ros'
[0.283s] DEBUG:colcon.colcon_core.package_identification:Package 'src/rm_auto_aim/auto_aim_interfaces' with type 'ros.ament_cmake' and name 'auto_aim_interfaces'
[0.283s] Level 1:colcon.colcon_core.package_identification:_identify(src/rm_auto_aim/docs) by extensions ['ignore', 'ignore_ament_install']
[0.283s] Level 1:colcon.colcon_core.package_identification:_identify(src/rm_auto_aim/docs) by extension 'ignore'
[0.283s] Level 1:colcon.colcon_core.package_identification:_identify(src/rm_auto_aim/docs) by extension 'ignore_ament_install'
[0.284s] Level 1:colcon.colcon_core.package_identification:_identify(src/rm_auto_aim/docs) by extensions ['colcon_pkg']
[0.284s] Level 1:colcon.colcon_core.package_identification:_identify(src/rm_auto_aim/docs) by extension 'colcon_pkg'
[0.284s] Level 1:colcon.colcon_core.package_identification:_identify(src/rm_auto_aim/docs) by extensions ['colcon_meta']
[0.284s] Level 1:colcon.colcon_core.package_identification:_identify(src/rm_auto_aim/docs) by extension 'colcon_meta'
[0.284s] Level 1:colcon.colcon_core.package_identification:_identify(src/rm_auto_aim/docs) by extensions ['ros']
[0.284s] Level 1:colcon.colcon_core.package_identification:_identify(src/rm_auto_aim/docs) by extension 'ros'
[0.284s] Level 1:colcon.colcon_core.package_identification:_identify(src/rm_auto_aim/docs) by extensions ['cmake', 'python']
[0.284s] Level 1:colcon.colcon_core.package_identification:_identify(src/rm_auto_aim/docs) by extension 'cmake'
[0.284s] Level 1:colcon.colcon_core.package_identification:_identify(src/rm_auto_aim/docs) by extension 'python'
[0.284s] Level 1:colcon.colcon_core.package_identification:_identify(src/rm_auto_aim/docs) by extensions ['python_setup_py']
[0.284s] Level 1:colcon.colcon_core.package_identification:_identify(src/rm_auto_aim/docs) by extension 'python_setup_py'
[0.284s] Level 1:colcon.colcon_core.package_identification:_identify(src/rm_auto_aim/rm_auto_aim) by extensions ['ignore', 'ignore_ament_install']
[0.284s] Level 1:colcon.colcon_core.package_identification:_identify(src/rm_auto_aim/rm_auto_aim) by extension 'ignore'
[0.284s] Level 1:colcon.colcon_core.package_identification:_identify(src/rm_auto_aim/rm_auto_aim) by extension 'ignore_ament_install'
[0.284s] Level 1:colcon.colcon_core.package_identification:_identify(src/rm_auto_aim/rm_auto_aim) by extensions ['colcon_pkg']
[0.284s] Level 1:colcon.colcon_core.package_identification:_identify(src/rm_auto_aim/rm_auto_aim) by extension 'colcon_pkg'
[0.284s] Level 1:colcon.colcon_core.package_identification:_identify(src/rm_auto_aim/rm_auto_aim) by extensions ['colcon_meta']
[0.284s] Level 1:colcon.colcon_core.package_identification:_identify(src/rm_auto_aim/rm_auto_aim) by extension 'colcon_meta'
[0.284s] Level 1:colcon.colcon_core.package_identification:_identify(src/rm_auto_aim/rm_auto_aim) by extensions ['ros']
[0.284s] Level 1:colcon.colcon_core.package_identification:_identify(src/rm_auto_aim/rm_auto_aim) by extension 'ros'
[0.285s] DEBUG:colcon.colcon_core.package_identification:Package 'src/rm_auto_aim/rm_auto_aim' with type 'ros.ament_cmake' and name 'rm_auto_aim'
[0.285s] Level 1:colcon.colcon_core.package_identification:_identify(src/rm_auto_aim/workflows) by extensions ['ignore', 'ignore_ament_install']
[0.285s] Level 1:colcon.colcon_core.package_identification:_identify(src/rm_auto_aim/workflows) by extension 'ignore'
[0.285s] Level 1:colcon.colcon_core.package_identification:_identify(src/rm_auto_aim/workflows) by extension 'ignore_ament_install'
[0.285s] Level 1:colcon.colcon_core.package_identification:_identify(src/rm_auto_aim/workflows) by extensions ['colcon_pkg']
[0.285s] Level 1:colcon.colcon_core.package_identification:_identify(src/rm_auto_aim/workflows) by extension 'colcon_pkg'
[0.285s] Level 1:colcon.colcon_core.package_identification:_identify(src/rm_auto_aim/workflows) by extensions ['colcon_meta']
[0.285s] Level 1:colcon.colcon_core.package_identification:_identify(src/rm_auto_aim/workflows) by extension 'colcon_meta'
[0.285s] Level 1:colcon.colcon_core.package_identification:_identify(src/rm_auto_aim/workflows) by extensions ['ros']
[0.285s] Level 1:colcon.colcon_core.package_identification:_identify(src/rm_auto_aim/workflows) by extension 'ros'
[0.285s] Level 1:colcon.colcon_core.package_identification:_identify(src/rm_auto_aim/workflows) by extensions ['cmake', 'python']
[0.285s] Level 1:colcon.colcon_core.package_identification:_identify(src/rm_auto_aim/workflows) by extension 'cmake'
[0.285s] Level 1:colcon.colcon_core.package_identification:_identify(src/rm_auto_aim/workflows) by extension 'python'
[0.285s] Level 1:colcon.colcon_core.package_identification:_identify(src/rm_auto_aim/workflows) by extensions ['python_setup_py']
[0.285s] Level 1:colcon.colcon_core.package_identification:_identify(src/rm_auto_aim/workflows) by extension 'python_setup_py'
[0.285s] Level 1:colcon.colcon_core.package_identification:_identify(src/rm_serial_driver) by extensions ['ignore', 'ignore_ament_install']
[0.285s] Level 1:colcon.colcon_core.package_identification:_identify(src/rm_serial_driver) by extension 'ignore'
[0.285s] Level 1:colcon.colcon_core.package_identification:_identify(src/rm_serial_driver) by extension 'ignore_ament_install'
[0.285s] Level 1:colcon.colcon_core.package_identification:_identify(src/rm_serial_driver) by extensions ['colcon_pkg']
[0.285s] Level 1:colcon.colcon_core.package_identification:_identify(src/rm_serial_driver) by extension 'colcon_pkg'
[0.285s] Level 1:colcon.colcon_core.package_identification:_identify(src/rm_serial_driver) by extensions ['colcon_meta']
[0.285s] Level 1:colcon.colcon_core.package_identification:_identify(src/rm_serial_driver) by extension 'colcon_meta'
[0.285s] Level 1:colcon.colcon_core.package_identification:_identify(src/rm_serial_driver) by extensions ['ros']
[0.286s] Level 1:colcon.colcon_core.package_identification:_identify(src/rm_serial_driver) by extension 'ros'
[0.286s] DEBUG:colcon.colcon_core.package_identification:Package 'src/rm_serial_driver' with type 'ros.ament_cmake' and name 'rm_serial_driver'
[0.286s] Level 1:colcon.colcon_core.package_discovery:discover_packages(recursive) using defaults
[0.286s] Level 1:colcon.colcon_core.package_discovery:discover_packages(ignore) discover
[0.286s] Level 1:colcon.colcon_core.package_discovery:discover_packages(ignore) using defaults
[0.286s] Level 1:colcon.colcon_core.package_discovery:discover_packages(path) discover
[0.287s] Level 1:colcon.colcon_core.package_discovery:discover_packages(path) using defaults
[0.306s] Level 1:colcon.colcon_core.package_discovery:discover_packages(prefix_path) check parameters
[0.306s] Level 1:colcon.colcon_core.package_discovery:discover_packages(prefix_path) discover
[0.308s] DEBUG:colcon.colcon_installed_package_information.package_discovery:Found 270 installed packages in /opt/ros/humble
[0.309s] Level 1:colcon.colcon_core.package_discovery:discover_packages(prefix_path) using defaults
[0.355s] Level 5:colcon.colcon_core.verb:set package 'auto_aim_interfaces' build argument 'cmake_args' from command line to 'None'
[0.355s] Level 5:colcon.colcon_core.verb:set package 'auto_aim_interfaces' build argument 'cmake_target' from command line to 'None'
[0.355s] Level 5:colcon.colcon_core.verb:set package 'auto_aim_interfaces' build argument 'cmake_target_skip_unavailable' from command line to 'False'
[0.355s] Level 5:colcon.colcon_core.verb:set package 'auto_aim_interfaces' build argument 'cmake_clean_cache' from command line to 'False'
[0.355s] Level 5:colcon.colcon_core.verb:set package 'auto_aim_interfaces' build argument 'cmake_clean_first' from command line to 'False'
[0.355s] Level 5:colcon.colcon_core.verb:set package 'auto_aim_interfaces' build argument 'cmake_force_configure' from command line to 'False'
[0.355s] Level 5:colcon.colcon_core.verb:set package 'auto_aim_interfaces' build argument 'ament_cmake_args' from command line to 'None'
[0.355s] Level 5:colcon.colcon_core.verb:set package 'auto_aim_interfaces' build argument 'catkin_cmake_args' from command line to 'None'
[0.355s] Level 5:colcon.colcon_core.verb:set package 'auto_aim_interfaces' build argument 'catkin_skip_building_tests' from command line to 'False'
[0.355s] DEBUG:colcon.colcon_core.verb:Building package 'auto_aim_interfaces' with the following arguments: {'ament_cmake_args': None, 'build_base': '/home/dan/MA/CJ/build/auto_aim_interfaces', 'catkin_cmake_args': None, 'catkin_skip_building_tests': False, 'cmake_args': None, 'cmake_clean_cache': False, 'cmake_clean_first': False, 'cmake_force_configure': False, 'cmake_target': None, 'cmake_target_skip_unavailable': False, 'install_base': '/home/dan/MA/CJ/install/auto_aim_interfaces', 'merge_install': False, 'path': '/home/dan/MA/CJ/src/rm_auto_aim/auto_aim_interfaces', 'symlink_install': False, 'test_result_base': None}
[0.356s] Level 5:colcon.colcon_core.verb:set package 'armor_detector' build argument 'cmake_args' from command line to 'None'
[0.356s] Level 5:colcon.colcon_core.verb:set package 'armor_detector' build argument 'cmake_target' from command line to 'None'
[0.356s] Level 5:colcon.colcon_core.verb:set package 'armor_detector' build argument 'cmake_target_skip_unavailable' from command line to 'False'
[0.356s] Level 5:colcon.colcon_core.verb:set package 'armor_detector' build argument 'cmake_clean_cache' from command line to 'False'
[0.356s] Level 5:colcon.colcon_core.verb:set package 'armor_detector' build argument 'cmake_clean_first' from command line to 'False'
[0.356s] Level 5:colcon.colcon_core.verb:set package 'armor_detector' build argument 'cmake_force_configure' from command line to 'False'
[0.356s] Level 5:colcon.colcon_core.verb:set package 'armor_detector' build argument 'ament_cmake_args' from command line to 'None'
[0.356s] Level 5:colcon.colcon_core.verb:set package 'armor_detector' build argument 'catkin_cmake_args' from command line to 'None'
[0.356s] Level 5:colcon.colcon_core.verb:set package 'armor_detector' build argument 'catkin_skip_building_tests' from command line to 'False'
[0.356s] DEBUG:colcon.colcon_core.verb:Building package 'armor_detector' with the following arguments: {'ament_cmake_args': None, 'build_base': '/home/dan/MA/CJ/build/armor_detector', 'catkin_cmake_args': None, 'catkin_skip_building_tests': False, 'cmake_args': None, 'cmake_clean_cache': False, 'cmake_clean_first': False, 'cmake_force_configure': False, 'cmake_target': None, 'cmake_target_skip_unavailable': False, 'install_base': '/home/dan/MA/CJ/install/armor_detector', 'merge_install': False, 'path': '/home/dan/MA/CJ/src/rm_auto_aim/armor_detector', 'symlink_install': False, 'test_result_base': None}
[0.357s] Level 5:colcon.colcon_core.verb:set package 'armor_tracker' build argument 'cmake_args' from command line to 'None'
[0.357s] Level 5:colcon.colcon_core.verb:set package 'armor_tracker' build argument 'cmake_target' from command line to 'None'
[0.357s] Level 5:colcon.colcon_core.verb:set package 'armor_tracker' build argument 'cmake_target_skip_unavailable' from command line to 'False'
[0.357s] Level 5:colcon.colcon_core.verb:set package 'armor_tracker' build argument 'cmake_clean_cache' from command line to 'False'
[0.357s] Level 5:colcon.colcon_core.verb:set package 'armor_tracker' build argument 'cmake_clean_first' from command line to 'False'
[0.357s] Level 5:colcon.colcon_core.verb:set package 'armor_tracker' build argument 'cmake_force_configure' from command line to 'False'
[0.357s] Level 5:colcon.colcon_core.verb:set package 'armor_tracker' build argument 'ament_cmake_args' from command line to 'None'
[0.357s] Level 5:colcon.colcon_core.verb:set package 'armor_tracker' build argument 'catkin_cmake_args' from command line to 'None'
[0.357s] Level 5:colcon.colcon_core.verb:set package 'armor_tracker' build argument 'catkin_skip_building_tests' from command line to 'False'
[0.357s] DEBUG:colcon.colcon_core.verb:Building package 'armor_tracker' with the following arguments: {'ament_cmake_args': None, 'build_base': '/home/dan/MA/CJ/build/armor_tracker', 'catkin_cmake_args': None, 'catkin_skip_building_tests': False, 'cmake_args': None, 'cmake_clean_cache': False, 'cmake_clean_first': False, 'cmake_force_configure': False, 'cmake_target': None, 'cmake_target_skip_unavailable': False, 'install_base': '/home/dan/MA/CJ/install/armor_tracker', 'merge_install': False, 'path': '/home/dan/MA/CJ/src/rm_auto_aim/armor_tracker', 'symlink_install': False, 'test_result_base': None}
[0.358s] Level 5:colcon.colcon_core.verb:set package 'rm_serial_driver' build argument 'cmake_args' from command line to 'None'
[0.358s] Level 5:colcon.colcon_core.verb:set package 'rm_serial_driver' build argument 'cmake_target' from command line to 'None'
[0.358s] Level 5:colcon.colcon_core.verb:set package 'rm_serial_driver' build argument 'cmake_target_skip_unavailable' from command line to 'False'
[0.358s] Level 5:colcon.colcon_core.verb:set package 'rm_serial_driver' build argument 'cmake_clean_cache' from command line to 'False'
[0.358s] Level 5:colcon.colcon_core.verb:set package 'rm_serial_driver' build argument 'cmake_clean_first' from command line to 'False'
[0.358s] Level 5:colcon.colcon_core.verb:set package 'rm_serial_driver' build argument 'cmake_force_configure' from command line to 'False'
[0.358s] Level 5:colcon.colcon_core.verb:set package 'rm_serial_driver' build argument 'ament_cmake_args' from command line to 'None'
[0.358s] Level 5:colcon.colcon_core.verb:set package 'rm_serial_driver' build argument 'catkin_cmake_args' from command line to 'None'
[0.358s] Level 5:colcon.colcon_core.verb:set package 'rm_serial_driver' build argument 'catkin_skip_building_tests' from command line to 'False'
[0.358s] DEBUG:colcon.colcon_core.verb:Building package 'rm_serial_driver' with the following arguments: {'ament_cmake_args': None, 'build_base': '/home/dan/MA/CJ/build/rm_serial_driver', 'catkin_cmake_args': None, 'catkin_skip_building_tests': False, 'cmake_args': None, 'cmake_clean_cache': False, 'cmake_clean_first': False, 'cmake_force_configure': False, 'cmake_target': None, 'cmake_target_skip_unavailable': False, 'install_base': '/home/dan/MA/CJ/install/rm_serial_driver', 'merge_install': False, 'path': '/home/dan/MA/CJ/src/rm_serial_driver', 'symlink_install': False, 'test_result_base': None}
[0.359s] Level 5:colcon.colcon_core.verb:set package 'rm_auto_aim' build argument 'cmake_args' from command line to 'None'
[0.359s] Level 5:colcon.colcon_core.verb:set package 'rm_auto_aim' build argument 'cmake_target' from command line to 'None'
[0.359s] Level 5:colcon.colcon_core.verb:set package 'rm_auto_aim' build argument 'cmake_target_skip_unavailable' from command line to 'False'
[0.359s] Level 5:colcon.colcon_core.verb:set package 'rm_auto_aim' build argument 'cmake_clean_cache' from command line to 'False'
[0.359s] Level 5:colcon.colcon_core.verb:set package 'rm_auto_aim' build argument 'cmake_clean_first' from command line to 'False'
[0.359s] Level 5:colcon.colcon_core.verb:set package 'rm_auto_aim' build argument 'cmake_force_configure' from command line to 'False'
[0.359s] Level 5:colcon.colcon_core.verb:set package 'rm_auto_aim' build argument 'ament_cmake_args' from command line to 'None'
[0.359s] Level 5:colcon.colcon_core.verb:set package 'rm_auto_aim' build argument 'catkin_cmake_args' from command line to 'None'
[0.359s] Level 5:colcon.colcon_core.verb:set package 'rm_auto_aim' build argument 'catkin_skip_building_tests' from command line to 'False'
[0.359s] DEBUG:colcon.colcon_core.verb:Building package 'rm_auto_aim' with the following arguments: {'ament_cmake_args': None, 'build_base': '/home/dan/MA/CJ/build/rm_auto_aim', 'catkin_cmake_args': None, 'catkin_skip_building_tests': False, 'cmake_args': None, 'cmake_clean_cache': False, 'cmake_clean_first': False, 'cmake_force_configure': False, 'cmake_target': None, 'cmake_target_skip_unavailable': False, 'install_base': '/home/dan/MA/CJ/install/rm_auto_aim', 'merge_install': False, 'path': '/home/dan/MA/CJ/src/rm_auto_aim/rm_auto_aim', 'symlink_install': False, 'test_result_base': None}
[0.360s] INFO:colcon.colcon_core.executor:Executing jobs using 'parallel' executor
[0.363s] DEBUG:colcon.colcon_parallel_executor.executor.parallel:run_until_complete
[0.364s] INFO:colcon.colcon_ros.task.ament_cmake.build:Building ROS package in '/home/dan/MA/CJ/src/rm_auto_aim/auto_aim_interfaces' with build type 'ament_cmake'
[0.364s] INFO:colcon.colcon_cmake.task.cmake.build:Building CMake package in '/home/dan/MA/CJ/src/rm_auto_aim/auto_aim_interfaces'
[0.370s] INFO:colcon.colcon_core.plugin_system:Skipping extension 'colcon_core.shell.bat': Not used on non-Windows systems
[0.370s] INFO:colcon.colcon_core.shell:Skip shell extension 'powershell' for command environment: Not usable outside of PowerShell
[0.370s] DEBUG:colcon.colcon_core.shell:Skip shell extension 'dsv' for command environment
[0.378s] DEBUG:colcon.colcon_core.event_handler.log_command:Invoking command in '/home/dan/MA/CJ/build/auto_aim_interfaces': CMAKE_PREFIX_PATH=/opt/ros/humble /usr/bin/cmake /home/dan/MA/CJ/src/rm_auto_aim/auto_aim_interfaces -DCMAKE_INSTALL_PREFIX=/home/dan/MA/CJ/install/auto_aim_interfaces
[2.033s] DEBUG:colcon.colcon_core.event_handler.log_command:Invoked command in '/home/dan/MA/CJ/build/auto_aim_interfaces' returned '0': CMAKE_PREFIX_PATH=/opt/ros/humble /usr/bin/cmake /home/dan/MA/CJ/src/rm_auto_aim/auto_aim_interfaces -DCMAKE_INSTALL_PREFIX=/home/dan/MA/CJ/install/auto_aim_interfaces
[2.035s] DEBUG:colcon.colcon_core.event_handler.log_command:Invoking command in '/home/dan/MA/CJ/build/auto_aim_interfaces': CMAKE_PREFIX_PATH=/opt/ros/humble /usr/bin/cmake --build /home/dan/MA/CJ/build/auto_aim_interfaces -- -j16 -l16
[6.680s] DEBUG:colcon.colcon_core.event_handler.log_command:Invoked command in '/home/dan/MA/CJ/build/auto_aim_interfaces' returned '0': CMAKE_PREFIX_PATH=/opt/ros/humble /usr/bin/cmake --build /home/dan/MA/CJ/build/auto_aim_interfaces -- -j16 -l16
[6.852s] DEBUG:colcon.colcon_core.event_handler.log_command:Invoking command in '/home/dan/MA/CJ/build/auto_aim_interfaces': CMAKE_PREFIX_PATH=/opt/ros/humble /usr/bin/cmake --install /home/dan/MA/CJ/build/auto_aim_interfaces
[6.928s] Level 1:colcon.colcon_core.environment:create_environment_scripts_only(auto_aim_interfaces)
[6.929s] DEBUG:colcon.colcon_core.event_handler.log_command:Invoked command in '/home/dan/MA/CJ/build/auto_aim_interfaces' returned '0': CMAKE_PREFIX_PATH=/opt/ros/humble /usr/bin/cmake --install /home/dan/MA/CJ/build/auto_aim_interfaces
[6.934s] Level 1:colcon.colcon_core.environment:checking '/home/dan/MA/CJ/install/auto_aim_interfaces' for CMake module files
[6.934s] Level 1:colcon.colcon_core.environment:checking '/home/dan/MA/CJ/install/auto_aim_interfaces' for CMake config files
[6.935s] Level 1:colcon.colcon_core.shell:create_environment_hook('auto_aim_interfaces', 'cmake_prefix_path')
[6.936s] INFO:colcon.colcon_core.shell:Creating environment hook '/home/dan/MA/CJ/install/auto_aim_interfaces/share/auto_aim_interfaces/hook/cmake_prefix_path.ps1'
[6.936s] INFO:colcon.colcon_core.shell:Creating environment descriptor '/home/dan/MA/CJ/install/auto_aim_interfaces/share/auto_aim_interfaces/hook/cmake_prefix_path.dsv'
[6.936s] INFO:colcon.colcon_core.shell:Creating environment hook '/home/dan/MA/CJ/install/auto_aim_interfaces/share/auto_aim_interfaces/hook/cmake_prefix_path.sh'
[6.937s] Level 1:colcon.colcon_core.environment:checking '/home/dan/MA/CJ/install/auto_aim_interfaces/lib'
[6.937s] Level 1:colcon.colcon_core.shell:create_environment_hook('auto_aim_interfaces', 'ld_library_path_lib')
[6.938s] INFO:colcon.colcon_core.shell:Creating environment hook '/home/dan/MA/CJ/install/auto_aim_interfaces/share/auto_aim_interfaces/hook/ld_library_path_lib.ps1'
[6.938s] INFO:colcon.colcon_core.shell:Creating environment descriptor '/home/dan/MA/CJ/install/auto_aim_interfaces/share/auto_aim_interfaces/hook/ld_library_path_lib.dsv'
[6.939s] INFO:colcon.colcon_core.shell:Creating environment hook '/home/dan/MA/CJ/install/auto_aim_interfaces/share/auto_aim_interfaces/hook/ld_library_path_lib.sh'
[6.939s] Level 1:colcon.colcon_core.environment:checking '/home/dan/MA/CJ/install/auto_aim_interfaces/bin'
[6.939s] Level 1:colcon.colcon_core.environment:checking '/home/dan/MA/CJ/install/auto_aim_interfaces/lib/pkgconfig/auto_aim_interfaces.pc'
[6.939s] Level 1:colcon.colcon_core.environment:checking '/home/dan/MA/CJ/install/auto_aim_interfaces/lib/python3.10/site-packages'
[6.939s] Level 1:colcon.colcon_core.environment:checking '/home/dan/MA/CJ/install/auto_aim_interfaces/bin'
[6.940s] INFO:colcon.colcon_core.shell:Creating package script '/home/dan/MA/CJ/install/auto_aim_interfaces/share/auto_aim_interfaces/package.ps1'
[6.941s] INFO:colcon.colcon_core.shell:Creating package descriptor '/home/dan/MA/CJ/install/auto_aim_interfaces/share/auto_aim_interfaces/package.dsv'
[6.942s] INFO:colcon.colcon_core.shell:Creating package script '/home/dan/MA/CJ/install/auto_aim_interfaces/share/auto_aim_interfaces/package.sh'
[6.942s] INFO:colcon.colcon_core.shell:Creating package script '/home/dan/MA/CJ/install/auto_aim_interfaces/share/auto_aim_interfaces/package.bash'
[6.943s] INFO:colcon.colcon_core.shell:Creating package script '/home/dan/MA/CJ/install/auto_aim_interfaces/share/auto_aim_interfaces/package.zsh'
[6.943s] Level 1:colcon.colcon_core.environment:create_file_with_runtime_dependencies(/home/dan/MA/CJ/install/auto_aim_interfaces/share/colcon-core/packages/auto_aim_interfaces)
[7.098s] Level 1:colcon.colcon_core.environment:create_environment_scripts_only(auto_aim_interfaces)
[7.100s] Level 1:colcon.colcon_core.environment:checking '/home/dan/MA/CJ/install/auto_aim_interfaces' for CMake module files
[7.101s] Level 1:colcon.colcon_core.environment:checking '/home/dan/MA/CJ/install/auto_aim_interfaces' for CMake config files
[7.102s] Level 1:colcon.colcon_core.shell:create_environment_hook('auto_aim_interfaces', 'cmake_prefix_path')
[7.103s] INFO:colcon.colcon_core.shell:Creating environment hook '/home/dan/MA/CJ/install/auto_aim_interfaces/share/auto_aim_interfaces/hook/cmake_prefix_path.ps1'
[7.104s] INFO:colcon.colcon_core.shell:Creating environment descriptor '/home/dan/MA/CJ/install/auto_aim_interfaces/share/auto_aim_interfaces/hook/cmake_prefix_path.dsv'
[7.104s] INFO:colcon.colcon_core.shell:Creating environment hook '/home/dan/MA/CJ/install/auto_aim_interfaces/share/auto_aim_interfaces/hook/cmake_prefix_path.sh'
[7.105s] Level 1:colcon.colcon_core.environment:checking '/home/dan/MA/CJ/install/auto_aim_interfaces/lib'
[7.105s] Level 1:colcon.colcon_core.shell:create_environment_hook('auto_aim_interfaces', 'ld_library_path_lib')
[7.106s] INFO:colcon.colcon_core.shell:Creating environment hook '/home/dan/MA/CJ/install/auto_aim_interfaces/share/auto_aim_interfaces/hook/ld_library_path_lib.ps1'
[7.106s] INFO:colcon.colcon_core.shell:Creating environment descriptor '/home/dan/MA/CJ/install/auto_aim_interfaces/share/auto_aim_interfaces/hook/ld_library_path_lib.dsv'
[7.107s] INFO:colcon.colcon_core.shell:Creating environment hook '/home/dan/MA/CJ/install/auto_aim_interfaces/share/auto_aim_interfaces/hook/ld_library_path_lib.sh'
[7.107s] Level 1:colcon.colcon_core.environment:checking '/home/dan/MA/CJ/install/auto_aim_interfaces/bin'
[7.107s] Level 1:colcon.colcon_core.environment:checking '/home/dan/MA/CJ/install/auto_aim_interfaces/lib/pkgconfig/auto_aim_interfaces.pc'
[7.107s] Level 1:colcon.colcon_core.environment:checking '/home/dan/MA/CJ/install/auto_aim_interfaces/lib/python3.10/site-packages'
[7.107s] Level 1:colcon.colcon_core.environment:checking '/home/dan/MA/CJ/install/auto_aim_interfaces/bin'
[7.109s] INFO:colcon.colcon_core.shell:Creating package script '/home/dan/MA/CJ/install/auto_aim_interfaces/share/auto_aim_interfaces/package.ps1'
[7.110s] INFO:colcon.colcon_core.shell:Creating package descriptor '/home/dan/MA/CJ/install/auto_aim_interfaces/share/auto_aim_interfaces/package.dsv'
[7.116s] INFO:colcon.colcon_core.shell:Creating package script '/home/dan/MA/CJ/install/auto_aim_interfaces/share/auto_aim_interfaces/package.sh'
[7.123s] INFO:colcon.colcon_core.shell:Creating package script '/home/dan/MA/CJ/install/auto_aim_interfaces/share/auto_aim_interfaces/package.bash'
[7.125s] INFO:colcon.colcon_core.shell:Creating package script '/home/dan/MA/CJ/install/auto_aim_interfaces/share/auto_aim_interfaces/package.zsh'
[7.127s] Level 1:colcon.colcon_core.environment:create_file_with_runtime_dependencies(/home/dan/MA/CJ/install/auto_aim_interfaces/share/colcon-core/packages/auto_aim_interfaces)
[7.128s] INFO:colcon.colcon_ros.task.ament_cmake.build:Building ROS package in '/home/dan/MA/CJ/src/rm_auto_aim/armor_detector' with build type 'ament_cmake'
[7.130s] INFO:colcon.colcon_cmake.task.cmake.build:Building CMake package in '/home/dan/MA/CJ/src/rm_auto_aim/armor_detector'
[7.133s] INFO:colcon.colcon_core.shell:Skip shell extension 'powershell' for command environment: Not usable outside of PowerShell
[7.133s] DEBUG:colcon.colcon_core.shell:Skip shell extension 'dsv' for command environment
[7.138s] INFO:colcon.colcon_ros.task.ament_cmake.build:Building ROS package in '/home/dan/MA/CJ/src/rm_auto_aim/armor_tracker' with build type 'ament_cmake'
[7.139s] INFO:colcon.colcon_cmake.task.cmake.build:Building CMake package in '/home/dan/MA/CJ/src/rm_auto_aim/armor_tracker'
[7.140s] INFO:colcon.colcon_core.shell:Skip shell extension 'powershell' for command environment: Not usable outside of PowerShell
[7.141s] DEBUG:colcon.colcon_core.shell:Skip shell extension 'dsv' for command environment
[7.145s] INFO:colcon.colcon_ros.task.ament_cmake.build:Building ROS package in '/home/dan/MA/CJ/src/rm_serial_driver' with build type 'ament_cmake'
[7.145s] INFO:colcon.colcon_cmake.task.cmake.build:Building CMake package in '/home/dan/MA/CJ/src/rm_serial_driver'
[7.146s] INFO:colcon.colcon_core.shell:Skip shell extension 'powershell' for command environment: Not usable outside of PowerShell
[7.147s] DEBUG:colcon.colcon_core.shell:Skip shell extension 'dsv' for command environment
[7.154s] DEBUG:colcon.colcon_core.event_handler.log_command:Invoking command in '/home/dan/MA/CJ/build/armor_detector': AMENT_PREFIX_PATH=/home/dan/MA/CJ/install/auto_aim_interfaces:${AMENT_PREFIX_PATH} CMAKE_PREFIX_PATH=/home/dan/MA/CJ/install/auto_aim_interfaces:/opt/ros/humble LD_LIBRARY_PATH=/home/dan/MA/CJ/install/auto_aim_interfaces/lib:${LD_LIBRARY_PATH} PYTHONPATH=/home/dan/MA/CJ/install/auto_aim_interfaces/local/lib/python3.10/dist-packages:${PYTHONPATH} /usr/bin/cmake /home/dan/MA/CJ/src/rm_auto_aim/armor_detector -DCMAKE_INSTALL_PREFIX=/home/dan/MA/CJ/install/armor_detector
[7.156s] DEBUG:colcon.colcon_core.event_handler.log_command:Invoking command in '/home/dan/MA/CJ/build/armor_tracker': AMENT_PREFIX_PATH=/home/dan/MA/CJ/install/auto_aim_interfaces:${AMENT_PREFIX_PATH} CMAKE_PREFIX_PATH=/home/dan/MA/CJ/install/auto_aim_interfaces:/opt/ros/humble LD_LIBRARY_PATH=/home/dan/MA/CJ/install/auto_aim_interfaces/lib:${LD_LIBRARY_PATH} PYTHONPATH=/home/dan/MA/CJ/install/auto_aim_interfaces/local/lib/python3.10/dist-packages:${PYTHONPATH} /usr/bin/cmake /home/dan/MA/CJ/src/rm_auto_aim/armor_tracker -DCMAKE_INSTALL_PREFIX=/home/dan/MA/CJ/install/armor_tracker
[7.161s] DEBUG:colcon.colcon_core.event_handler.log_command:Invoking command in '/home/dan/MA/CJ/build/rm_serial_driver': AMENT_PREFIX_PATH=/home/dan/MA/CJ/install/auto_aim_interfaces:${AMENT_PREFIX_PATH} CMAKE_PREFIX_PATH=/home/dan/MA/CJ/install/auto_aim_interfaces:/opt/ros/humble LD_LIBRARY_PATH=/home/dan/MA/CJ/install/auto_aim_interfaces/lib:${LD_LIBRARY_PATH} PYTHONPATH=/home/dan/MA/CJ/install/auto_aim_interfaces/local/lib/python3.10/dist-packages:${PYTHONPATH} /usr/bin/cmake /home/dan/MA/CJ/src/rm_serial_driver -DCMAKE_INSTALL_PREFIX=/home/dan/MA/CJ/install/rm_serial_driver
[9.356s] DEBUG:colcon.colcon_core.event_handler.log_command:Invoked command in '/home/dan/MA/CJ/build/armor_tracker' returned '0': AMENT_PREFIX_PATH=/home/dan/MA/CJ/install/auto_aim_interfaces:${AMENT_PREFIX_PATH} CMAKE_PREFIX_PATH=/home/dan/MA/CJ/install/auto_aim_interfaces:/opt/ros/humble LD_LIBRARY_PATH=/home/dan/MA/CJ/install/auto_aim_interfaces/lib:${LD_LIBRARY_PATH} PYTHONPATH=/home/dan/MA/CJ/install/auto_aim_interfaces/local/lib/python3.10/dist-packages:${PYTHONPATH} /usr/bin/cmake /home/dan/MA/CJ/src/rm_auto_aim/armor_tracker -DCMAKE_INSTALL_PREFIX=/home/dan/MA/CJ/install/armor_tracker
[9.358s] DEBUG:colcon.colcon_core.event_handler.log_command:Invoking command in '/home/dan/MA/CJ/build/armor_tracker': AMENT_PREFIX_PATH=/home/dan/MA/CJ/install/auto_aim_interfaces:${AMENT_PREFIX_PATH} CMAKE_PREFIX_PATH=/home/dan/MA/CJ/install/auto_aim_interfaces:/opt/ros/humble LD_LIBRARY_PATH=/home/dan/MA/CJ/install/auto_aim_interfaces/lib:${LD_LIBRARY_PATH} PYTHONPATH=/home/dan/MA/CJ/install/auto_aim_interfaces/local/lib/python3.10/dist-packages:${PYTHONPATH} /usr/bin/cmake --build /home/dan/MA/CJ/build/armor_tracker -- -j16 -l16
[9.374s] DEBUG:colcon.colcon_core.event_handler.log_command:Invoked command in '/home/dan/MA/CJ/build/armor_detector' returned '0': AMENT_PREFIX_PATH=/home/dan/MA/CJ/install/auto_aim_interfaces:${AMENT_PREFIX_PATH} CMAKE_PREFIX_PATH=/home/dan/MA/CJ/install/auto_aim_interfaces:/opt/ros/humble LD_LIBRARY_PATH=/home/dan/MA/CJ/install/auto_aim_interfaces/lib:${LD_LIBRARY_PATH} PYTHONPATH=/home/dan/MA/CJ/install/auto_aim_interfaces/local/lib/python3.10/dist-packages:${PYTHONPATH} /usr/bin/cmake /home/dan/MA/CJ/src/rm_auto_aim/armor_detector -DCMAKE_INSTALL_PREFIX=/home/dan/MA/CJ/install/armor_detector
[9.377s] DEBUG:colcon.colcon_core.event_handler.log_command:Invoking command in '/home/dan/MA/CJ/build/armor_detector': AMENT_PREFIX_PATH=/home/dan/MA/CJ/install/auto_aim_interfaces:${AMENT_PREFIX_PATH} CMAKE_PREFIX_PATH=/home/dan/MA/CJ/install/auto_aim_interfaces:/opt/ros/humble LD_LIBRARY_PATH=/home/dan/MA/CJ/install/auto_aim_interfaces/lib:${LD_LIBRARY_PATH} PYTHONPATH=/home/dan/MA/CJ/install/auto_aim_interfaces/local/lib/python3.10/dist-packages:${PYTHONPATH} /usr/bin/cmake --build /home/dan/MA/CJ/build/armor_detector -- -j16 -l16
[9.567s] DEBUG:colcon.colcon_core.event_handler.log_command:Invoked command in '/home/dan/MA/CJ/build/rm_serial_driver' returned '0': AMENT_PREFIX_PATH=/home/dan/MA/CJ/install/auto_aim_interfaces:${AMENT_PREFIX_PATH} CMAKE_PREFIX_PATH=/home/dan/MA/CJ/install/auto_aim_interfaces:/opt/ros/humble LD_LIBRARY_PATH=/home/dan/MA/CJ/install/auto_aim_interfaces/lib:${LD_LIBRARY_PATH} PYTHONPATH=/home/dan/MA/CJ/install/auto_aim_interfaces/local/lib/python3.10/dist-packages:${PYTHONPATH} /usr/bin/cmake /home/dan/MA/CJ/src/rm_serial_driver -DCMAKE_INSTALL_PREFIX=/home/dan/MA/CJ/install/rm_serial_driver
[9.571s] DEBUG:colcon.colcon_core.event_handler.log_command:Invoking command in '/home/dan/MA/CJ/build/rm_serial_driver': AMENT_PREFIX_PATH=/home/dan/MA/CJ/install/auto_aim_interfaces:${AMENT_PREFIX_PATH} CMAKE_PREFIX_PATH=/home/dan/MA/CJ/install/auto_aim_interfaces:/opt/ros/humble LD_LIBRARY_PATH=/home/dan/MA/CJ/install/auto_aim_interfaces/lib:${LD_LIBRARY_PATH} PYTHONPATH=/home/dan/MA/CJ/install/auto_aim_interfaces/local/lib/python3.10/dist-packages:${PYTHONPATH} /usr/bin/cmake --build /home/dan/MA/CJ/build/rm_serial_driver -- -j16 -l16
[27.740s] DEBUG:colcon.colcon_core.event_handler.log_command:Invoked command in '/home/dan/MA/CJ/build/rm_serial_driver' returned '0': AMENT_PREFIX_PATH=/home/dan/MA/CJ/install/auto_aim_interfaces:${AMENT_PREFIX_PATH} CMAKE_PREFIX_PATH=/home/dan/MA/CJ/install/auto_aim_interfaces:/opt/ros/humble LD_LIBRARY_PATH=/home/dan/MA/CJ/install/auto_aim_interfaces/lib:${LD_LIBRARY_PATH} PYTHONPATH=/home/dan/MA/CJ/install/auto_aim_interfaces/local/lib/python3.10/dist-packages:${PYTHONPATH} /usr/bin/cmake --build /home/dan/MA/CJ/build/rm_serial_driver -- -j16 -l16
[27.780s] DEBUG:colcon.colcon_core.event_handler.log_command:Invoking command in '/home/dan/MA/CJ/build/rm_serial_driver': AMENT_PREFIX_PATH=/home/dan/MA/CJ/install/auto_aim_interfaces:${AMENT_PREFIX_PATH} CMAKE_PREFIX_PATH=/home/dan/MA/CJ/install/auto_aim_interfaces:/opt/ros/humble LD_LIBRARY_PATH=/home/dan/MA/CJ/install/auto_aim_interfaces/lib:${LD_LIBRARY_PATH} PYTHONPATH=/home/dan/MA/CJ/install/auto_aim_interfaces/local/lib/python3.10/dist-packages:${PYTHONPATH} /usr/bin/cmake --install /home/dan/MA/CJ/build/rm_serial_driver
[27.804s] Level 1:colcon.colcon_core.environment:create_environment_scripts_only(rm_serial_driver)
[27.804s] DEBUG:colcon.colcon_core.event_handler.log_command:Invoked command in '/home/dan/MA/CJ/build/rm_serial_driver' returned '0': AMENT_PREFIX_PATH=/home/dan/MA/CJ/install/auto_aim_interfaces:${AMENT_PREFIX_PATH} CMAKE_PREFIX_PATH=/home/dan/MA/CJ/install/auto_aim_interfaces:/opt/ros/humble LD_LIBRARY_PATH=/home/dan/MA/CJ/install/auto_aim_interfaces/lib:${LD_LIBRARY_PATH} PYTHONPATH=/home/dan/MA/CJ/install/auto_aim_interfaces/local/lib/python3.10/dist-packages:${PYTHONPATH} /usr/bin/cmake --install /home/dan/MA/CJ/build/rm_serial_driver
[27.806s] Level 1:colcon.colcon_core.environment:checking '/home/dan/MA/CJ/install/rm_serial_driver' for CMake module files
[27.807s] Level 1:colcon.colcon_core.environment:checking '/home/dan/MA/CJ/install/rm_serial_driver' for CMake config files
[27.807s] Level 1:colcon.colcon_core.shell:create_environment_hook('rm_serial_driver', 'cmake_prefix_path')
[27.808s] INFO:colcon.colcon_core.shell:Creating environment hook '/home/dan/MA/CJ/install/rm_serial_driver/share/rm_serial_driver/hook/cmake_prefix_path.ps1'
[27.809s] INFO:colcon.colcon_core.shell:Creating environment descriptor '/home/dan/MA/CJ/install/rm_serial_driver/share/rm_serial_driver/hook/cmake_prefix_path.dsv'
[27.809s] INFO:colcon.colcon_core.shell:Creating environment hook '/home/dan/MA/CJ/install/rm_serial_driver/share/rm_serial_driver/hook/cmake_prefix_path.sh'
[27.809s] Level 1:colcon.colcon_core.environment:checking '/home/dan/MA/CJ/install/rm_serial_driver/lib'
[27.809s] Level 1:colcon.colcon_core.shell:create_environment_hook('rm_serial_driver', 'ld_library_path_lib')
[27.811s] INFO:colcon.colcon_core.shell:Creating environment hook '/home/dan/MA/CJ/install/rm_serial_driver/share/rm_serial_driver/hook/ld_library_path_lib.ps1'
[27.811s] INFO:colcon.colcon_core.shell:Creating environment descriptor '/home/dan/MA/CJ/install/rm_serial_driver/share/rm_serial_driver/hook/ld_library_path_lib.dsv'
[27.812s] INFO:colcon.colcon_core.shell:Creating environment hook '/home/dan/MA/CJ/install/rm_serial_driver/share/rm_serial_driver/hook/ld_library_path_lib.sh'
[27.812s] Level 1:colcon.colcon_core.environment:checking '/home/dan/MA/CJ/install/rm_serial_driver/bin'
[27.812s] Level 1:colcon.colcon_core.environment:checking '/home/dan/MA/CJ/install/rm_serial_driver/lib/pkgconfig/rm_serial_driver.pc'
[27.812s] Level 1:colcon.colcon_core.environment:checking '/home/dan/MA/CJ/install/rm_serial_driver/lib/python3.10/site-packages'
[27.812s] Level 1:colcon.colcon_core.environment:checking '/home/dan/MA/CJ/install/rm_serial_driver/bin'
[27.814s] INFO:colcon.colcon_core.shell:Creating package script '/home/dan/MA/CJ/install/rm_serial_driver/share/rm_serial_driver/package.ps1'
[27.814s] INFO:colcon.colcon_core.shell:Creating package descriptor '/home/dan/MA/CJ/install/rm_serial_driver/share/rm_serial_driver/package.dsv'
[27.815s] INFO:colcon.colcon_core.shell:Creating package script '/home/dan/MA/CJ/install/rm_serial_driver/share/rm_serial_driver/package.sh'
[27.815s] INFO:colcon.colcon_core.shell:Creating package script '/home/dan/MA/CJ/install/rm_serial_driver/share/rm_serial_driver/package.bash'
[27.816s] INFO:colcon.colcon_core.shell:Creating package script '/home/dan/MA/CJ/install/rm_serial_driver/share/rm_serial_driver/package.zsh'
[27.816s] Level 1:colcon.colcon_core.environment:create_file_with_runtime_dependencies(/home/dan/MA/CJ/install/rm_serial_driver/share/colcon-core/packages/rm_serial_driver)
[27.854s] Level 1:colcon.colcon_core.environment:create_environment_scripts_only(rm_serial_driver)
[27.856s] Level 1:colcon.colcon_core.environment:checking '/home/dan/MA/CJ/install/rm_serial_driver' for CMake module files
[27.857s] Level 1:colcon.colcon_core.environment:checking '/home/dan/MA/CJ/install/rm_serial_driver' for CMake config files
[27.857s] Level 1:colcon.colcon_core.shell:create_environment_hook('rm_serial_driver', 'cmake_prefix_path')
[27.859s] INFO:colcon.colcon_core.shell:Creating environment hook '/home/dan/MA/CJ/install/rm_serial_driver/share/rm_serial_driver/hook/cmake_prefix_path.ps1'
[27.859s] INFO:colcon.colcon_core.shell:Creating environment descriptor '/home/dan/MA/CJ/install/rm_serial_driver/share/rm_serial_driver/hook/cmake_prefix_path.dsv'
[27.860s] INFO:colcon.colcon_core.shell:Creating environment hook '/home/dan/MA/CJ/install/rm_serial_driver/share/rm_serial_driver/hook/cmake_prefix_path.sh'
[27.860s] Level 1:colcon.colcon_core.environment:checking '/home/dan/MA/CJ/install/rm_serial_driver/lib'
[27.860s] Level 1:colcon.colcon_core.shell:create_environment_hook('rm_serial_driver', 'ld_library_path_lib')
[27.862s] INFO:colcon.colcon_core.shell:Creating environment hook '/home/dan/MA/CJ/install/rm_serial_driver/share/rm_serial_driver/hook/ld_library_path_lib.ps1'
[27.862s] INFO:colcon.colcon_core.shell:Creating environment descriptor '/home/dan/MA/CJ/install/rm_serial_driver/share/rm_serial_driver/hook/ld_library_path_lib.dsv'
[27.863s] INFO:colcon.colcon_core.shell:Creating environment hook '/home/dan/MA/CJ/install/rm_serial_driver/share/rm_serial_driver/hook/ld_library_path_lib.sh'
[27.863s] Level 1:colcon.colcon_core.environment:checking '/home/dan/MA/CJ/install/rm_serial_driver/bin'
[27.864s] Level 1:colcon.colcon_core.environment:checking '/home/dan/MA/CJ/install/rm_serial_driver/lib/pkgconfig/rm_serial_driver.pc'
[27.864s] Level 1:colcon.colcon_core.environment:checking '/home/dan/MA/CJ/install/rm_serial_driver/lib/python3.10/site-packages'
[27.864s] Level 1:colcon.colcon_core.environment:checking '/home/dan/MA/CJ/install/rm_serial_driver/bin'
[27.866s] INFO:colcon.colcon_core.shell:Creating package script '/home/dan/MA/CJ/install/rm_serial_driver/share/rm_serial_driver/package.ps1'
[27.867s] INFO:colcon.colcon_core.shell:Creating package descriptor '/home/dan/MA/CJ/install/rm_serial_driver/share/rm_serial_driver/package.dsv'
[27.868s] INFO:colcon.colcon_core.shell:Creating package script '/home/dan/MA/CJ/install/rm_serial_driver/share/rm_serial_driver/package.sh'
[27.868s] INFO:colcon.colcon_core.shell:Creating package script '/home/dan/MA/CJ/install/rm_serial_driver/share/rm_serial_driver/package.bash'
[27.869s] INFO:colcon.colcon_core.shell:Creating package script '/home/dan/MA/CJ/install/rm_serial_driver/share/rm_serial_driver/package.zsh'
[27.869s] Level 1:colcon.colcon_core.environment:create_file_with_runtime_dependencies(/home/dan/MA/CJ/install/rm_serial_driver/share/colcon-core/packages/rm_serial_driver)
[28.927s] DEBUG:colcon.colcon_core.event_handler.log_command:Invoked command in '/home/dan/MA/CJ/build/armor_tracker' returned '0': AMENT_PREFIX_PATH=/home/dan/MA/CJ/install/auto_aim_interfaces:${AMENT_PREFIX_PATH} CMAKE_PREFIX_PATH=/home/dan/MA/CJ/install/auto_aim_interfaces:/opt/ros/humble LD_LIBRARY_PATH=/home/dan/MA/CJ/install/auto_aim_interfaces/lib:${LD_LIBRARY_PATH} PYTHONPATH=/home/dan/MA/CJ/install/auto_aim_interfaces/local/lib/python3.10/dist-packages:${PYTHONPATH} /usr/bin/cmake --build /home/dan/MA/CJ/build/armor_tracker -- -j16 -l16
[28.958s] DEBUG:colcon.colcon_core.event_handler.log_command:Invoking command in '/home/dan/MA/CJ/build/armor_tracker': AMENT_PREFIX_PATH=/home/dan/MA/CJ/install/auto_aim_interfaces:${AMENT_PREFIX_PATH} CMAKE_PREFIX_PATH=/home/dan/MA/CJ/install/auto_aim_interfaces:/opt/ros/humble LD_LIBRARY_PATH=/home/dan/MA/CJ/install/auto_aim_interfaces/lib:${LD_LIBRARY_PATH} PYTHONPATH=/home/dan/MA/CJ/install/auto_aim_interfaces/local/lib/python3.10/dist-packages:${PYTHONPATH} /usr/bin/cmake --install /home/dan/MA/CJ/build/armor_tracker
[28.983s] Level 1:colcon.colcon_core.environment:create_environment_scripts_only(armor_tracker)
[28.984s] Level 1:colcon.colcon_core.environment:checking '/home/dan/MA/CJ/install/armor_tracker' for CMake module files
[28.985s] DEBUG:colcon.colcon_core.event_handler.log_command:Invoked command in '/home/dan/MA/CJ/build/armor_tracker' returned '0': AMENT_PREFIX_PATH=/home/dan/MA/CJ/install/auto_aim_interfaces:${AMENT_PREFIX_PATH} CMAKE_PREFIX_PATH=/home/dan/MA/CJ/install/auto_aim_interfaces:/opt/ros/humble LD_LIBRARY_PATH=/home/dan/MA/CJ/install/auto_aim_interfaces/lib:${LD_LIBRARY_PATH} PYTHONPATH=/home/dan/MA/CJ/install/auto_aim_interfaces/local/lib/python3.10/dist-packages:${PYTHONPATH} /usr/bin/cmake --install /home/dan/MA/CJ/build/armor_tracker
[28.986s] Level 1:colcon.colcon_core.environment:checking '/home/dan/MA/CJ/install/armor_tracker' for CMake config files
[28.986s] Level 1:colcon.colcon_core.shell:create_environment_hook('armor_tracker', 'cmake_prefix_path')
[28.987s] INFO:colcon.colcon_core.shell:Creating environment hook '/home/dan/MA/CJ/install/armor_tracker/share/armor_tracker/hook/cmake_prefix_path.ps1'
[28.987s] INFO:colcon.colcon_core.shell:Creating environment descriptor '/home/dan/MA/CJ/install/armor_tracker/share/armor_tracker/hook/cmake_prefix_path.dsv'
[28.987s] INFO:colcon.colcon_core.shell:Creating environment hook '/home/dan/MA/CJ/install/armor_tracker/share/armor_tracker/hook/cmake_prefix_path.sh'
[28.988s] Level 1:colcon.colcon_core.environment:checking '/home/dan/MA/CJ/install/armor_tracker/lib'
[28.988s] Level 1:colcon.colcon_core.shell:create_environment_hook('armor_tracker', 'ld_library_path_lib')
[28.989s] INFO:colcon.colcon_core.shell:Creating environment hook '/home/dan/MA/CJ/install/armor_tracker/share/armor_tracker/hook/ld_library_path_lib.ps1'
[28.989s] INFO:colcon.colcon_core.shell:Creating environment descriptor '/home/dan/MA/CJ/install/armor_tracker/share/armor_tracker/hook/ld_library_path_lib.dsv'
[28.989s] INFO:colcon.colcon_core.shell:Creating environment hook '/home/dan/MA/CJ/install/armor_tracker/share/armor_tracker/hook/ld_library_path_lib.sh'
[28.990s] Level 1:colcon.colcon_core.environment:checking '/home/dan/MA/CJ/install/armor_tracker/bin'
[28.990s] Level 1:colcon.colcon_core.environment:checking '/home/dan/MA/CJ/install/armor_tracker/lib/pkgconfig/armor_tracker.pc'
[28.990s] Level 1:colcon.colcon_core.environment:checking '/home/dan/MA/CJ/install/armor_tracker/lib/python3.10/site-packages'
[28.990s] Level 1:colcon.colcon_core.environment:checking '/home/dan/MA/CJ/install/armor_tracker/bin'
[28.991s] INFO:colcon.colcon_core.shell:Creating package script '/home/dan/MA/CJ/install/armor_tracker/share/armor_tracker/package.ps1'
[28.991s] INFO:colcon.colcon_core.shell:Creating package descriptor '/home/dan/MA/CJ/install/armor_tracker/share/armor_tracker/package.dsv'
[28.992s] INFO:colcon.colcon_core.shell:Creating package script '/home/dan/MA/CJ/install/armor_tracker/share/armor_tracker/package.sh'
[28.992s] INFO:colcon.colcon_core.shell:Creating package script '/home/dan/MA/CJ/install/armor_tracker/share/armor_tracker/package.bash'
[28.992s] INFO:colcon.colcon_core.shell:Creating package script '/home/dan/MA/CJ/install/armor_tracker/share/armor_tracker/package.zsh'
[28.992s] Level 1:colcon.colcon_core.environment:create_file_with_runtime_dependencies(/home/dan/MA/CJ/install/armor_tracker/share/colcon-core/packages/armor_tracker)
[29.021s] Level 1:colcon.colcon_core.environment:create_environment_scripts_only(armor_tracker)
[29.022s] Level 1:colcon.colcon_core.environment:checking '/home/dan/MA/CJ/install/armor_tracker' for CMake module files
[29.023s] Level 1:colcon.colcon_core.environment:checking '/home/dan/MA/CJ/install/armor_tracker' for CMake config files
[29.023s] Level 1:colcon.colcon_core.shell:create_environment_hook('armor_tracker', 'cmake_prefix_path')
[29.024s] INFO:colcon.colcon_core.shell:Creating environment hook '/home/dan/MA/CJ/install/armor_tracker/share/armor_tracker/hook/cmake_prefix_path.ps1'
[29.024s] INFO:colcon.colcon_core.shell:Creating environment descriptor '/home/dan/MA/CJ/install/armor_tracker/share/armor_tracker/hook/cmake_prefix_path.dsv'
[29.024s] INFO:colcon.colcon_core.shell:Creating environment hook '/home/dan/MA/CJ/install/armor_tracker/share/armor_tracker/hook/cmake_prefix_path.sh'
[29.025s] Level 1:colcon.colcon_core.environment:checking '/home/dan/MA/CJ/install/armor_tracker/lib'
[29.025s] Level 1:colcon.colcon_core.shell:create_environment_hook('armor_tracker', 'ld_library_path_lib')
[29.026s] INFO:colcon.colcon_core.shell:Creating environment hook '/home/dan/MA/CJ/install/armor_tracker/share/armor_tracker/hook/ld_library_path_lib.ps1'
[29.026s] INFO:colcon.colcon_core.shell:Creating environment descriptor '/home/dan/MA/CJ/install/armor_tracker/share/armor_tracker/hook/ld_library_path_lib.dsv'
[29.027s] INFO:colcon.colcon_core.shell:Creating environment hook '/home/dan/MA/CJ/install/armor_tracker/share/armor_tracker/hook/ld_library_path_lib.sh'
[29.027s] Level 1:colcon.colcon_core.environment:checking '/home/dan/MA/CJ/install/armor_tracker/bin'
[29.027s] Level 1:colcon.colcon_core.environment:checking '/home/dan/MA/CJ/install/armor_tracker/lib/pkgconfig/armor_tracker.pc'
[29.027s] Level 1:colcon.colcon_core.environment:checking '/home/dan/MA/CJ/install/armor_tracker/lib/python3.10/site-packages'
[29.027s] Level 1:colcon.colcon_core.environment:checking '/home/dan/MA/CJ/install/armor_tracker/bin'
[29.028s] INFO:colcon.colcon_core.shell:Creating package script '/home/dan/MA/CJ/install/armor_tracker/share/armor_tracker/package.ps1'
[29.029s] INFO:colcon.colcon_core.shell:Creating package descriptor '/home/dan/MA/CJ/install/armor_tracker/share/armor_tracker/package.dsv'
[29.029s] INFO:colcon.colcon_core.shell:Creating package script '/home/dan/MA/CJ/install/armor_tracker/share/armor_tracker/package.sh'
[29.030s] INFO:colcon.colcon_core.shell:Creating package script '/home/dan/MA/CJ/install/armor_tracker/share/armor_tracker/package.bash'
[29.030s] INFO:colcon.colcon_core.shell:Creating package script '/home/dan/MA/CJ/install/armor_tracker/share/armor_tracker/package.zsh'
[29.030s] Level 1:colcon.colcon_core.environment:create_file_with_runtime_dependencies(/home/dan/MA/CJ/install/armor_tracker/share/colcon-core/packages/armor_tracker)
[41.955s] DEBUG:colcon.colcon_core.event_handler.log_command:Invoked command in '/home/dan/MA/CJ/build/armor_detector' returned '0': AMENT_PREFIX_PATH=/home/dan/MA/CJ/install/auto_aim_interfaces:${AMENT_PREFIX_PATH} CMAKE_PREFIX_PATH=/home/dan/MA/CJ/install/auto_aim_interfaces:/opt/ros/humble LD_LIBRARY_PATH=/home/dan/MA/CJ/install/auto_aim_interfaces/lib:${LD_LIBRARY_PATH} PYTHONPATH=/home/dan/MA/CJ/install/auto_aim_interfaces/local/lib/python3.10/dist-packages:${PYTHONPATH} /usr/bin/cmake --build /home/dan/MA/CJ/build/armor_detector -- -j16 -l16
[41.987s] DEBUG:colcon.colcon_core.event_handler.log_command:Invoking command in '/home/dan/MA/CJ/build/armor_detector': AMENT_PREFIX_PATH=/home/dan/MA/CJ/install/auto_aim_interfaces:${AMENT_PREFIX_PATH} CMAKE_PREFIX_PATH=/home/dan/MA/CJ/install/auto_aim_interfaces:/opt/ros/humble LD_LIBRARY_PATH=/home/dan/MA/CJ/install/auto_aim_interfaces/lib:${LD_LIBRARY_PATH} PYTHONPATH=/home/dan/MA/CJ/install/auto_aim_interfaces/local/lib/python3.10/dist-packages:${PYTHONPATH} /usr/bin/cmake --install /home/dan/MA/CJ/build/armor_detector
[42.017s] Level 1:colcon.colcon_core.environment:create_environment_scripts_only(armor_detector)
[42.020s] Level 1:colcon.colcon_core.environment:checking '/home/dan/MA/CJ/install/armor_detector' for CMake module files
[42.020s] DEBUG:colcon.colcon_core.event_handler.log_command:Invoked command in '/home/dan/MA/CJ/build/armor_detector' returned '0': AMENT_PREFIX_PATH=/home/dan/MA/CJ/install/auto_aim_interfaces:${AMENT_PREFIX_PATH} CMAKE_PREFIX_PATH=/home/dan/MA/CJ/install/auto_aim_interfaces:/opt/ros/humble LD_LIBRARY_PATH=/home/dan/MA/CJ/install/auto_aim_interfaces/lib:${LD_LIBRARY_PATH} PYTHONPATH=/home/dan/MA/CJ/install/auto_aim_interfaces/local/lib/python3.10/dist-packages:${PYTHONPATH} /usr/bin/cmake --install /home/dan/MA/CJ/build/armor_detector
[42.021s] Level 1:colcon.colcon_core.environment:checking '/home/dan/MA/CJ/install/armor_detector' for CMake config files
[42.021s] Level 1:colcon.colcon_core.shell:create_environment_hook('armor_detector', 'cmake_prefix_path')
[42.023s] INFO:colcon.colcon_core.shell:Creating environment hook '/home/dan/MA/CJ/install/armor_detector/share/armor_detector/hook/cmake_prefix_path.ps1'
[42.023s] INFO:colcon.colcon_core.shell:Creating environment descriptor '/home/dan/MA/CJ/install/armor_detector/share/armor_detector/hook/cmake_prefix_path.dsv'
[42.024s] INFO:colcon.colcon_core.shell:Creating environment hook '/home/dan/MA/CJ/install/armor_detector/share/armor_detector/hook/cmake_prefix_path.sh'
[42.024s] Level 1:colcon.colcon_core.environment:checking '/home/dan/MA/CJ/install/armor_detector/lib'
[42.024s] Level 1:colcon.colcon_core.shell:create_environment_hook('armor_detector', 'ld_library_path_lib')
[42.025s] INFO:colcon.colcon_core.shell:Creating environment hook '/home/dan/MA/CJ/install/armor_detector/share/armor_detector/hook/ld_library_path_lib.ps1'
[42.026s] INFO:colcon.colcon_core.shell:Creating environment descriptor '/home/dan/MA/CJ/install/armor_detector/share/armor_detector/hook/ld_library_path_lib.dsv'
[42.027s] INFO:colcon.colcon_core.shell:Creating environment hook '/home/dan/MA/CJ/install/armor_detector/share/armor_detector/hook/ld_library_path_lib.sh'
[42.027s] Level 1:colcon.colcon_core.environment:checking '/home/dan/MA/CJ/install/armor_detector/bin'
[42.027s] Level 1:colcon.colcon_core.environment:checking '/home/dan/MA/CJ/install/armor_detector/lib/pkgconfig/armor_detector.pc'
[42.027s] Level 1:colcon.colcon_core.environment:checking '/home/dan/MA/CJ/install/armor_detector/lib/python3.10/site-packages'
[42.027s] Level 1:colcon.colcon_core.environment:checking '/home/dan/MA/CJ/install/armor_detector/bin'
[42.028s] INFO:colcon.colcon_core.shell:Creating package script '/home/dan/MA/CJ/install/armor_detector/share/armor_detector/package.ps1'
[42.029s] INFO:colcon.colcon_core.shell:Creating package descriptor '/home/dan/MA/CJ/install/armor_detector/share/armor_detector/package.dsv'
[42.029s] INFO:colcon.colcon_core.shell:Creating package script '/home/dan/MA/CJ/install/armor_detector/share/armor_detector/package.sh'
[42.029s] INFO:colcon.colcon_core.shell:Creating package script '/home/dan/MA/CJ/install/armor_detector/share/armor_detector/package.bash'
[42.030s] INFO:colcon.colcon_core.shell:Creating package script '/home/dan/MA/CJ/install/armor_detector/share/armor_detector/package.zsh'
[42.030s] Level 1:colcon.colcon_core.environment:create_file_with_runtime_dependencies(/home/dan/MA/CJ/install/armor_detector/share/colcon-core/packages/armor_detector)
[42.063s] Level 1:colcon.colcon_core.environment:create_environment_scripts_only(armor_detector)
[42.065s] Level 1:colcon.colcon_core.environment:checking '/home/dan/MA/CJ/install/armor_detector' for CMake module files
[42.065s] Level 1:colcon.colcon_core.environment:checking '/home/dan/MA/CJ/install/armor_detector' for CMake config files
[42.066s] Level 1:colcon.colcon_core.shell:create_environment_hook('armor_detector', 'cmake_prefix_path')
[42.066s] INFO:colcon.colcon_core.shell:Creating environment hook '/home/dan/MA/CJ/install/armor_detector/share/armor_detector/hook/cmake_prefix_path.ps1'
[42.067s] INFO:colcon.colcon_core.shell:Creating environment descriptor '/home/dan/MA/CJ/install/armor_detector/share/armor_detector/hook/cmake_prefix_path.dsv'
[42.067s] INFO:colcon.colcon_core.shell:Creating environment hook '/home/dan/MA/CJ/install/armor_detector/share/armor_detector/hook/cmake_prefix_path.sh'
[42.067s] Level 1:colcon.colcon_core.environment:checking '/home/dan/MA/CJ/install/armor_detector/lib'
[42.067s] Level 1:colcon.colcon_core.shell:create_environment_hook('armor_detector', 'ld_library_path_lib')
[42.068s] INFO:colcon.colcon_core.shell:Creating environment hook '/home/dan/MA/CJ/install/armor_detector/share/armor_detector/hook/ld_library_path_lib.ps1'
[42.069s] INFO:colcon.colcon_core.shell:Creating environment descriptor '/home/dan/MA/CJ/install/armor_detector/share/armor_detector/hook/ld_library_path_lib.dsv'
[42.069s] INFO:colcon.colcon_core.shell:Creating environment hook '/home/dan/MA/CJ/install/armor_detector/share/armor_detector/hook/ld_library_path_lib.sh'
[42.069s] Level 1:colcon.colcon_core.environment:checking '/home/dan/MA/CJ/install/armor_detector/bin'
[42.069s] Level 1:colcon.colcon_core.environment:checking '/home/dan/MA/CJ/install/armor_detector/lib/pkgconfig/armor_detector.pc'
[42.069s] Level 1:colcon.colcon_core.environment:checking '/home/dan/MA/CJ/install/armor_detector/lib/python3.10/site-packages'
[42.070s] Level 1:colcon.colcon_core.environment:checking '/home/dan/MA/CJ/install/armor_detector/bin'
[42.071s] INFO:colcon.colcon_core.shell:Creating package script '/home/dan/MA/CJ/install/armor_detector/share/armor_detector/package.ps1'
[42.071s] INFO:colcon.colcon_core.shell:Creating package descriptor '/home/dan/MA/CJ/install/armor_detector/share/armor_detector/package.dsv'
[42.071s] INFO:colcon.colcon_core.shell:Creating package script '/home/dan/MA/CJ/install/armor_detector/share/armor_detector/package.sh'
[42.072s] INFO:colcon.colcon_core.shell:Creating package script '/home/dan/MA/CJ/install/armor_detector/share/armor_detector/package.bash'
[42.072s] INFO:colcon.colcon_core.shell:Creating package script '/home/dan/MA/CJ/install/armor_detector/share/armor_detector/package.zsh'
[42.072s] Level 1:colcon.colcon_core.environment:create_file_with_runtime_dependencies(/home/dan/MA/CJ/install/armor_detector/share/colcon-core/packages/armor_detector)
[42.072s] INFO:colcon.colcon_ros.task.ament_cmake.build:Building ROS package in '/home/dan/MA/CJ/src/rm_auto_aim/rm_auto_aim' with build type 'ament_cmake'
[42.072s] INFO:colcon.colcon_cmake.task.cmake.build:Building CMake package in '/home/dan/MA/CJ/src/rm_auto_aim/rm_auto_aim'
[42.073s] INFO:colcon.colcon_core.shell:Skip shell extension 'powershell' for command environment: Not usable outside of PowerShell
[42.073s] DEBUG:colcon.colcon_core.shell:Skip shell extension 'dsv' for command environment
[42.108s] DEBUG:colcon.colcon_core.event_handler.log_command:Invoking command in '/home/dan/MA/CJ/build/rm_auto_aim': AMENT_PREFIX_PATH=/home/dan/MA/CJ/install/armor_tracker:/home/dan/MA/CJ/install/armor_detector:/home/dan/MA/CJ/install/auto_aim_interfaces:${AMENT_PREFIX_PATH} CMAKE_PREFIX_PATH=/home/dan/MA/CJ/install/armor_tracker:/home/dan/MA/CJ/install/armor_detector:/home/dan/MA/CJ/install/auto_aim_interfaces:/opt/ros/humble LD_LIBRARY_PATH=/home/dan/MA/CJ/install/armor_tracker/lib:/home/dan/MA/CJ/install/armor_detector/lib:/home/dan/MA/CJ/install/auto_aim_interfaces/lib:${LD_LIBRARY_PATH} PYTHONPATH=/home/dan/MA/CJ/install/auto_aim_interfaces/local/lib/python3.10/dist-packages:${PYTHONPATH} /usr/bin/cmake /home/dan/MA/CJ/src/rm_auto_aim/rm_auto_aim -DCMAKE_INSTALL_PREFIX=/home/dan/MA/CJ/install/rm_auto_aim
[42.735s] DEBUG:colcon.colcon_core.event_handler.log_command:Invoked command in '/home/dan/MA/CJ/build/rm_auto_aim' returned '0': AMENT_PREFIX_PATH=/home/dan/MA/CJ/install/armor_tracker:/home/dan/MA/CJ/install/armor_detector:/home/dan/MA/CJ/install/auto_aim_interfaces:${AMENT_PREFIX_PATH} CMAKE_PREFIX_PATH=/home/dan/MA/CJ/install/armor_tracker:/home/dan/MA/CJ/install/armor_detector:/home/dan/MA/CJ/install/auto_aim_interfaces:/opt/ros/humble LD_LIBRARY_PATH=/home/dan/MA/CJ/install/armor_tracker/lib:/home/dan/MA/CJ/install/armor_detector/lib:/home/dan/MA/CJ/install/auto_aim_interfaces/lib:${LD_LIBRARY_PATH} PYTHONPATH=/home/dan/MA/CJ/install/auto_aim_interfaces/local/lib/python3.10/dist-packages:${PYTHONPATH} /usr/bin/cmake /home/dan/MA/CJ/src/rm_auto_aim/rm_auto_aim -DCMAKE_INSTALL_PREFIX=/home/dan/MA/CJ/install/rm_auto_aim
[42.737s] DEBUG:colcon.colcon_core.event_handler.log_command:Invoking command in '/home/dan/MA/CJ/build/rm_auto_aim': AMENT_PREFIX_PATH=/home/dan/MA/CJ/install/armor_tracker:/home/dan/MA/CJ/install/armor_detector:/home/dan/MA/CJ/install/auto_aim_interfaces:${AMENT_PREFIX_PATH} CMAKE_PREFIX_PATH=/home/dan/MA/CJ/install/armor_tracker:/home/dan/MA/CJ/install/armor_detector:/home/dan/MA/CJ/install/auto_aim_interfaces:/opt/ros/humble LD_LIBRARY_PATH=/home/dan/MA/CJ/install/armor_tracker/lib:/home/dan/MA/CJ/install/armor_detector/lib:/home/dan/MA/CJ/install/auto_aim_interfaces/lib:${LD_LIBRARY_PATH} PYTHONPATH=/home/dan/MA/CJ/install/auto_aim_interfaces/local/lib/python3.10/dist-packages:${PYTHONPATH} /usr/bin/cmake --build /home/dan/MA/CJ/build/rm_auto_aim -- -j16 -l16
[42.776s] DEBUG:colcon.colcon_core.event_handler.log_command:Invoked command in '/home/dan/MA/CJ/build/rm_auto_aim' returned '0': AMENT_PREFIX_PATH=/home/dan/MA/CJ/install/armor_tracker:/home/dan/MA/CJ/install/armor_detector:/home/dan/MA/CJ/install/auto_aim_interfaces:${AMENT_PREFIX_PATH} CMAKE_PREFIX_PATH=/home/dan/MA/CJ/install/armor_tracker:/home/dan/MA/CJ/install/armor_detector:/home/dan/MA/CJ/install/auto_aim_interfaces:/opt/ros/humble LD_LIBRARY_PATH=/home/dan/MA/CJ/install/armor_tracker/lib:/home/dan/MA/CJ/install/armor_detector/lib:/home/dan/MA/CJ/install/auto_aim_interfaces/lib:${LD_LIBRARY_PATH} PYTHONPATH=/home/dan/MA/CJ/install/auto_aim_interfaces/local/lib/python3.10/dist-packages:${PYTHONPATH} /usr/bin/cmake --build /home/dan/MA/CJ/build/rm_auto_aim -- -j16 -l16
[42.796s] DEBUG:colcon.colcon_core.event_handler.log_command:Invoking command in '/home/dan/MA/CJ/build/rm_auto_aim': AMENT_PREFIX_PATH=/home/dan/MA/CJ/install/armor_tracker:/home/dan/MA/CJ/install/armor_detector:/home/dan/MA/CJ/install/auto_aim_interfaces:${AMENT_PREFIX_PATH} CMAKE_PREFIX_PATH=/home/dan/MA/CJ/install/armor_tracker:/home/dan/MA/CJ/install/armor_detector:/home/dan/MA/CJ/install/auto_aim_interfaces:/opt/ros/humble LD_LIBRARY_PATH=/home/dan/MA/CJ/install/armor_tracker/lib:/home/dan/MA/CJ/install/armor_detector/lib:/home/dan/MA/CJ/install/auto_aim_interfaces/lib:${LD_LIBRARY_PATH} PYTHONPATH=/home/dan/MA/CJ/install/auto_aim_interfaces/local/lib/python3.10/dist-packages:${PYTHONPATH} /usr/bin/cmake --install /home/dan/MA/CJ/build/rm_auto_aim
[42.805s] Level 1:colcon.colcon_core.environment:create_environment_scripts_only(rm_auto_aim)
[42.807s] Level 1:colcon.colcon_core.environment:checking '/home/dan/MA/CJ/install/rm_auto_aim' for CMake module files
[42.808s] Level 1:colcon.colcon_core.environment:checking '/home/dan/MA/CJ/install/rm_auto_aim' for CMake config files
[42.809s] DEBUG:colcon.colcon_core.event_handler.log_command:Invoked command in '/home/dan/MA/CJ/build/rm_auto_aim' returned '0': AMENT_PREFIX_PATH=/home/dan/MA/CJ/install/armor_tracker:/home/dan/MA/CJ/install/armor_detector:/home/dan/MA/CJ/install/auto_aim_interfaces:${AMENT_PREFIX_PATH} CMAKE_PREFIX_PATH=/home/dan/MA/CJ/install/armor_tracker:/home/dan/MA/CJ/install/armor_detector:/home/dan/MA/CJ/install/auto_aim_interfaces:/opt/ros/humble LD_LIBRARY_PATH=/home/dan/MA/CJ/install/armor_tracker/lib:/home/dan/MA/CJ/install/armor_detector/lib:/home/dan/MA/CJ/install/auto_aim_interfaces/lib:${LD_LIBRARY_PATH} PYTHONPATH=/home/dan/MA/CJ/install/auto_aim_interfaces/local/lib/python3.10/dist-packages:${PYTHONPATH} /usr/bin/cmake --install /home/dan/MA/CJ/build/rm_auto_aim
[42.809s] Level 1:colcon.colcon_core.shell:create_environment_hook('rm_auto_aim', 'cmake_prefix_path')
[42.810s] INFO:colcon.colcon_core.shell:Creating environment hook '/home/dan/MA/CJ/install/rm_auto_aim/share/rm_auto_aim/hook/cmake_prefix_path.ps1'
[42.811s] INFO:colcon.colcon_core.shell:Creating environment descriptor '/home/dan/MA/CJ/install/rm_auto_aim/share/rm_auto_aim/hook/cmake_prefix_path.dsv'
[42.811s] INFO:colcon.colcon_core.shell:Creating environment hook '/home/dan/MA/CJ/install/rm_auto_aim/share/rm_auto_aim/hook/cmake_prefix_path.sh'
[42.812s] Level 1:colcon.colcon_core.environment:checking '/home/dan/MA/CJ/install/rm_auto_aim/bin'
[42.812s] Level 1:colcon.colcon_core.environment:checking '/home/dan/MA/CJ/install/rm_auto_aim/lib/pkgconfig/rm_auto_aim.pc'
[42.813s] Level 1:colcon.colcon_core.environment:checking '/home/dan/MA/CJ/install/rm_auto_aim/lib/python3.10/site-packages'
[42.813s] Level 1:colcon.colcon_core.environment:checking '/home/dan/MA/CJ/install/rm_auto_aim/bin'
[42.814s] INFO:colcon.colcon_core.shell:Creating package script '/home/dan/MA/CJ/install/rm_auto_aim/share/rm_auto_aim/package.ps1'
[42.815s] INFO:colcon.colcon_core.shell:Creating package descriptor '/home/dan/MA/CJ/install/rm_auto_aim/share/rm_auto_aim/package.dsv'
[42.815s] INFO:colcon.colcon_core.shell:Creating package script '/home/dan/MA/CJ/install/rm_auto_aim/share/rm_auto_aim/package.sh'
[42.815s] INFO:colcon.colcon_core.shell:Creating package script '/home/dan/MA/CJ/install/rm_auto_aim/share/rm_auto_aim/package.bash'
[42.816s] INFO:colcon.colcon_core.shell:Creating package script '/home/dan/MA/CJ/install/rm_auto_aim/share/rm_auto_aim/package.zsh'
[42.816s] Level 1:colcon.colcon_core.environment:create_file_with_runtime_dependencies(/home/dan/MA/CJ/install/rm_auto_aim/share/colcon-core/packages/rm_auto_aim)
[42.835s] Level 1:colcon.colcon_core.environment:create_environment_scripts_only(rm_auto_aim)
[42.836s] Level 1:colcon.colcon_core.environment:checking '/home/dan/MA/CJ/install/rm_auto_aim' for CMake module files
[42.837s] Level 1:colcon.colcon_core.environment:checking '/home/dan/MA/CJ/install/rm_auto_aim' for CMake config files
[42.837s] Level 1:colcon.colcon_core.shell:create_environment_hook('rm_auto_aim', 'cmake_prefix_path')
[42.838s] INFO:colcon.colcon_core.shell:Creating environment hook '/home/dan/MA/CJ/install/rm_auto_aim/share/rm_auto_aim/hook/cmake_prefix_path.ps1'
[42.838s] INFO:colcon.colcon_core.shell:Creating environment descriptor '/home/dan/MA/CJ/install/rm_auto_aim/share/rm_auto_aim/hook/cmake_prefix_path.dsv'
[42.839s] INFO:colcon.colcon_core.shell:Creating environment hook '/home/dan/MA/CJ/install/rm_auto_aim/share/rm_auto_aim/hook/cmake_prefix_path.sh'
[42.839s] Level 1:colcon.colcon_core.environment:checking '/home/dan/MA/CJ/install/rm_auto_aim/bin'
[42.839s] Level 1:colcon.colcon_core.environment:checking '/home/dan/MA/CJ/install/rm_auto_aim/lib/pkgconfig/rm_auto_aim.pc'
[42.839s] Level 1:colcon.colcon_core.environment:checking '/home/dan/MA/CJ/install/rm_auto_aim/lib/python3.10/site-packages'
[42.839s] Level 1:colcon.colcon_core.environment:checking '/home/dan/MA/CJ/install/rm_auto_aim/bin'
[42.841s] INFO:colcon.colcon_core.shell:Creating package script '/home/dan/MA/CJ/install/rm_auto_aim/share/rm_auto_aim/package.ps1'
[42.841s] INFO:colcon.colcon_core.shell:Creating package descriptor '/home/dan/MA/CJ/install/rm_auto_aim/share/rm_auto_aim/package.dsv'
[42.842s] INFO:colcon.colcon_core.shell:Creating package script '/home/dan/MA/CJ/install/rm_auto_aim/share/rm_auto_aim/package.sh'
[42.842s] INFO:colcon.colcon_core.shell:Creating package script '/home/dan/MA/CJ/install/rm_auto_aim/share/rm_auto_aim/package.bash'
[42.842s] INFO:colcon.colcon_core.shell:Creating package script '/home/dan/MA/CJ/install/rm_auto_aim/share/rm_auto_aim/package.zsh'
[42.843s] Level 1:colcon.colcon_core.environment:create_file_with_runtime_dependencies(/home/dan/MA/CJ/install/rm_auto_aim/share/colcon-core/packages/rm_auto_aim)
[42.843s] DEBUG:colcon.colcon_parallel_executor.executor.parallel:closing loop
[42.843s] DEBUG:colcon.colcon_parallel_executor.executor.parallel:loop closed
[42.843s] DEBUG:colcon.colcon_parallel_executor.executor.parallel:run_until_complete finished with '0'
[42.843s] DEBUG:colcon.colcon_core.event_reactor:joining thread
[42.849s] INFO:colcon.colcon_core.plugin_system:Skipping extension 'colcon_notification.desktop_notification.terminal_notifier': Not used on non-Darwin systems
[42.849s] INFO:colcon.colcon_core.plugin_system:Skipping extension 'colcon_notification.desktop_notification.win32': Not used on non-Windows systems
[42.849s] INFO:colcon.colcon_notification.desktop_notification:Sending desktop notification using 'notify2'
[42.872s] DEBUG:colcon.colcon_core.event_reactor:joined thread
[42.875s] INFO:colcon.colcon_core.shell:Creating prefix script '/home/dan/MA/CJ/install/local_setup.ps1'
[42.877s] INFO:colcon.colcon_core.shell:Creating prefix util module '/home/dan/MA/CJ/install/_local_setup_util_ps1.py'
[42.880s] INFO:colcon.colcon_core.shell:Creating prefix chain script '/home/dan/MA/CJ/install/setup.ps1'
[42.882s] INFO:colcon.colcon_core.shell:Creating prefix script '/home/dan/MA/CJ/install/local_setup.sh'
[42.883s] INFO:colcon.colcon_core.shell:Creating prefix util module '/home/dan/MA/CJ/install/_local_setup_util_sh.py'
[42.884s] INFO:colcon.colcon_core.shell:Creating prefix chain script '/home/dan/MA/CJ/install/setup.sh'
[42.885s] INFO:colcon.colcon_core.shell:Creating prefix script '/home/dan/MA/CJ/install/local_setup.bash'
[42.886s] INFO:colcon.colcon_core.shell:Creating prefix chain script '/home/dan/MA/CJ/install/setup.bash'
[42.887s] INFO:colcon.colcon_core.shell:Creating prefix script '/home/dan/MA/CJ/install/local_setup.zsh'
[42.888s] INFO:colcon.colcon_core.shell:Creating prefix chain script '/home/dan/MA/CJ/install/setup.zsh'
