[0.034s] Invoking command in '/home/dan/MA/CJ/build/armor_detector': CMAKE_PREFIX_PATH=/home/dan/MA/CJ/install/auto_aim_interfaces:/home/dan/MA/CJ/install/rm_vision_bringup:/home/dan/MA/CJ/install/rm_serial_driver:/home/dan/MA/CJ/install/armor_tracker:/home/dan/MA/CJ/install/armor_detector:/home/dan/Downloads/livox_driver2/install/livox_ros_driver2:/opt/ros/humble LD_LIBRARY_PATH=/home/dan/MA/CJ/install/auto_aim_interfaces/lib:/home/dan/MA/CJ/install/rm_serial_driver/lib:/home/dan/MA/CJ/install/armor_tracker/lib:/home/dan/MA/CJ/install/armor_detector/lib:/home/dan/Downloads/livox_driver2/install/livox_ros_driver2/lib:/usr/lib/x86_64-linux-gnu/gazebo-11/plugins:/opt/ros/humble/opt/rviz_ogre_vendor/lib:/opt/ros/humble/lib/x86_64-linux-gnu:/opt/ros/humble/lib /usr/bin/cmake /home/dan/MA/CJ/src/rm_auto_aim/armor_detector -DCMAKE_INSTALL_PREFIX=/home/dan/MA/CJ/install/armor_detector
[0.127s] -- The C compiler identification is GNU 11.4.0
[0.257s] -- The CXX compiler identification is GNU 11.4.0
[0.265s] -- Detecting C compiler ABI info
[0.330s] -- Detecting C compiler ABI info - done
[0.339s] -- Check for working C compiler: /usr/bin/cc - skipped
[0.339s] -- Detecting C compile features
[0.340s] -- Detecting C compile features - done
[0.343s] -- Detecting CXX compiler ABI info
[0.414s] -- Detecting CXX compiler ABI info - done
[0.423s] -- Check for working CXX compiler: /usr/bin/c++ - skipped
[0.423s] -- Detecting CXX compile features
[0.424s] -- Detecting CXX compile features - done
[0.426s] -- Found ament_cmake_auto: 1.3.5 (/opt/ros/humble/share/ament_cmake_auto/cmake)
[0.688s] -- Found Python3: /usr/bin/python3.10 (found version "3.10.12") found components: Interpreter 
[0.786s] -- Found OpenCV: /usr (found version "4.5.4") 
[0.900s] -- Found rosidl_generator_c: 3.1.4 (/opt/ros/humble/share/rosidl_generator_c/cmake)
[0.904s] -- Found rosidl_adapter: 3.1.4 (/opt/ros/humble/share/rosidl_adapter/cmake)
[0.912s] -- Found rosidl_generator_cpp: 3.1.4 (/opt/ros/humble/share/rosidl_generator_cpp/cmake)
[0.941s] -- Using all available rosidl_typesupport_c: rosidl_typesupport_fastrtps_c;rosidl_typesupport_introspection_c
[0.965s] -- Using all available rosidl_typesupport_cpp: rosidl_typesupport_fastrtps_cpp;rosidl_typesupport_introspection_cpp
[1.027s] -- Found rmw_implementation_cmake: 6.1.1 (/opt/ros/humble/share/rmw_implementation_cmake/cmake)
[1.030s] -- Found rmw_fastrtps_cpp: 6.2.2 (/opt/ros/humble/share/rmw_fastrtps_cpp/cmake)
[1.146s] -- Found OpenSSL: /usr/lib/x86_64-linux-gnu/libcrypto.so (found version "3.0.2")  
[1.177s] -- Found FastRTPS: /opt/ros/humble/include  
[1.219s] -- Using RMW implementation 'rmw_fastrtps_cpp' as default
[1.251s] -- Looking for pthread.h
[1.317s] -- Looking for pthread.h - found
[1.317s] -- Performing Test CMAKE_HAVE_LIBC_PTHREAD
[1.404s] -- Performing Test CMAKE_HAVE_LIBC_PTHREAD - Success
[1.405s] -- Found Threads: TRUE  
[1.968s] -- Found eigen3_cmake_module: 0.1.1 (/opt/ros/humble/share/eigen3_cmake_module/cmake)
[1.969s] -- Found Eigen3: TRUE (found version "3.4.0") 
[1.969s] -- Ensuring Eigen3 include directory is part of orocos-kdl CMake target
[2.244s] -- Found ament_lint_auto: 0.12.6 (/opt/ros/humble/share/ament_lint_auto/cmake)
[2.264s] -- Found ament_cmake_gtest: 1.3.5 (/opt/ros/humble/share/ament_cmake_gtest/cmake)
[2.266s] -- Found gtest sources under '/opt/ros/humble/src/gtest_vendor': C++ tests using 'Google Test' will be built
[2.276s] -- Added test 'cppcheck' to perform static code analysis on C / C++ code
[2.276s] -- Configured cppcheck include dirs: /home/dan/MA/CJ/src/rm_auto_aim/armor_detector/include
[2.276s] -- Configured cppcheck exclude dirs and/or files: 
[2.277s] -- Added test 'lint_cmake' to check CMake code style
[2.278s] -- Added test 'xmllint' to check XML markup files
[2.280s] -- Added test 'clang_format' to check C / C++ code style
[2.282s] -- Configuring done
[2.319s] -- Generating done
[2.322s] -- Build files have been written to: /home/dan/MA/CJ/build/armor_detector
[2.345s] Invoked command in '/home/dan/MA/CJ/build/armor_detector' returned '0': CMAKE_PREFIX_PATH=/home/dan/MA/CJ/install/auto_aim_interfaces:/home/dan/MA/CJ/install/rm_vision_bringup:/home/dan/MA/CJ/install/rm_serial_driver:/home/dan/MA/CJ/install/armor_tracker:/home/dan/MA/CJ/install/armor_detector:/home/dan/Downloads/livox_driver2/install/livox_ros_driver2:/opt/ros/humble LD_LIBRARY_PATH=/home/dan/MA/CJ/install/auto_aim_interfaces/lib:/home/dan/MA/CJ/install/rm_serial_driver/lib:/home/dan/MA/CJ/install/armor_tracker/lib:/home/dan/MA/CJ/install/armor_detector/lib:/home/dan/Downloads/livox_driver2/install/livox_ros_driver2/lib:/usr/lib/x86_64-linux-gnu/gazebo-11/plugins:/opt/ros/humble/opt/rviz_ogre_vendor/lib:/opt/ros/humble/lib/x86_64-linux-gnu:/opt/ros/humble/lib /usr/bin/cmake /home/dan/MA/CJ/src/rm_auto_aim/armor_detector -DCMAKE_INSTALL_PREFIX=/home/dan/MA/CJ/install/armor_detector
[2.348s] Invoking command in '/home/dan/MA/CJ/build/armor_detector': CMAKE_PREFIX_PATH=/home/dan/MA/CJ/install/auto_aim_interfaces:/home/dan/MA/CJ/install/rm_vision_bringup:/home/dan/MA/CJ/install/rm_serial_driver:/home/dan/MA/CJ/install/armor_tracker:/home/dan/MA/CJ/install/armor_detector:/home/dan/Downloads/livox_driver2/install/livox_ros_driver2:/opt/ros/humble LD_LIBRARY_PATH=/home/dan/MA/CJ/install/auto_aim_interfaces/lib:/home/dan/MA/CJ/install/rm_serial_driver/lib:/home/dan/MA/CJ/install/armor_tracker/lib:/home/dan/MA/CJ/install/armor_detector/lib:/home/dan/Downloads/livox_driver2/install/livox_ros_driver2/lib:/usr/lib/x86_64-linux-gnu/gazebo-11/plugins:/opt/ros/humble/opt/rviz_ogre_vendor/lib:/opt/ros/humble/lib/x86_64-linux-gnu:/opt/ros/humble/lib /usr/bin/cmake --build /home/dan/MA/CJ/build/armor_detector -- -j16 -l16
[2.401s] [ 20%] [32mBuilding CXX object gtest/CMakeFiles/gtest_main.dir/src/gtest_main.cc.o[0m
[2.401s] [ 20%] [32mBuilding CXX object gtest/CMakeFiles/gtest.dir/src/gtest-all.cc.o[0m
[2.402s] [ 20%] [32mBuilding CXX object CMakeFiles/armor_detector_node.dir/rclcpp_components/node_main_armor_detector_node.cpp.o[0m
[2.403s] [ 26%] [32mBuilding CXX object CMakeFiles/armor_detector.dir/src/pnp_solver.cpp.o[0m
[2.403s] [ 33%] [32mBuilding CXX object CMakeFiles/armor_detector.dir/src/detector_node.cpp.o[0m
[2.404s] [ 46%] [32mBuilding CXX object CMakeFiles/armor_detector.dir/src/detector.cpp.o[0m
[2.404s] [ 46%] [32mBuilding CXX object CMakeFiles/armor_detector.dir/src/number_classifier.cpp.o[0m
[3.415s] [ 53%] [32m[1mLinking CXX static library libgtest_main.a[0m
[3.489s] [ 53%] Built target gtest_main
[7.257s] [ 60%] [32m[1mLinking CXX executable armor_detector_node[0m
[7.424s] [ 66%] [32m[1mLinking CXX static library libgtest.a[0m
[7.508s] [ 66%] Built target armor_detector_node
[7.514s] [ 66%] Built target gtest
[22.077s] [ 73%] [32m[1mLinking CXX shared library libarmor_detector.so[0m
[23.727s] [ 73%] Built target armor_detector
[23.748s] [ 80%] [32mBuilding CXX object CMakeFiles/test_node_startup.dir/test/test_node_startup.cpp.o[0m
[23.748s] [ 86%] [32mBuilding CXX object CMakeFiles/test_number_cls.dir/test/test_number_cls.cpp.o[0m
[25.657s] [ 93%] [32m[1mLinking CXX executable test_number_cls[0m
[27.000s] [ 93%] Built target test_number_cls
[28.500s] [100%] [32m[1mLinking CXX executable test_node_startup[0m
[29.840s] [100%] Built target test_node_startup
[29.853s] Invoked command in '/home/dan/MA/CJ/build/armor_detector' returned '0': CMAKE_PREFIX_PATH=/home/dan/MA/CJ/install/auto_aim_interfaces:/home/dan/MA/CJ/install/rm_vision_bringup:/home/dan/MA/CJ/install/rm_serial_driver:/home/dan/MA/CJ/install/armor_tracker:/home/dan/MA/CJ/install/armor_detector:/home/dan/Downloads/livox_driver2/install/livox_ros_driver2:/opt/ros/humble LD_LIBRARY_PATH=/home/dan/MA/CJ/install/auto_aim_interfaces/lib:/home/dan/MA/CJ/install/rm_serial_driver/lib:/home/dan/MA/CJ/install/armor_tracker/lib:/home/dan/MA/CJ/install/armor_detector/lib:/home/dan/Downloads/livox_driver2/install/livox_ros_driver2/lib:/usr/lib/x86_64-linux-gnu/gazebo-11/plugins:/opt/ros/humble/opt/rviz_ogre_vendor/lib:/opt/ros/humble/lib/x86_64-linux-gnu:/opt/ros/humble/lib /usr/bin/cmake --build /home/dan/MA/CJ/build/armor_detector -- -j16 -l16
[29.901s] Invoking command in '/home/dan/MA/CJ/build/armor_detector': CMAKE_PREFIX_PATH=/home/dan/MA/CJ/install/auto_aim_interfaces:/home/dan/MA/CJ/install/rm_vision_bringup:/home/dan/MA/CJ/install/rm_serial_driver:/home/dan/MA/CJ/install/armor_tracker:/home/dan/MA/CJ/install/armor_detector:/home/dan/Downloads/livox_driver2/install/livox_ros_driver2:/opt/ros/humble LD_LIBRARY_PATH=/home/dan/MA/CJ/install/auto_aim_interfaces/lib:/home/dan/MA/CJ/install/rm_serial_driver/lib:/home/dan/MA/CJ/install/armor_tracker/lib:/home/dan/MA/CJ/install/armor_detector/lib:/home/dan/Downloads/livox_driver2/install/livox_ros_driver2/lib:/usr/lib/x86_64-linux-gnu/gazebo-11/plugins:/opt/ros/humble/opt/rviz_ogre_vendor/lib:/opt/ros/humble/lib/x86_64-linux-gnu:/opt/ros/humble/lib /usr/bin/cmake --install /home/dan/MA/CJ/build/armor_detector
[29.908s] -- Install configuration: ""
[29.908s] -- Installing: /home/dan/MA/CJ/install/armor_detector/lib/armor_detector/armor_detector_node
[29.908s] -- Set runtime path of "/home/dan/MA/CJ/install/armor_detector/lib/armor_detector/armor_detector_node" to ""
[29.908s] -- Installing: /home/dan/MA/CJ/install/armor_detector/include
[29.908s] -- Installing: /home/dan/MA/CJ/install/armor_detector/include/armor_detector
[29.908s] -- Installing: /home/dan/MA/CJ/install/armor_detector/include/armor_detector/number_classifier.hpp
[29.908s] -- Installing: /home/dan/MA/CJ/install/armor_detector/include/armor_detector/detector.hpp
[29.908s] -- Installing: /home/dan/MA/CJ/install/armor_detector/include/armor_detector/detector_node.hpp
[29.908s] -- Installing: /home/dan/MA/CJ/install/armor_detector/include/armor_detector/armor.hpp
[29.908s] -- Installing: /home/dan/MA/CJ/install/armor_detector/include/armor_detector/pnp_solver.hpp
[29.908s] -- Installing: /home/dan/MA/CJ/install/armor_detector/share/armor_detector/environment/library_path.sh
[29.908s] -- Installing: /home/dan/MA/CJ/install/armor_detector/share/armor_detector/environment/library_path.dsv
[29.908s] -- Installing: /home/dan/MA/CJ/install/armor_detector/lib/libarmor_detector.so
[29.920s] -- Set runtime path of "/home/dan/MA/CJ/install/armor_detector/lib/libarmor_detector.so" to ""
[29.921s] -- Installing: /home/dan/MA/CJ/install/armor_detector/share/armor_detector/model
[29.921s] -- Installing: /home/dan/MA/CJ/install/armor_detector/share/armor_detector/model/mlp.onnx
[29.921s] -- Installing: /home/dan/MA/CJ/install/armor_detector/share/armor_detector/model/label.txt
[29.921s] -- Installing: /home/dan/MA/CJ/install/armor_detector/share/ament_index/resource_index/package_run_dependencies/armor_detector
[29.921s] -- Installing: /home/dan/MA/CJ/install/armor_detector/share/ament_index/resource_index/parent_prefix_path/armor_detector
[29.921s] -- Installing: /home/dan/MA/CJ/install/armor_detector/share/armor_detector/environment/ament_prefix_path.sh
[29.922s] -- Installing: /home/dan/MA/CJ/install/armor_detector/share/armor_detector/environment/ament_prefix_path.dsv
[29.922s] -- Installing: /home/dan/MA/CJ/install/armor_detector/share/armor_detector/environment/path.sh
[29.922s] -- Installing: /home/dan/MA/CJ/install/armor_detector/share/armor_detector/environment/path.dsv
[29.922s] -- Installing: /home/dan/MA/CJ/install/armor_detector/share/armor_detector/local_setup.bash
[29.922s] -- Installing: /home/dan/MA/CJ/install/armor_detector/share/armor_detector/local_setup.sh
[29.922s] -- Installing: /home/dan/MA/CJ/install/armor_detector/share/armor_detector/local_setup.zsh
[29.922s] -- Installing: /home/dan/MA/CJ/install/armor_detector/share/armor_detector/local_setup.dsv
[29.922s] -- Installing: /home/dan/MA/CJ/install/armor_detector/share/armor_detector/package.dsv
[29.922s] -- Installing: /home/dan/MA/CJ/install/armor_detector/share/ament_index/resource_index/packages/armor_detector
[29.922s] -- Installing: /home/dan/MA/CJ/install/armor_detector/share/ament_index/resource_index/rclcpp_components/armor_detector
[29.922s] -- Installing: /home/dan/MA/CJ/install/armor_detector/share/armor_detector/cmake/ament_cmake_export_dependencies-extras.cmake
[29.922s] -- Installing: /home/dan/MA/CJ/install/armor_detector/share/armor_detector/cmake/ament_cmake_export_include_directories-extras.cmake
[29.922s] -- Installing: /home/dan/MA/CJ/install/armor_detector/share/armor_detector/cmake/ament_cmake_export_libraries-extras.cmake
[29.922s] -- Installing: /home/dan/MA/CJ/install/armor_detector/share/armor_detector/cmake/armor_detectorConfig.cmake
[29.922s] -- Installing: /home/dan/MA/CJ/install/armor_detector/share/armor_detector/cmake/armor_detectorConfig-version.cmake
[29.922s] -- Installing: /home/dan/MA/CJ/install/armor_detector/share/armor_detector/package.xml
[29.926s] Invoked command in '/home/dan/MA/CJ/build/armor_detector' returned '0': CMAKE_PREFIX_PATH=/home/dan/MA/CJ/install/auto_aim_interfaces:/home/dan/MA/CJ/install/rm_vision_bringup:/home/dan/MA/CJ/install/rm_serial_driver:/home/dan/MA/CJ/install/armor_tracker:/home/dan/MA/CJ/install/armor_detector:/home/dan/Downloads/livox_driver2/install/livox_ros_driver2:/opt/ros/humble LD_LIBRARY_PATH=/home/dan/MA/CJ/install/auto_aim_interfaces/lib:/home/dan/MA/CJ/install/rm_serial_driver/lib:/home/dan/MA/CJ/install/armor_tracker/lib:/home/dan/MA/CJ/install/armor_detector/lib:/home/dan/Downloads/livox_driver2/install/livox_ros_driver2/lib:/usr/lib/x86_64-linux-gnu/gazebo-11/plugins:/opt/ros/humble/opt/rviz_ogre_vendor/lib:/opt/ros/humble/lib/x86_64-linux-gnu:/opt/ros/humble/lib /usr/bin/cmake --install /home/dan/MA/CJ/build/armor_detector
