[0.032s] Invoking command in '/home/dan/MA/CJ/build/rm_auto_aim': AMENT_PREFIX_PATH=/home/dan/MA/CJ/install/armor_tracker:/home/dan/MA/CJ/install/armor_detector:/home/dan/MA/CJ/install/auto_aim_interfaces:${AMENT_PREFIX_PATH} CMAKE_PREFIX_PATH=/home/dan/MA/CJ/install/armor_tracker:/home/dan/MA/CJ/install/armor_detector:/home/dan/MA/CJ/install/auto_aim_interfaces:/opt/ros/humble LD_LIBRARY_PATH=/home/dan/MA/CJ/install/armor_tracker/lib:/home/dan/MA/CJ/install/armor_detector/lib:/home/dan/MA/CJ/install/auto_aim_interfaces/lib:${LD_LIBRARY_PATH} PYTHONPATH=/home/dan/MA/CJ/install/auto_aim_interfaces/local/lib/python3.10/dist-packages:${PYTHONPATH} /usr/bin/cmake /home/dan/MA/CJ/src/rm_auto_aim/rm_auto_aim -DCMAKE_INSTALL_PREFIX=/home/dan/MA/CJ/install/rm_auto_aim
[0.099s] -- The C compiler identification is GNU 11.3.0
[0.162s] -- The CXX compiler identification is GNU 11.3.0
[0.169s] -- Detecting C compiler ABI info
[0.238s] -- Detecting C compiler ABI info - done
[0.247s] -- Check for working C compiler: /usr/bin/cc - skipped
[0.247s] -- Detecting C compile features
[0.247s] -- Detecting C compile features - done
[0.250s] -- Detecting CXX compiler ABI info
[0.318s] -- Detecting CXX compiler ABI info - done
[0.325s] -- Check for working CXX compiler: /usr/bin/c++ - skipped
[0.325s] -- Detecting CXX compile features
[0.325s] -- Detecting CXX compile features - done
[0.328s] -- Found ament_cmake_auto: 1.3.5 (/opt/ros/humble/share/ament_cmake_auto/cmake)
[0.482s] -- Found Python3: /usr/bin/python3.10 (found version "3.10.6") found components: Interpreter 
[0.577s] -- Found ament_lint_auto: 0.12.6 (/opt/ros/humble/share/ament_lint_auto/cmake)
[0.650s] -- Added test 'lint_cmake' to check CMake code style
[0.651s] -- Added test 'xmllint' to check XML markup files
[0.652s] -- Configuring done
[0.655s] -- Generating done
[0.655s] -- Build files have been written to: /home/dan/MA/CJ/build/rm_auto_aim
[0.659s] Invoked command in '/home/dan/MA/CJ/build/rm_auto_aim' returned '0': AMENT_PREFIX_PATH=/home/dan/MA/CJ/install/armor_tracker:/home/dan/MA/CJ/install/armor_detector:/home/dan/MA/CJ/install/auto_aim_interfaces:${AMENT_PREFIX_PATH} CMAKE_PREFIX_PATH=/home/dan/MA/CJ/install/armor_tracker:/home/dan/MA/CJ/install/armor_detector:/home/dan/MA/CJ/install/auto_aim_interfaces:/opt/ros/humble LD_LIBRARY_PATH=/home/dan/MA/CJ/install/armor_tracker/lib:/home/dan/MA/CJ/install/armor_detector/lib:/home/dan/MA/CJ/install/auto_aim_interfaces/lib:${LD_LIBRARY_PATH} PYTHONPATH=/home/dan/MA/CJ/install/auto_aim_interfaces/local/lib/python3.10/dist-packages:${PYTHONPATH} /usr/bin/cmake /home/dan/MA/CJ/src/rm_auto_aim/rm_auto_aim -DCMAKE_INSTALL_PREFIX=/home/dan/MA/CJ/install/rm_auto_aim
[0.661s] Invoking command in '/home/dan/MA/CJ/build/rm_auto_aim': AMENT_PREFIX_PATH=/home/dan/MA/CJ/install/armor_tracker:/home/dan/MA/CJ/install/armor_detector:/home/dan/MA/CJ/install/auto_aim_interfaces:${AMENT_PREFIX_PATH} CMAKE_PREFIX_PATH=/home/dan/MA/CJ/install/armor_tracker:/home/dan/MA/CJ/install/armor_detector:/home/dan/MA/CJ/install/auto_aim_interfaces:/opt/ros/humble LD_LIBRARY_PATH=/home/dan/MA/CJ/install/armor_tracker/lib:/home/dan/MA/CJ/install/armor_detector/lib:/home/dan/MA/CJ/install/auto_aim_interfaces/lib:${LD_LIBRARY_PATH} PYTHONPATH=/home/dan/MA/CJ/install/auto_aim_interfaces/local/lib/python3.10/dist-packages:${PYTHONPATH} /usr/bin/cmake --build /home/dan/MA/CJ/build/rm_auto_aim -- -j16 -l16
[0.700s] Invoked command in '/home/dan/MA/CJ/build/rm_auto_aim' returned '0': AMENT_PREFIX_PATH=/home/dan/MA/CJ/install/armor_tracker:/home/dan/MA/CJ/install/armor_detector:/home/dan/MA/CJ/install/auto_aim_interfaces:${AMENT_PREFIX_PATH} CMAKE_PREFIX_PATH=/home/dan/MA/CJ/install/armor_tracker:/home/dan/MA/CJ/install/armor_detector:/home/dan/MA/CJ/install/auto_aim_interfaces:/opt/ros/humble LD_LIBRARY_PATH=/home/dan/MA/CJ/install/armor_tracker/lib:/home/dan/MA/CJ/install/armor_detector/lib:/home/dan/MA/CJ/install/auto_aim_interfaces/lib:${LD_LIBRARY_PATH} PYTHONPATH=/home/dan/MA/CJ/install/auto_aim_interfaces/local/lib/python3.10/dist-packages:${PYTHONPATH} /usr/bin/cmake --build /home/dan/MA/CJ/build/rm_auto_aim -- -j16 -l16
[0.721s] Invoking command in '/home/dan/MA/CJ/build/rm_auto_aim': AMENT_PREFIX_PATH=/home/dan/MA/CJ/install/armor_tracker:/home/dan/MA/CJ/install/armor_detector:/home/dan/MA/CJ/install/auto_aim_interfaces:${AMENT_PREFIX_PATH} CMAKE_PREFIX_PATH=/home/dan/MA/CJ/install/armor_tracker:/home/dan/MA/CJ/install/armor_detector:/home/dan/MA/CJ/install/auto_aim_interfaces:/opt/ros/humble LD_LIBRARY_PATH=/home/dan/MA/CJ/install/armor_tracker/lib:/home/dan/MA/CJ/install/armor_detector/lib:/home/dan/MA/CJ/install/auto_aim_interfaces/lib:${LD_LIBRARY_PATH} PYTHONPATH=/home/dan/MA/CJ/install/auto_aim_interfaces/local/lib/python3.10/dist-packages:${PYTHONPATH} /usr/bin/cmake --install /home/dan/MA/CJ/build/rm_auto_aim
[0.726s] -- Install configuration: ""
[0.726s] -- Installing: /home/dan/MA/CJ/install/rm_auto_aim/share/ament_index/resource_index/package_run_dependencies/rm_auto_aim
[0.726s] -- Installing: /home/dan/MA/CJ/install/rm_auto_aim/share/ament_index/resource_index/parent_prefix_path/rm_auto_aim
[0.727s] -- Installing: /home/dan/MA/CJ/install/rm_auto_aim/share/rm_auto_aim/environment/ament_prefix_path.sh
[0.727s] -- Installing: /home/dan/MA/CJ/install/rm_auto_aim/share/rm_auto_aim/environment/ament_prefix_path.dsv
[0.727s] -- Installing: /home/dan/MA/CJ/install/rm_auto_aim/share/rm_auto_aim/environment/path.sh
[0.729s] -- Installing: /home/dan/MA/CJ/install/rm_auto_aim/share/rm_auto_aim/environment/path.dsv
[0.729s] -- Installing: /home/dan/MA/CJ/install/rm_auto_aim/share/rm_auto_aim/local_setup.bash
[0.732s] -- Installing: /home/dan/MA/CJ/install/rm_auto_aim/share/rm_auto_aim/local_setup.sh
[0.733s] -- Installing: /home/dan/MA/CJ/install/rm_auto_aim/share/rm_auto_aim/local_setup.zsh
[0.733s] -- Installing: /home/dan/MA/CJ/install/rm_auto_aim/share/rm_auto_aim/local_setup.dsv
[0.733s] -- Installing: /home/dan/MA/CJ/install/rm_auto_aim/share/rm_auto_aim/package.dsv
[0.733s] -- Installing: /home/dan/MA/CJ/install/rm_auto_aim/share/ament_index/resource_index/packages/rm_auto_aim
[0.733s] -- Installing: /home/dan/MA/CJ/install/rm_auto_aim/share/rm_auto_aim/cmake/rm_auto_aimConfig.cmake
[0.733s] -- Installing: /home/dan/MA/CJ/install/rm_auto_aim/share/rm_auto_aim/cmake/rm_auto_aimConfig-version.cmake
[0.733s] -- Installing: /home/dan/MA/CJ/install/rm_auto_aim/share/rm_auto_aim/package.xml
[0.733s] Invoked command in '/home/dan/MA/CJ/build/rm_auto_aim' returned '0': AMENT_PREFIX_PATH=/home/dan/MA/CJ/install/armor_tracker:/home/dan/MA/CJ/install/armor_detector:/home/dan/MA/CJ/install/auto_aim_interfaces:${AMENT_PREFIX_PATH} CMAKE_PREFIX_PATH=/home/dan/MA/CJ/install/armor_tracker:/home/dan/MA/CJ/install/armor_detector:/home/dan/MA/CJ/install/auto_aim_interfaces:/opt/ros/humble LD_LIBRARY_PATH=/home/dan/MA/CJ/install/armor_tracker/lib:/home/dan/MA/CJ/install/armor_detector/lib:/home/dan/MA/CJ/install/auto_aim_interfaces/lib:${LD_LIBRARY_PATH} PYTHONPATH=/home/dan/MA/CJ/install/auto_aim_interfaces/local/lib/python3.10/dist-packages:${PYTHONPATH} /usr/bin/cmake --install /home/dan/MA/CJ/build/rm_auto_aim
